<?xml version="1.0" encoding="UTF-8"?>
<!-- Generated by org.testng.reporters.JUnitXMLReporter -->
<testsuite ignored="0" hostname="Testings-iMac.local" failures="0" tests="2" name="Default test" time="270.178" errors="0" timestamp="2023-10-13T15:35:00 IST">
  <testcase classname="Alert_Verify_TestCases.ALert_Verify_TestMethods" name="Alert_Active" time="128.245"/>
  <testcase classname="Alert_Verify_TestCases.ALert_Verify_TestMethods" name="Alert_Close" time="126.551"/>
</testsuite> <!-- Default test -->
