<?xml version="1.0" encoding="UTF-8"?>
<!-- Generated by org.testng.reporters.JUnitXMLReporter -->
<testsuite ignored="15" hostname="Rafeeks-MacBook-Air.local" failures="0" tests="1" name="Default test" time="26.966" errors="0" timestamp="2023-11-16T19:47:30 IST">
  <testcase classname="FormTest.FormTest" name="createMqttbroker" time="11.255"/>
  <testcase classname="FormTest.FormTest" name="addProblemBtn" time="0.0">
    <ignored/>
  </testcase> <!-- addProblemBtn -->
  <testcase classname="FormTest.FormTest" name="addRole" time="0.0">
    <ignored/>
  </testcase> <!-- addRole -->
  <testcase classname="FormTest.FormTest" name="addModel" time="0.0">
    <ignored/>
  </testcase> <!-- addModel -->
  <testcase classname="FormTest.FormTest" name="addManufacture" time="0.0">
    <ignored/>
  </testcase> <!-- addManufacture -->
  <testcase classname="FormTest.FormTest" name="addLocationType" time="0.0">
    <ignored/>
  </testcase> <!-- addLocationType -->
  <testcase classname="FormTest.FormTest" name="addDepartment" time="0.0">
    <ignored/>
  </testcase> <!-- addDepartment -->
  <testcase classname="FormTest.FormTest" name="addPriority" time="0.0">
    <ignored/>
  </testcase> <!-- addPriority -->
  <testcase classname="FormTest.FormTest" name="createFormParameter" time="0.0">
    <ignored/>
  </testcase> <!-- createFormParameter -->
  <testcase classname="FormTest.FormTest" name="addVendorCompany" time="0.0">
    <ignored/>
  </testcase> <!-- addVendorCompany -->
  <testcase classname="FormTest.FormTest" name="createFormType" time="0.0">
    <ignored/>
  </testcase> <!-- createFormType -->
  <testcase classname="FormTest.FormTest" name="addLocation" time="0.0">
    <ignored/>
  </testcase> <!-- addLocation -->
  <testcase classname="FormTest.FormTest" name="addSubDepartment" time="0.0">
    <ignored/>
  </testcase> <!-- addSubDepartment -->
  <testcase classname="FormTest.FormTest" name="addUser" time="0.0">
    <ignored/>
  </testcase> <!-- addUser -->
  <testcase classname="FormTest.FormTest" name="addAssetMap" time="0.0">
    <ignored/>
  </testcase> <!-- addAssetMap -->
  <testcase classname="FormTest.FormTest" name="addAsset" time="0.0">
    <ignored/>
  </testcase> <!-- addAsset -->
</testsuite> <!-- Default test -->
