<?xml version="1.0" encoding="UTF-8"?>
<testng-results ignored="15" total="16" passed="1" failed="0" skipped="0">
  <reporter-output>
    <line>
      <![CDATA[launching browser successful=====]]>
    </line>
    <line>
      <![CDATA[login successful]]>
    </line>
    <line>
      <![CDATA[mqtt broker added successfully]]>
    </line>
    <line>
      <![CDATA[logout successful]]>
    </line>
    <line>
      <![CDATA[closed browser successfully]]>
    </line>
  </reporter-output>
  <suite started-at="2023-11-16T19:47:03 IST" name="Default suite" finished-at="2023-11-16T19:47:30 IST" duration-ms="26966">
    <groups>
    </groups>
    <test started-at="2023-11-16T19:47:03 IST" name="Default test" finished-at="2023-11-16T19:47:30 IST" duration-ms="26966">
      <class name="FormTest.FormTest">
        <test-method is-config="true" signature="launchBrowser()[pri:0, instance:FormTest.FormTest@909217e]" started-at="2023-11-16T19:47:03 IST" name="launchBrowser" finished-at="2023-11-16T19:47:17 IST" duration-ms="13532" status="PASS">
          <reporter-output>
            <line>
              <![CDATA[launching browser successful=====]]>
            </line>
          </reporter-output>
        </test-method> <!-- launchBrowser -->
        <test-method is-config="true" signature="login()[pri:0, instance:FormTest.FormTest@909217e]" started-at="2023-11-16T19:47:17 IST" name="login" finished-at="2023-11-16T19:47:17 IST" duration-ms="658" status="PASS">
          <reporter-output>
            <line>
              <![CDATA[login successful]]>
            </line>
          </reporter-output>
        </test-method> <!-- login -->
        <test-method signature="createMqttbroker()[pri:1, instance:FormTest.FormTest@909217e]" started-at="2023-11-16T19:47:17 IST" name="createMqttbroker" finished-at="2023-11-16T19:47:29 IST" duration-ms="11255" status="PASS">
          <reporter-output>
            <line>
              <![CDATA[mqtt broker added successfully]]>
            </line>
          </reporter-output>
        </test-method> <!-- createMqttbroker -->
        <test-method is-config="true" signature="logout()[pri:0, instance:FormTest.FormTest@909217e]" started-at="2023-11-16T19:47:29 IST" name="logout" finished-at="2023-11-16T19:47:30 IST" duration-ms="1226" status="PASS">
          <reporter-output>
            <line>
              <![CDATA[logout successful]]>
            </line>
          </reporter-output>
        </test-method> <!-- logout -->
        <test-method is-config="true" signature="closebrowser()[pri:0, instance:FormTest.FormTest@909217e]" started-at="2023-11-16T19:47:30 IST" name="closebrowser" finished-at="2023-11-16T19:47:30 IST" duration-ms="232" status="PASS">
          <reporter-output>
            <line>
              <![CDATA[closed browser successfully]]>
            </line>
          </reporter-output>
        </test-method> <!-- closebrowser -->
      </class> <!-- FormTest.FormTest -->
    </test> <!-- Default test -->
  </suite> <!-- Default suite -->
</testng-results>
