<?xml version="1.0" encoding="UTF-8"?>
<testng-results ignored="11" total="12" passed="1" failed="0" skipped="0">
  <reporter-output>
    <line>
      <![CDATA[launching browser successful=====]]>
    </line>
    <line>
      <![CDATA[login successful]]>
    </line>
    <line>
      <![CDATA[ new user added successfully]]>
    </line>
    <line>
      <![CDATA[logout successful]]>
    </line>
    <line>
      <![CDATA[closed browser successfully]]>
    </line>
  </reporter-output>
  <suite started-at="2023-05-16T16:32:30 IST" name="Default suite" finished-at="2023-05-16T16:33:19 IST" duration-ms="48896">
    <groups>
    </groups>
    <test started-at="2023-05-16T16:32:30 IST" name="Default test" finished-at="2023-05-16T16:33:19 IST" duration-ms="48896">
      <class name="FormTest.FormTest">
        <test-method is-config="true" signature="launchBrowser()[pri:0, instance:FormTest.FormTest@71ba6d4e]" started-at="2023-05-16T16:32:30 IST" name="launchBrowser" finished-at="2023-05-16T16:32:36 IST" duration-ms="6251" status="PASS">
          <reporter-output>
            <line>
              <![CDATA[launching browser successful=====]]>
            </line>
          </reporter-output>
        </test-method> <!-- launchBrowser -->
        <test-method is-config="true" signature="login()[pri:0, instance:FormTest.FormTest@71ba6d4e]" started-at="2023-05-16T16:32:36 IST" name="login" finished-at="2023-05-16T16:32:37 IST" duration-ms="649" status="PASS">
          <reporter-output>
            <line>
              <![CDATA[login successful]]>
            </line>
          </reporter-output>
        </test-method> <!-- login -->
        <test-method signature="addAsset()[pri:0, instance:FormTest.FormTest@71ba6d4e]" started-at="2023-05-16T16:32:37 IST" name="addAsset" finished-at="2023-05-16T16:33:17 IST" duration-ms="40470" status="PASS">
          <reporter-output>
            <line>
              <![CDATA[ new user added successfully]]>
            </line>
          </reporter-output>
        </test-method> <!-- addAsset -->
        <test-method is-config="true" signature="logout()[pri:0, instance:FormTest.FormTest@71ba6d4e]" started-at="2023-05-16T16:33:17 IST" name="logout" finished-at="2023-05-16T16:33:18 IST" duration-ms="1323" status="PASS">
          <reporter-output>
            <line>
              <![CDATA[logout successful]]>
            </line>
          </reporter-output>
        </test-method> <!-- logout -->
        <test-method is-config="true" signature="closebrowser()[pri:0, instance:FormTest.FormTest@71ba6d4e]" started-at="2023-05-16T16:33:18 IST" name="closebrowser" finished-at="2023-05-16T16:33:19 IST" duration-ms="149" status="PASS">
          <reporter-output>
            <line>
              <![CDATA[closed browser successfully]]>
            </line>
          </reporter-output>
        </test-method> <!-- closebrowser -->
      </class> <!-- FormTest.FormTest -->
    </test> <!-- Default test -->
  </suite> <!-- Default suite -->
</testng-results>
