<?xml version="1.0" encoding="UTF-8"?>
<!-- Generated by org.testng.reporters.JUnitXMLReporter -->
<testsuite ignored="0" hostname="Rafeeks-MacBook-Air.local" failures="0" tests="1" name="Default test" time="27.143" errors="0" timestamp="2023-10-30T11:51:33 IST">
  <testcase classname="GenericLibrary.BaseClass" name="@AfterMethod logout" time="1.217">
    <failure type="java.lang.StackOverflowError">
      <![CDATA[java.lang.StackOverflowError
at java.base/java.lang.StringBuilder.append(StringBuilder.java:209)
at java.base/java.lang.StringBuilder.append(StringBuilder.java:91)
at java.base/java.util.Formatter$FormatSpecifier.appendJustified(Formatter.java:3093)
at java.base/java.util.Formatter$FormatSpecifier.print(Formatter.java:3083)
at java.base/java.util.Formatter$FormatSpecifier.printString(Formatter.java:3056)
at java.base/java.util.Formatter$FormatSpecifier.print(Formatter.java:2933)
at java.base/java.util.Formatter.format(Formatter.java:2689)
at java.base/java.util.Formatter.format(Formatter.java:2625)
at java.base/java.lang.String.format(String.java:4143)
at org.openqa.selenium.By$PreW3CLocator.<init>(By.java:425)
at org.openqa.selenium.By$PreW3CLocator.<init>(By.java:417)
at org.openqa.selenium.By$ById.<init>(By.java:187)
at org.openqa.selenium.By.id(By.java:49)
at org.openqa.selenium.support.AbstractFindByBuilder.buildByFromShortFindBy(AbstractFindByBuilder.java:50)
at org.openqa.selenium.support.FindBy$FindByBuilder.buildIt(FindBy.java:83)
at org.openqa.selenium.support.pagefactory.Annotations.buildBy(Annotations.java:82)
at org.openqa.selenium.support.pagefactory.DefaultElementLocator.<init>(DefaultElementLocator.java:58)
at org.openqa.selenium.support.pagefactory.DefaultElementLocator.<init>(DefaultElementLocator.java:46)
at org.openqa.selenium.support.pagefactory.DefaultElementLocatorFactory.createLocator(DefaultElementLocatorFactory.java:32)
at org.openqa.selenium.support.pagefactory.DefaultFieldDecorator.decorate(DefaultFieldDecorator.java:55)
at org.openqa.selenium.support.PageFactory.proxyFields(PageFactory.java:109)
at org.openqa.selenium.support.PageFactory.initElements(PageFactory.java:101)
at org.openqa.selenium.support.PageFactory.initElements(PageFactory.java:88)
at org.openqa.selenium.support.PageFactory.initElements(PageFactory.java:76)
at objectRepository.LoginPage.<init>(LoginPage.java:22)
at GenericLibrary.BaseClass.<init>(BaseClass.java:25)
at objectRepository.HomePage.<init>(HomePage.java:41)
at GenericLibrary.BaseClass.logout(BaseClass.java:82)
at GenericLibrary.BaseClass.logout(BaseClass.java:83)
at GenericLibrary.BaseClass.logout(BaseClass.java:83)
at GenericLibrary.BaseClass.logout(BaseClass.java:83)
at GenericLibrary.BaseClass.logout(BaseClass.java:83)
at GenericLibrary.BaseClass.logout(BaseClass.java:83)
at GenericLibrary.BaseClass.logout(BaseClass.java:83)
at GenericLibrary.BaseClass.logout(BaseClass.java:83)
at GenericLibrary.BaseClass.logout(BaseClass.java:83)
at GenericLibrary.BaseClass.logout(BaseClass.java:83)
at GenericLibrary.BaseClass.logout(BaseClass.java:83)
at GenericLibrary.BaseClass.logout(BaseClass.java:83)
at GenericLibrary.BaseClass.logout(BaseClass.java:83)
at GenericLibrary.BaseClass.logout(BaseClass.java:83)
at GenericLibrary.BaseClass.logout(BaseClass.java:83)
at GenericLibrary.BaseClass.logout(BaseClass.java:83)
at GenericLibrary.BaseClass.logout(BaseClass.java:83)
at GenericLibrary.BaseClass.logout(BaseClass.java:83)
at GenericLibrary.BaseClass.logout(BaseClass.java:83)
at GenericLibrary.BaseClass.logout(BaseClass.java:83)
at GenericLibrary.BaseClass.logout(BaseClass.java:83)
at GenericLibrary.BaseClass.logout(BaseClass.java:83)
at GenericLibrary.BaseClass.logout(BaseClass.java:83)
at GenericLibrary.BaseClass.logout(BaseClass.java:83)
at GenericLibrary.BaseClass.logout(BaseClass.java:83)
at GenericLibrary.BaseClass.logout(BaseClass.java:83)
at GenericLibrary.BaseClass.logout(BaseClass.java:83)
at GenericLibrary.BaseClass.logout(BaseClass.java:83)
at GenericLibrary.BaseClass.logout(BaseClass.java:83)
at GenericLibrary.BaseClass.logout(BaseClass.java:83)
at GenericLibrary.BaseClass.logout(BaseClass.java:83)
at GenericLibrary.BaseClass.logout(BaseClass.java:83)
at GenericLibrary.BaseClass.logout(BaseClass.java:83)
at GenericLibrary.BaseClass.logout(BaseClass.java:83)
at GenericLibrary.BaseClass.logout(BaseClass.java:83)
at GenericLibrary.BaseClass.logout(BaseClass.java:83)
at GenericLibrary.BaseClass.logout(BaseClass.java:83)
at GenericLibrary.BaseClass.logout(BaseClass.java:83)
at GenericLibrary.BaseClass.logout(BaseClass.java:83)
at GenericLibrary.BaseClass.logout(BaseClass.java:83)
at GenericLibrary.BaseClass.logout(BaseClass.java:83)
at GenericLibrary.BaseClass.logout(BaseClass.java:83)
at GenericLibrary.BaseClass.logout(BaseClass.java:83)
at GenericLibrary.BaseClass.logout(BaseClass.java:83)
at GenericLibrary.BaseClass.logout(BaseClass.java:83)
at GenericLibrary.BaseClass.logout(BaseClass.java:83)
at GenericLibrary.BaseClass.logout(BaseClass.java:83)
at GenericLibrary.BaseClass.logout(BaseClass.java:83)
at GenericLibrary.BaseClass.logout(BaseClass.java:83)
at GenericLibrary.BaseClass.logout(BaseClass.java:83)
at GenericLibrary.BaseClass.logout(BaseClass.java:83)
at GenericLibrary.BaseClass.logout(BaseClass.java:83)
at GenericLibrary.BaseClass.logout(BaseClass.java:83)
at GenericLibrary.BaseClass.logout(BaseClass.java:83)
at GenericLibrary.BaseClass.logout(BaseClass.java:83)
at GenericLibrary.BaseClass.logout(BaseClass.java:83)
at GenericLibrary.BaseClass.logout(BaseClass.java:83)
at GenericLibrary.BaseClass.logout(BaseClass.java:83)
at GenericLibrary.BaseClass.logout(BaseClass.java:83)
at GenericLibrary.BaseClass.logout(BaseClass.java:83)
at GenericLibrary.BaseClass.logout(BaseClass.java:83)
at GenericLibrary.BaseClass.logout(BaseClass.java:83)
at GenericLibrary.BaseClass.logout(BaseClass.java:83)
at GenericLibrary.BaseClass.logout(BaseClass.java:83)
at GenericLibrary.BaseClass.logout(BaseClass.java:83)
at GenericLibrary.BaseClass.logout(BaseClass.java:83)
at GenericLibrary.BaseClass.logout(BaseClass.java:83)
at GenericLibrary.BaseClass.logout(BaseClass.java:83)
at GenericLibrary.BaseClass.logout(BaseClass.java:83)
at GenericLibrary.BaseClass.logout(BaseClass.java:83)
at GenericLibrary.BaseClass.logout(BaseClass.java:83)
at GenericLibrary.BaseClass.logout(BaseClass.java:83)
at GenericLibrary.BaseClass.logout(BaseClass.java:83)
at GenericLibrary.BaseClass.logout(BaseClass.java:83)
at GenericLibrary.BaseClass.logout(BaseClass.java:83)
at GenericLibrary.BaseClass.logout(BaseClass.java:83)
at GenericLibrary.BaseClass.logout(BaseClass.java:83)
at GenericLibrary.BaseClass.logout(BaseClass.java:83)
at GenericLibrary.BaseClass.logout(BaseClass.java:83)
at GenericLibrary.BaseClass.logout(BaseClass.java:83)
at GenericLibrary.BaseClass.logout(BaseClass.java:83)
at GenericLibrary.BaseClass.logout(BaseClass.java:83)
at GenericLibrary.BaseClass.logout(BaseClass.java:83)
at GenericLibrary.BaseClass.logout(BaseClass.java:83)
at GenericLibrary.BaseClass.logout(BaseClass.java:83)
at GenericLibrary.BaseClass.logout(BaseClass.java:83)
at GenericLibrary.BaseClass.logout(BaseClass.java:83)
at GenericLibrary.BaseClass.logout(BaseClass.java:83)
at GenericLibrary.BaseClass.logout(BaseClass.java:83)
at GenericLibrary.BaseClass.logout(BaseClass.java:83)
at GenericLibrary.BaseClass.logout(BaseClass.java:83)
at GenericLibrary.BaseClass.logout(BaseClass.java:83)
at GenericLibrary.BaseClass.logout(BaseClass.java:83)
at GenericLibrary.BaseClass.logout(BaseClass.java:83)
at GenericLibrary.BaseClass.logout(BaseClass.java:83)
at GenericLibrary.BaseClass.logout(BaseClass.java:83)
at GenericLibrary.BaseClass.logout(BaseClass.java:83)
at GenericLibrary.BaseClass.logout(BaseClass.java:83)
at GenericLibrary.BaseClass.logout(BaseClass.java:83)
at GenericLibrary.BaseClass.logout(BaseClass.java:83)
at GenericLibrary.BaseClass.logout(BaseClass.java:83)
at GenericLibrary.BaseClass.logout(BaseClass.java:83)
at GenericLibrary.BaseClass.logout(BaseClass.java:83)
at GenericLibrary.BaseClass.logout(BaseClass.java:83)
at GenericLibrary.BaseClass.logout(BaseClass.java:83)
at GenericLibrary.BaseClass.logout(BaseClass.java:83)
at GenericLibrary.BaseClass.logout(BaseClass.java:83)
at GenericLibrary.BaseClass.logout(BaseClass.java:83)
at GenericLibrary.BaseClass.logout(BaseClass.java:83)
at GenericLibrary.BaseClass.logout(BaseClass.java:83)
at GenericLibrary.BaseClass.logout(BaseClass.java:83)
at GenericLibrary.BaseClass.logout(BaseClass.java:83)
at GenericLibrary.BaseClass.logout(BaseClass.java:83)
at GenericLibrary.BaseClass.logout(BaseClass.java:83)
at GenericLibrary.BaseClass.logout(BaseClass.java:83)
at GenericLibrary.BaseClass.logout(BaseClass.java:83)
at GenericLibrary.BaseClass.logout(BaseClass.java:83)
at GenericLibrary.BaseClass.logout(BaseClass.java:83)
at GenericLibrary.BaseClass.logout(BaseClass.java:83)
at GenericLibrary.BaseClass.logout(BaseClass.java:83)
at GenericLibrary.BaseClass.logout(BaseClass.java:83)
at GenericLibrary.BaseClass.logout(BaseClass.java:83)
at GenericLibrary.BaseClass.logout(BaseClass.java:83)
at GenericLibrary.BaseClass.logout(BaseClass.java:83)
at GenericLibrary.BaseClass.logout(BaseClass.java:83)
at GenericLibrary.BaseClass.logout(BaseClass.java:83)
at GenericLibrary.BaseClass.logout(BaseClass.java:83)
at GenericLibrary.BaseClass.logout(BaseClass.java:83)
at GenericLibrary.BaseClass.logout(BaseClass.java:83)
at GenericLibrary.BaseClass.logout(BaseClass.java:83)
at GenericLibrary.BaseClass.logout(BaseClass.java:83)
at GenericLibrary.BaseClass.logout(BaseClass.java:83)
at GenericLibrary.BaseClass.logout(BaseClass.java:83)
at GenericLibrary.BaseClass.logout(BaseClass.java:83)
at GenericLibrary.BaseClass.logout(BaseClass.java:83)
at GenericLibrary.BaseClass.logout(BaseClass.java:83)
at GenericLibrary.BaseClass.logout(BaseClass.java:83)
at GenericLibrary.BaseClass.logout(BaseClass.java:83)
at GenericLibrary.BaseClass.logout(BaseClass.java:83)
at GenericLibrary.BaseClass.logout(BaseClass.java:83)
at GenericLibrary.BaseClass.logout(BaseClass.java:83)
at GenericLibrary.BaseClass.logout(BaseClass.java:83)
at GenericLibrary.BaseClass.logout(BaseClass.java:83)
at GenericLibrary.BaseClass.logout(BaseClass.java:83)
at GenericLibrary.BaseClass.logout(BaseClass.java:83)
at GenericLibrary.BaseClass.logout(BaseClass.java:83)
at GenericLibrary.BaseClass.logout(BaseClass.java:83)
at GenericLibrary.BaseClass.logout(BaseClass.java:83)
at GenericLibrary.BaseClass.logout(BaseClass.java:83)
at GenericLibrary.BaseClass.logout(BaseClass.java:83)
at GenericLibrary.BaseClass.logout(BaseClass.java:83)
at GenericLibrary.BaseClass.logout(BaseClass.java:83)
at GenericLibrary.BaseClass.logout(BaseClass.java:83)
at GenericLibrary.BaseClass.logout(BaseClass.java:83)
at GenericLibrary.BaseClass.logout(BaseClass.java:83)
at GenericLibrary.BaseClass.logout(BaseClass.java:83)
at GenericLibrary.BaseClass.logout(BaseClass.java:83)
at GenericLibrary.BaseClass.logout(BaseClass.java:83)
at GenericLibrary.BaseClass.logout(BaseClass.java:83)
at GenericLibrary.BaseClass.logout(BaseClass.java:83)
at GenericLibrary.BaseClass.logout(BaseClass.java:83)
at GenericLibrary.BaseClass.logout(BaseClass.java:83)
at GenericLibrary.BaseClass.logout(BaseClass.java:83)
at GenericLibrary.BaseClass.logout(BaseClass.java:83)
at GenericLibrary.BaseClass.logout(BaseClass.java:83)
at GenericLibrary.BaseClass.logout(BaseClass.java:83)
at GenericLibrary.BaseClass.logout(BaseClass.java:83)
at GenericLibrary.BaseClass.logout(BaseClass.java:83)
at GenericLibrary.BaseClass.logout(BaseClass.java:83)
at GenericLibrary.BaseClass.logout(BaseClass.java:83)
at GenericLibrary.BaseClass.logout(BaseClass.java:83)
at GenericLibrary.BaseClass.logout(BaseClass.java:83)
at GenericLibrary.BaseClass.logout(BaseClass.java:83)
at GenericLibrary.BaseClass.logout(BaseClass.java:83)
at GenericLibrary.BaseClass.logout(BaseClass.java:83)
at GenericLibrary.BaseClass.logout(BaseClass.java:83)
at GenericLibrary.BaseClass.logout(BaseClass.java:83)
at GenericLibrary.BaseClass.logout(BaseClass.java:83)
at GenericLibrary.BaseClass.logout(BaseClass.java:83)
at GenericLibrary.BaseClass.logout(BaseClass.java:83)
at GenericLibrary.BaseClass.logout(BaseClass.java:83)
at GenericLibrary.BaseClass.logout(BaseClass.java:83)
at GenericLibrary.BaseClass.logout(BaseClass.java:83)
at GenericLibrary.BaseClass.logout(BaseClass.java:83)
at GenericLibrary.BaseClass.logout(BaseClass.java:83)
at GenericLibrary.BaseClass.logout(BaseClass.java:83)
at GenericLibrary.BaseClass.logout(BaseClass.java:83)
at GenericLibrary.BaseClass.logout(BaseClass.java:83)
at GenericLibrary.BaseClass.logout(BaseClass.java:83)
at GenericLibrary.BaseClass.logout(BaseClass.java:83)
at GenericLibrary.BaseClass.logout(BaseClass.java:83)
at GenericLibrary.BaseClass.logout(BaseClass.java:83)
at GenericLibrary.BaseClass.logout(BaseClass.java:83)
at GenericLibrary.BaseClass.logout(BaseClass.java:83)
at GenericLibrary.BaseClass.logout(BaseClass.java:83)
at GenericLibrary.BaseClass.logout(BaseClass.java:83)
at GenericLibrary.BaseClass.logout(BaseClass.java:83)
at GenericLibrary.BaseClass.logout(BaseClass.java:83)
at GenericLibrary.BaseClass.logout(BaseClass.java:83)
at GenericLibrary.BaseClass.logout(BaseClass.java:83)
at GenericLibrary.BaseClass.logout(BaseClass.java:83)
at GenericLibrary.BaseClass.logout(BaseClass.java:83)
at GenericLibrary.BaseClass.logout(BaseClass.java:83)
at GenericLibrary.BaseClass.logout(BaseClass.java:83)
at GenericLibrary.BaseClass.logout(BaseClass.java:83)
at GenericLibrary.BaseClass.logout(BaseClass.java:83)
at GenericLibrary.BaseClass.logout(BaseClass.java:83)
at GenericLibrary.BaseClass.logout(BaseClass.java:83)
at GenericLibrary.BaseClass.logout(BaseClass.java:83)
at GenericLibrary.BaseClass.logout(BaseClass.java:83)
at GenericLibrary.BaseClass.logout(BaseClass.java:83)
at GenericLibrary.BaseClass.logout(BaseClass.java:83)
at GenericLibrary.BaseClass.logout(BaseClass.java:83)
at GenericLibrary.BaseClass.logout(BaseClass.java:83)
at GenericLibrary.BaseClass.logout(BaseClass.java:83)
at GenericLibrary.BaseClass.logout(BaseClass.java:83)
at GenericLibrary.BaseClass.logout(BaseClass.java:83)
at GenericLibrary.BaseClass.logout(BaseClass.java:83)
at GenericLibrary.BaseClass.logout(BaseClass.java:83)
at GenericLibrary.BaseClass.logout(BaseClass.java:83)
at GenericLibrary.BaseClass.logout(BaseClass.java:83)
at GenericLibrary.BaseClass.logout(BaseClass.java:83)
at GenericLibrary.BaseClass.logout(BaseClass.java:83)
at GenericLibrary.BaseClass.logout(BaseClass.java:83)
at GenericLibrary.BaseClass.logout(BaseClass.java:83)
at GenericLibrary.BaseClass.logout(BaseClass.java:83)
at GenericLibrary.BaseClass.logout(BaseClass.java:83)
at GenericLibrary.BaseClass.logout(BaseClass.java:83)
at GenericLibrary.BaseClass.logout(BaseClass.java:83)
at GenericLibrary.BaseClass.logout(BaseClass.java:83)
at GenericLibrary.BaseClass.logout(BaseClass.java:83)
at GenericLibrary.BaseClass.logout(BaseClass.java:83)
at GenericLibrary.BaseClass.logout(BaseClass.java:83)
at GenericLibrary.BaseClass.logout(BaseClass.java:83)
at GenericLibrary.BaseClass.logout(BaseClass.java:83)
at GenericLibrary.BaseClass.logout(BaseClass.java:83)
at GenericLibrary.BaseClass.logout(BaseClass.java:83)
at GenericLibrary.BaseClass.logout(BaseClass.java:83)
at GenericLibrary.BaseClass.logout(BaseClass.java:83)
at GenericLibrary.BaseClass.logout(BaseClass.java:83)
at GenericLibrary.BaseClass.logout(BaseClass.java:83)
at GenericLibrary.BaseClass.logout(BaseClass.java:83)
at GenericLibrary.BaseClass.logout(BaseClass.java:83)
at GenericLibrary.BaseClass.logout(BaseClass.java:83)
at GenericLibrary.BaseClass.logout(BaseClass.java:83)
at GenericLibrary.BaseClass.logout(BaseClass.java:83)
at GenericLibrary.BaseClass.logout(BaseClass.java:83)
at GenericLibrary.BaseClass.logout(BaseClass.java:83)
at GenericLibrary.BaseClass.logout(BaseClass.java:83)
at GenericLibrary.BaseClass.logout(BaseClass.java:83)
at GenericLibrary.BaseClass.logout(BaseClass.java:83)
at GenericLibrary.BaseClass.logout(BaseClass.java:83)
at GenericLibrary.BaseClass.logout(BaseClass.java:83)
at GenericLibrary.BaseClass.logout(BaseClass.java:83)
at GenericLibrary.BaseClass.logout(BaseClass.java:83)
at GenericLibrary.BaseClass.logout(BaseClass.java:83)
at GenericLibrary.BaseClass.logout(BaseClass.java:83)
at GenericLibrary.BaseClass.logout(BaseClass.java:83)
at GenericLibrary.BaseClass.logout(BaseClass.java:83)
at GenericLibrary.BaseClass.logout(BaseClass.java:83)
at GenericLibrary.BaseClass.logout(BaseClass.java:83)
at GenericLibrary.BaseClass.logout(BaseClass.java:83)
at GenericLibrary.BaseClass.logout(BaseClass.java:83)
at GenericLibrary.BaseClass.logout(BaseClass.java:83)
at GenericLibrary.BaseClass.logout(BaseClass.java:83)
at GenericLibrary.BaseClass.logout(BaseClass.java:83)
at GenericLibrary.BaseClass.logout(BaseClass.java:83)
at GenericLibrary.BaseClass.logout(BaseClass.java:83)
at GenericLibrary.BaseClass.logout(BaseClass.java:83)
at GenericLibrary.BaseClass.logout(BaseClass.java:83)
at GenericLibrary.BaseClass.logout(BaseClass.java:83)
at GenericLibrary.BaseClass.logout(BaseClass.java:83)
at GenericLibrary.BaseClass.logout(BaseClass.java:83)
at GenericLibrary.BaseClass.logout(BaseClass.java:83)
at GenericLibrary.BaseClass.logout(BaseClass.java:83)
at GenericLibrary.BaseClass.logout(BaseClass.java:83)
at GenericLibrary.BaseClass.logout(BaseClass.java:83)
at GenericLibrary.BaseClass.logout(BaseClass.java:83)
at GenericLibrary.BaseClass.logout(BaseClass.java:83)
at GenericLibrary.BaseClass.logout(BaseClass.java:83)
at GenericLibrary.BaseClass.logout(BaseClass.java:83)
at GenericLibrary.BaseClass.logout(BaseClass.java:83)
at GenericLibrary.BaseClass.logout(BaseClass.java:83)
at GenericLibrary.BaseClass.logout(BaseClass.java:83)
at GenericLibrary.BaseClass.logout(BaseClass.java:83)
at GenericLibrary.BaseClass.logout(BaseClass.java:83)
at GenericLibrary.BaseClass.logout(BaseClass.java:83)
at GenericLibrary.BaseClass.logout(BaseClass.java:83)
at GenericLibrary.BaseClass.logout(BaseClass.java:83)
at GenericLibrary.BaseClass.logout(BaseClass.java:83)
at GenericLibrary.BaseClass.logout(BaseClass.java:83)
at GenericLibrary.BaseClass.logout(BaseClass.java:83)
at GenericLibrary.BaseClass.logout(BaseClass.java:83)
at GenericLibrary.BaseClass.logout(BaseClass.java:83)
at GenericLibrary.BaseClass.logout(BaseClass.java:83)
at GenericLibrary.BaseClass.logout(BaseClass.java:83)
at GenericLibrary.BaseClass.logout(BaseClass.java:83)
at GenericLibrary.BaseClass.logout(BaseClass.java:83)
at GenericLibrary.BaseClass.logout(BaseClass.java:83)
at GenericLibrary.BaseClass.logout(BaseClass.java:83)
at GenericLibrary.BaseClass.logout(BaseClass.java:83)
at GenericLibrary.BaseClass.logout(BaseClass.java:83)
at GenericLibrary.BaseClass.logout(BaseClass.java:83)
at GenericLibrary.BaseClass.logout(BaseClass.java:83)
at GenericLibrary.BaseClass.logout(BaseClass.java:83)
at GenericLibrary.BaseClass.logout(BaseClass.java:83)
at GenericLibrary.BaseClass.logout(BaseClass.java:83)
at GenericLibrary.BaseClass.logout(BaseClass.java:83)
at GenericLibrary.BaseClass.logout(BaseClass.java:83)
at GenericLibrary.BaseClass.logout(BaseClass.java:83)
at GenericLibrary.BaseClass.logout(BaseClass.java:83)
at GenericLibrary.BaseClass.logout(BaseClass.java:83)
at GenericLibrary.BaseClass.logout(BaseClass.java:83)
at GenericLibrary.BaseClass.logout(BaseClass.java:83)
at GenericLibrary.BaseClass.logout(BaseClass.java:83)
at GenericLibrary.BaseClass.logout(BaseClass.java:83)
at GenericLibrary.BaseClass.logout(BaseClass.java:83)
at GenericLibrary.BaseClass.logout(BaseClass.java:83)
at GenericLibrary.BaseClass.logout(BaseClass.java:83)
at GenericLibrary.BaseClass.logout(BaseClass.java:83)
at GenericLibrary.BaseClass.logout(BaseClass.java:83)
at GenericLibrary.BaseClass.logout(BaseClass.java:83)
at GenericLibrary.BaseClass.logout(BaseClass.java:83)
at GenericLibrary.BaseClass.logout(BaseClass.java:83)
at GenericLibrary.BaseClass.logout(BaseClass.java:83)
at GenericLibrary.BaseClass.logout(BaseClass.java:83)
at GenericLibrary.BaseClass.logout(BaseClass.java:83)
at GenericLibrary.BaseClass.logout(BaseClass.java:83)
at GenericLibrary.BaseClass.logout(BaseClass.java:83)
at GenericLibrary.BaseClass.logout(BaseClass.java:83)
at GenericLibrary.BaseClass.logout(BaseClass.java:83)
at GenericLibrary.BaseClass.logout(BaseClass.java:83)
at GenericLibrary.BaseClass.logout(BaseClass.java:83)
at GenericLibrary.BaseClass.logout(BaseClass.java:83)
at GenericLibrary.BaseClass.logout(BaseClass.java:83)
at GenericLibrary.BaseClass.logout(BaseClass.java:83)
at GenericLibrary.BaseClass.logout(BaseClass.java:83)
at GenericLibrary.BaseClass.logout(BaseClass.java:83)
at GenericLibrary.BaseClass.logout(BaseClass.java:83)
at GenericLibrary.BaseClass.logout(BaseClass.java:83)
at GenericLibrary.BaseClass.logout(BaseClass.java:83)
at GenericLibrary.BaseClass.logout(BaseClass.java:83)
at GenericLibrary.BaseClass.logout(BaseClass.java:83)
at GenericLibrary.BaseClass.logout(BaseClass.java:83)
at GenericLibrary.BaseClass.logout(BaseClass.java:83)
at GenericLibrary.BaseClass.logout(BaseClass.java:83)
at GenericLibrary.BaseClass.logout(BaseClass.java:83)
at GenericLibrary.BaseClass.logout(BaseClass.java:83)
at GenericLibrary.BaseClass.logout(BaseClass.java:83)
at GenericLibrary.BaseClass.logout(BaseClass.java:83)
at GenericLibrary.BaseClass.logout(BaseClass.java:83)
at GenericLibrary.BaseClass.logout(BaseClass.java:83)
at GenericLibrary.BaseClass.logout(BaseClass.java:83)
at GenericLibrary.BaseClass.logout(BaseClass.java:83)
at GenericLibrary.BaseClass.logout(BaseClass.java:83)
at GenericLibrary.BaseClass.logout(BaseClass.java:83)
at GenericLibrary.BaseClass.logout(BaseClass.java:83)
at GenericLibrary.BaseClass.logout(BaseClass.java:83)
at GenericLibrary.BaseClass.logout(BaseClass.java:83)
at GenericLibrary.BaseClass.logout(BaseClass.java:83)
at GenericLibrary.BaseClass.logout(BaseClass.java:83)
at GenericLibrary.BaseClass.logout(BaseClass.java:83)
at GenericLibrary.BaseClass.logout(BaseClass.java:83)
at GenericLibrary.BaseClass.logout(BaseClass.java:83)
at GenericLibrary.BaseClass.logout(BaseClass.java:83)
at GenericLibrary.BaseClass.logout(BaseClass.java:83)
at GenericLibrary.BaseClass.logout(BaseClass.java:83)
at GenericLibrary.BaseClass.logout(BaseClass.java:83)
at GenericLibrary.BaseClass.logout(BaseClass.java:83)
at GenericLibrary.BaseClass.logout(BaseClass.java:83)
at GenericLibrary.BaseClass.logout(BaseClass.java:83)
at GenericLibrary.BaseClass.logout(BaseClass.java:83)
at GenericLibrary.BaseClass.logout(BaseClass.java:83)
at GenericLibrary.BaseClass.logout(BaseClass.java:83)
at GenericLibrary.BaseClass.logout(BaseClass.java:83)
at GenericLibrary.BaseClass.logout(BaseClass.java:83)
at GenericLibrary.BaseClass.logout(BaseClass.java:83)
at GenericLibrary.BaseClass.logout(BaseClass.java:83)
at GenericLibrary.BaseClass.logout(BaseClass.java:83)
at GenericLibrary.BaseClass.logout(BaseClass.java:83)
at GenericLibrary.BaseClass.logout(BaseClass.java:83)
at GenericLibrary.BaseClass.logout(BaseClass.java:83)
at GenericLibrary.BaseClass.logout(BaseClass.java:83)
at GenericLibrary.BaseClass.logout(BaseClass.java:83)
at GenericLibrary.BaseClass.logout(BaseClass.java:83)
at GenericLibrary.BaseClass.logout(BaseClass.java:83)
at GenericLibrary.BaseClass.logout(BaseClass.java:83)
at GenericLibrary.BaseClass.logout(BaseClass.java:83)
at GenericLibrary.BaseClass.logout(BaseClass.java:83)
at GenericLibrary.BaseClass.logout(BaseClass.java:83)
at GenericLibrary.BaseClass.logout(BaseClass.java:83)
at GenericLibrary.BaseClass.logout(BaseClass.java:83)
at GenericLibrary.BaseClass.logout(BaseClass.java:83)
at GenericLibrary.BaseClass.logout(BaseClass.java:83)
at GenericLibrary.BaseClass.logout(BaseClass.java:83)
at GenericLibrary.BaseClass.logout(BaseClass.java:83)
at GenericLibrary.BaseClass.logout(BaseClass.java:83)
at GenericLibrary.BaseClass.logout(BaseClass.java:83)
at GenericLibrary.BaseClass.logout(BaseClass.java:83)
at GenericLibrary.BaseClass.logout(BaseClass.java:83)
at GenericLibrary.BaseClass.logout(BaseClass.java:83)
at GenericLibrary.BaseClass.logout(BaseClass.java:83)
at GenericLibrary.BaseClass.logout(BaseClass.java:83)
at GenericLibrary.BaseClass.logout(BaseClass.java:83)
at GenericLibrary.BaseClass.logout(BaseClass.java:83)
at GenericLibrary.BaseClass.logout(BaseClass.java:83)
at GenericLibrary.BaseClass.logout(BaseClass.java:83)
at GenericLibrary.BaseClass.logout(BaseClass.java:83)
at GenericLibrary.BaseClass.logout(BaseClass.java:83)
at GenericLibrary.BaseClass.logout(BaseClass.java:83)
at GenericLibrary.BaseClass.logout(BaseClass.java:83)
at GenericLibrary.BaseClass.logout(BaseClass.java:83)
at GenericLibrary.BaseClass.logout(BaseClass.java:83)
at GenericLibrary.BaseClass.logout(BaseClass.java:83)
at GenericLibrary.BaseClass.logout(BaseClass.java:83)
at GenericLibrary.BaseClass.logout(BaseClass.java:83)
at GenericLibrary.BaseClass.logout(BaseClass.java:83)
at GenericLibrary.BaseClass.logout(BaseClass.java:83)
at GenericLibrary.BaseClass.logout(BaseClass.java:83)
at GenericLibrary.BaseClass.logout(BaseClass.java:83)
at GenericLibrary.BaseClass.logout(BaseClass.java:83)
at GenericLibrary.BaseClass.logout(BaseClass.java:83)
at GenericLibrary.BaseClass.logout(BaseClass.java:83)
at GenericLibrary.BaseClass.logout(BaseClass.java:83)
at GenericLibrary.BaseClass.logout(BaseClass.java:83)
at GenericLibrary.BaseClass.logout(BaseClass.java:83)
at GenericLibrary.BaseClass.logout(BaseClass.java:83)
at GenericLibrary.BaseClass.logout(BaseClass.java:83)
at GenericLibrary.BaseClass.logout(BaseClass.java:83)
at GenericLibrary.BaseClass.logout(BaseClass.java:83)
at GenericLibrary.BaseClass.logout(BaseClass.java:83)
at GenericLibrary.BaseClass.logout(BaseClass.java:83)
at GenericLibrary.BaseClass.logout(BaseClass.java:83)
at GenericLibrary.BaseClass.logout(BaseClass.java:83)
at GenericLibrary.BaseClass.logout(BaseClass.java:83)
at GenericLibrary.BaseClass.logout(BaseClass.java:83)
at GenericLibrary.BaseClass.logout(BaseClass.java:83)
at GenericLibrary.BaseClass.logout(BaseClass.java:83)
at GenericLibrary.BaseClass.logout(BaseClass.java:83)
at GenericLibrary.BaseClass.logout(BaseClass.java:83)
at GenericLibrary.BaseClass.logout(BaseClass.java:83)
at GenericLibrary.BaseClass.logout(BaseClass.java:83)
at GenericLibrary.BaseClass.logout(BaseClass.java:83)
at GenericLibrary.BaseClass.logout(BaseClass.java:83)
at GenericLibrary.BaseClass.logout(BaseClass.java:83)
at GenericLibrary.BaseClass.logout(BaseClass.java:83)
at GenericLibrary.BaseClass.logout(BaseClass.java:83)
at GenericLibrary.BaseClass.logout(BaseClass.java:83)
at GenericLibrary.BaseClass.logout(BaseClass.java:83)
at GenericLibrary.BaseClass.logout(BaseClass.java:83)
at GenericLibrary.BaseClass.logout(BaseClass.java:83)
at GenericLibrary.BaseClass.logout(BaseClass.java:83)
at GenericLibrary.BaseClass.logout(BaseClass.java:83)
at GenericLibrary.BaseClass.logout(BaseClass.java:83)
at GenericLibrary.BaseClass.logout(BaseClass.java:83)
at GenericLibrary.BaseClass.logout(BaseClass.java:83)
at GenericLibrary.BaseClass.logout(BaseClass.java:83)
at GenericLibrary.BaseClass.logout(BaseClass.java:83)
at GenericLibrary.BaseClass.logout(BaseClass.java:83)
at GenericLibrary.BaseClass.logout(BaseClass.java:83)
at GenericLibrary.BaseClass.logout(BaseClass.java:83)
at GenericLibrary.BaseClass.logout(BaseClass.java:83)
at GenericLibrary.BaseClass.logout(BaseClass.java:83)
at GenericLibrary.BaseClass.logout(BaseClass.java:83)
at GenericLibrary.BaseClass.logout(BaseClass.java:83)
at GenericLibrary.BaseClass.logout(BaseClass.java:83)
at GenericLibrary.BaseClass.logout(BaseClass.java:83)
at GenericLibrary.BaseClass.logout(BaseClass.java:83)
at GenericLibrary.BaseClass.logout(BaseClass.java:83)
at GenericLibrary.BaseClass.logout(BaseClass.java:83)
at GenericLibrary.BaseClass.logout(BaseClass.java:83)
at GenericLibrary.BaseClass.logout(BaseClass.java:83)
at GenericLibrary.BaseClass.logout(BaseClass.java:83)
at GenericLibrary.BaseClass.logout(BaseClass.java:83)
at GenericLibrary.BaseClass.logout(BaseClass.java:83)
at GenericLibrary.BaseClass.logout(BaseClass.java:83)
at GenericLibrary.BaseClass.logout(BaseClass.java:83)
at GenericLibrary.BaseClass.logout(BaseClass.java:83)
at GenericLibrary.BaseClass.logout(BaseClass.java:83)
at GenericLibrary.BaseClass.logout(BaseClass.java:83)
at GenericLibrary.BaseClass.logout(BaseClass.java:83)
at GenericLibrary.BaseClass.logout(BaseClass.java:83)
at GenericLibrary.BaseClass.logout(BaseClass.java:83)
at GenericLibrary.BaseClass.logout(BaseClass.java:83)
at GenericLibrary.BaseClass.logout(BaseClass.java:83)
at GenericLibrary.BaseClass.logout(BaseClass.java:83)
at GenericLibrary.BaseClass.logout(BaseClass.java:83)
at GenericLibrary.BaseClass.logout(BaseClass.java:83)
at GenericLibrary.BaseClass.logout(BaseClass.java:83)
at GenericLibrary.BaseClass.logout(BaseClass.java:83)
at GenericLibrary.BaseClass.logout(BaseClass.java:83)
at GenericLibrary.BaseClass.logout(BaseClass.java:83)
at GenericLibrary.BaseClass.logout(BaseClass.java:83)
at GenericLibrary.BaseClass.logout(BaseClass.java:83)
at GenericLibrary.BaseClass.logout(BaseClass.java:83)
at GenericLibrary.BaseClass.logout(BaseClass.java:83)
at GenericLibrary.BaseClass.logout(BaseClass.java:83)
at GenericLibrary.BaseClass.logout(BaseClass.java:83)
at GenericLibrary.BaseClass.logout(BaseClass.java:83)
at GenericLibrary.BaseClass.logout(BaseClass.java:83)
at GenericLibrary.BaseClass.logout(BaseClass.java:83)
at GenericLibrary.BaseClass.logout(BaseClass.java:83)
at GenericLibrary.BaseClass.logout(BaseClass.java:83)
at GenericLibrary.BaseClass.logout(BaseClass.java:83)
at GenericLibrary.BaseClass.logout(BaseClass.java:83)
at GenericLibrary.BaseClass.logout(BaseClass.java:83)
at GenericLibrary.BaseClass.logout(BaseClass.java:83)
at GenericLibrary.BaseClass.logout(BaseClass.java:83)
at GenericLibrary.BaseClass.logout(BaseClass.java:83)
at GenericLibrary.BaseClass.logout(BaseClass.java:83)
at GenericLibrary.BaseClass.logout(BaseClass.java:83)
at GenericLibrary.BaseClass.logout(BaseClass.java:83)
at GenericLibrary.BaseClass.logout(BaseClass.java:83)
at GenericLibrary.BaseClass.logout(BaseClass.java:83)
at GenericLibrary.BaseClass.logout(BaseClass.java:83)
at GenericLibrary.BaseClass.logout(BaseClass.java:83)
at GenericLibrary.BaseClass.logout(BaseClass.java:83)
at GenericLibrary.BaseClass.logout(BaseClass.java:83)
at GenericLibrary.BaseClass.logout(BaseClass.java:83)
at GenericLibrary.BaseClass.logout(BaseClass.java:83)
at GenericLibrary.BaseClass.logout(BaseClass.java:83)
at GenericLibrary.BaseClass.logout(BaseClass.java:83)
at GenericLibrary.BaseClass.logout(BaseClass.java:83)
at GenericLibrary.BaseClass.logout(BaseClass.java:83)
at GenericLibrary.BaseClass.logout(BaseClass.java:83)
at GenericLibrary.BaseClass.logout(BaseClass.java:83)
at GenericLibrary.BaseClass.logout(BaseClass.java:83)
at GenericLibrary.BaseClass.logout(BaseClass.java:83)
at GenericLibrary.BaseClass.logout(BaseClass.java:83)
at GenericLibrary.BaseClass.logout(BaseClass.java:83)
at GenericLibrary.BaseClass.logout(BaseClass.java:83)
at GenericLibrary.BaseClass.logout(BaseClass.java:83)
at GenericLibrary.BaseClass.logout(BaseClass.java:83)
at GenericLibrary.BaseClass.logout(BaseClass.java:83)
at GenericLibrary.BaseClass.logout(BaseClass.java:83)
at GenericLibrary.BaseClass.logout(BaseClass.java:83)
at GenericLibrary.BaseClass.logout(BaseClass.java:83)
at GenericLibrary.BaseClass.logout(BaseClass.java:83)
at GenericLibrary.BaseClass.logout(BaseClass.java:83)
at GenericLibrary.BaseClass.logout(BaseClass.java:83)
at GenericLibrary.BaseClass.logout(BaseClass.java:83)
at GenericLibrary.BaseClass.logout(BaseClass.java:83)
at GenericLibrary.BaseClass.logout(BaseClass.java:83)
at GenericLibrary.BaseClass.logout(BaseClass.java:83)
at GenericLibrary.BaseClass.logout(BaseClass.java:83)
at GenericLibrary.BaseClass.logout(BaseClass.java:83)
at GenericLibrary.BaseClass.logout(BaseClass.java:83)
at GenericLibrary.BaseClass.logout(BaseClass.java:83)
at GenericLibrary.BaseClass.logout(BaseClass.java:83)
at GenericLibrary.BaseClass.logout(BaseClass.java:83)
at GenericLibrary.BaseClass.logout(BaseClass.java:83)
at GenericLibrary.BaseClass.logout(BaseClass.java:83)
at GenericLibrary.BaseClass.logout(BaseClass.java:83)
at GenericLibrary.BaseClass.logout(BaseClass.java:83)
at GenericLibrary.BaseClass.logout(BaseClass.java:83)
at GenericLibrary.BaseClass.logout(BaseClass.java:83)
at GenericLibrary.BaseClass.logout(BaseClass.java:83)
at GenericLibrary.BaseClass.logout(BaseClass.java:83)
at GenericLibrary.BaseClass.logout(BaseClass.java:83)
at GenericLibrary.BaseClass.logout(BaseClass.java:83)
at GenericLibrary.BaseClass.logout(BaseClass.java:83)
at GenericLibrary.BaseClass.logout(BaseClass.java:83)
at GenericLibrary.BaseClass.logout(BaseClass.java:83)
at GenericLibrary.BaseClass.logout(BaseClass.java:83)
at GenericLibrary.BaseClass.logout(BaseClass.java:83)
at GenericLibrary.BaseClass.logout(BaseClass.java:83)
at GenericLibrary.BaseClass.logout(BaseClass.java:83)
at GenericLibrary.BaseClass.logout(BaseClass.java:83)
at GenericLibrary.BaseClass.logout(BaseClass.java:83)
at GenericLibrary.BaseClass.logout(BaseClass.java:83)
at GenericLibrary.BaseClass.logout(BaseClass.java:83)
at GenericLibrary.BaseClass.logout(BaseClass.java:83)
at GenericLibrary.BaseClass.logout(BaseClass.java:83)
at GenericLibrary.BaseClass.logout(BaseClass.java:83)
at GenericLibrary.BaseClass.logout(BaseClass.java:83)
at GenericLibrary.BaseClass.logout(BaseClass.java:83)
at GenericLibrary.BaseClass.logout(BaseClass.java:83)
at GenericLibrary.BaseClass.logout(BaseClass.java:83)
at GenericLibrary.BaseClass.logout(BaseClass.java:83)
at GenericLibrary.BaseClass.logout(BaseClass.java:83)
at GenericLibrary.BaseClass.logout(BaseClass.java:83)
at GenericLibrary.BaseClass.logout(BaseClass.java:83)
at GenericLibrary.BaseClass.logout(BaseClass.java:83)
at GenericLibrary.BaseClass.logout(BaseClass.java:83)
at GenericLibrary.BaseClass.logout(BaseClass.java:83)
at GenericLibrary.BaseClass.logout(BaseClass.java:83)
at GenericLibrary.BaseClass.logout(BaseClass.java:83)
at GenericLibrary.BaseClass.logout(BaseClass.java:83)
at GenericLibrary.BaseClass.logout(BaseClass.java:83)
at GenericLibrary.BaseClass.logout(BaseClass.java:83)
at GenericLibrary.BaseClass.logout(BaseClass.java:83)
at GenericLibrary.BaseClass.logout(BaseClass.java:83)
at GenericLibrary.BaseClass.logout(BaseClass.java:83)
at GenericLibrary.BaseClass.logout(BaseClass.java:83)
at GenericLibrary.BaseClass.logout(BaseClass.java:83)
at GenericLibrary.BaseClass.logout(BaseClass.java:83)
at GenericLibrary.BaseClass.logout(BaseClass.java:83)
at GenericLibrary.BaseClass.logout(BaseClass.java:83)
at GenericLibrary.BaseClass.logout(BaseClass.java:83)
at GenericLibrary.BaseClass.logout(BaseClass.java:83)
at GenericLibrary.BaseClass.logout(BaseClass.java:83)
at GenericLibrary.BaseClass.logout(BaseClass.java:83)
at GenericLibrary.BaseClass.logout(BaseClass.java:83)
at GenericLibrary.BaseClass.logout(BaseClass.java:83)
at GenericLibrary.BaseClass.logout(BaseClass.java:83)
at GenericLibrary.BaseClass.logout(BaseClass.java:83)
at GenericLibrary.BaseClass.logout(BaseClass.java:83)
at GenericLibrary.BaseClass.logout(BaseClass.java:83)
at GenericLibrary.BaseClass.logout(BaseClass.java:83)
at GenericLibrary.BaseClass.logout(BaseClass.java:83)
at GenericLibrary.BaseClass.logout(BaseClass.java:83)
at GenericLibrary.BaseClass.logout(BaseClass.java:83)
at GenericLibrary.BaseClass.logout(BaseClass.java:83)
at GenericLibrary.BaseClass.logout(BaseClass.java:83)
at GenericLibrary.BaseClass.logout(BaseClass.java:83)
at GenericLibrary.BaseClass.logout(BaseClass.java:83)
at GenericLibrary.BaseClass.logout(BaseClass.java:83)
at GenericLibrary.BaseClass.logout(BaseClass.java:83)
at GenericLibrary.BaseClass.logout(BaseClass.java:83)
at GenericLibrary.BaseClass.logout(BaseClass.java:83)
at GenericLibrary.BaseClass.logout(BaseClass.java:83)
at GenericLibrary.BaseClass.logout(BaseClass.java:83)
at GenericLibrary.BaseClass.logout(BaseClass.java:83)
at GenericLibrary.BaseClass.logout(BaseClass.java:83)
at GenericLibrary.BaseClass.logout(BaseClass.java:83)
at GenericLibrary.BaseClass.logout(BaseClass.java:83)
at GenericLibrary.BaseClass.logout(BaseClass.java:83)
at GenericLibrary.BaseClass.logout(BaseClass.java:83)
at GenericLibrary.BaseClass.logout(BaseClass.java:83)
at GenericLibrary.BaseClass.logout(BaseClass.java:83)
at GenericLibrary.BaseClass.logout(BaseClass.java:83)
at GenericLibrary.BaseClass.logout(BaseClass.java:83)
at GenericLibrary.BaseClass.logout(BaseClass.java:83)
at GenericLibrary.BaseClass.logout(BaseClass.java:83)
at GenericLibrary.BaseClass.logout(BaseClass.java:83)
at GenericLibrary.BaseClass.logout(BaseClass.java:83)
at GenericLibrary.BaseClass.logout(BaseClass.java:83)
at GenericLibrary.BaseClass.logout(BaseClass.java:83)
at GenericLibrary.BaseClass.logout(BaseClass.java:83)
at GenericLibrary.BaseClass.logout(BaseClass.java:83)
at GenericLibrary.BaseClass.logout(BaseClass.java:83)
at GenericLibrary.BaseClass.logout(BaseClass.java:83)
at GenericLibrary.BaseClass.logout(BaseClass.java:83)
at GenericLibrary.BaseClass.logout(BaseClass.java:83)
at GenericLibrary.BaseClass.logout(BaseClass.java:83)
at GenericLibrary.BaseClass.logout(BaseClass.java:83)
at GenericLibrary.BaseClass.logout(BaseClass.java:83)
at GenericLibrary.BaseClass.logout(BaseClass.java:83)
at GenericLibrary.BaseClass.logout(BaseClass.java:83)
at GenericLibrary.BaseClass.logout(BaseClass.java:83)
at GenericLibrary.BaseClass.logout(BaseClass.java:83)
at GenericLibrary.BaseClass.logout(BaseClass.java:83)
at GenericLibrary.BaseClass.logout(BaseClass.java:83)
at GenericLibrary.BaseClass.logout(BaseClass.java:83)
at GenericLibrary.BaseClass.logout(BaseClass.java:83)
at GenericLibrary.BaseClass.logout(BaseClass.java:83)
at GenericLibrary.BaseClass.logout(BaseClass.java:83)
at GenericLibrary.BaseClass.logout(BaseClass.java:83)
at GenericLibrary.BaseClass.logout(BaseClass.java:83)
at GenericLibrary.BaseClass.logout(BaseClass.java:83)
at GenericLibrary.BaseClass.logout(BaseClass.java:83)
at GenericLibrary.BaseClass.logout(BaseClass.java:83)
at GenericLibrary.BaseClass.logout(BaseClass.java:83)
at GenericLibrary.BaseClass.logout(BaseClass.java:83)
at GenericLibrary.BaseClass.logout(BaseClass.java:83)
at GenericLibrary.BaseClass.logout(BaseClass.java:83)
at GenericLibrary.BaseClass.logout(BaseClass.java:83)
at GenericLibrary.BaseClass.logout(BaseClass.java:83)
at GenericLibrary.BaseClass.logout(BaseClass.java:83)
at GenericLibrary.BaseClass.logout(BaseClass.java:83)
at GenericLibrary.BaseClass.logout(BaseClass.java:83)
at GenericLibrary.BaseClass.logout(BaseClass.java:83)
at GenericLibrary.BaseClass.logout(BaseClass.java:83)
at GenericLibrary.BaseClass.logout(BaseClass.java:83)
at GenericLibrary.BaseClass.logout(BaseClass.java:83)
at GenericLibrary.BaseClass.logout(BaseClass.java:83)
at GenericLibrary.BaseClass.logout(BaseClass.java:83)
at GenericLibrary.BaseClass.logout(BaseClass.java:83)
at GenericLibrary.BaseClass.logout(BaseClass.java:83)
at GenericLibrary.BaseClass.logout(BaseClass.java:83)
at GenericLibrary.BaseClass.logout(BaseClass.java:83)
at GenericLibrary.BaseClass.logout(BaseClass.java:83)
at GenericLibrary.BaseClass.logout(BaseClass.java:83)
at GenericLibrary.BaseClass.logout(BaseClass.java:83)
at GenericLibrary.BaseClass.logout(BaseClass.java:83)
at GenericLibrary.BaseClass.logout(BaseClass.java:83)
at GenericLibrary.BaseClass.logout(BaseClass.java:83)
at GenericLibrary.BaseClass.logout(BaseClass.java:83)
at GenericLibrary.BaseClass.logout(BaseClass.java:83)
at GenericLibrary.BaseClass.logout(BaseClass.java:83)
at GenericLibrary.BaseClass.logout(BaseClass.java:83)
at GenericLibrary.BaseClass.logout(BaseClass.java:83)
at GenericLibrary.BaseClass.logout(BaseClass.java:83)
at GenericLibrary.BaseClass.logout(BaseClass.java:83)
at GenericLibrary.BaseClass.logout(BaseClass.java:83)
at GenericLibrary.BaseClass.logout(BaseClass.java:83)
at GenericLibrary.BaseClass.logout(BaseClass.java:83)
at GenericLibrary.BaseClass.logout(BaseClass.java:83)
at GenericLibrary.BaseClass.logout(BaseClass.java:83)
at GenericLibrary.BaseClass.logout(BaseClass.java:83)
at GenericLibrary.BaseClass.logout(BaseClass.java:83)
at GenericLibrary.BaseClass.logout(BaseClass.java:83)
at GenericLibrary.BaseClass.logout(BaseClass.java:83)
at GenericLibrary.BaseClass.logout(BaseClass.java:83)
at GenericLibrary.BaseClass.logout(BaseClass.java:83)
at GenericLibrary.BaseClass.logout(BaseClass.java:83)
at GenericLibrary.BaseClass.logout(BaseClass.java:83)
at GenericLibrary.BaseClass.logout(BaseClass.java:83)
at GenericLibrary.BaseClass.logout(BaseClass.java:83)
at GenericLibrary.BaseClass.logout(BaseClass.java:83)
at GenericLibrary.BaseClass.logout(BaseClass.java:83)
at GenericLibrary.BaseClass.logout(BaseClass.java:83)
at GenericLibrary.BaseClass.logout(BaseClass.java:83)
at GenericLibrary.BaseClass.logout(BaseClass.java:83)
at GenericLibrary.BaseClass.logout(BaseClass.java:83)
at GenericLibrary.BaseClass.logout(BaseClass.java:83)
at GenericLibrary.BaseClass.logout(BaseClass.java:83)
at GenericLibrary.BaseClass.logout(BaseClass.java:83)
at GenericLibrary.BaseClass.logout(BaseClass.java:83)
at GenericLibrary.BaseClass.logout(BaseClass.java:83)
at GenericLibrary.BaseClass.logout(BaseClass.java:83)
at GenericLibrary.BaseClass.logout(BaseClass.java:83)
at GenericLibrary.BaseClass.logout(BaseClass.java:83)
at GenericLibrary.BaseClass.logout(BaseClass.java:83)
at GenericLibrary.BaseClass.logout(BaseClass.java:83)
at GenericLibrary.BaseClass.logout(BaseClass.java:83)
at GenericLibrary.BaseClass.logout(BaseClass.java:83)
at GenericLibrary.BaseClass.logout(BaseClass.java:83)
at GenericLibrary.BaseClass.logout(BaseClass.java:83)
at GenericLibrary.BaseClass.logout(BaseClass.java:83)
at GenericLibrary.BaseClass.logout(BaseClass.java:83)
at GenericLibrary.BaseClass.logout(BaseClass.java:83)
at GenericLibrary.BaseClass.logout(BaseClass.java:83)
at GenericLibrary.BaseClass.logout(BaseClass.java:83)
at GenericLibrary.BaseClass.logout(BaseClass.java:83)
at GenericLibrary.BaseClass.logout(BaseClass.java:83)
at GenericLibrary.BaseClass.logout(BaseClass.java:83)
at GenericLibrary.BaseClass.logout(BaseClass.java:83)
at GenericLibrary.BaseClass.logout(BaseClass.java:83)
at GenericLibrary.BaseClass.logout(BaseClass.java:83)
at GenericLibrary.BaseClass.logout(BaseClass.java:83)
at GenericLibrary.BaseClass.logout(BaseClass.java:83)
at GenericLibrary.BaseClass.logout(BaseClass.java:83)
at GenericLibrary.BaseClass.logout(BaseClass.java:83)
at GenericLibrary.BaseClass.logout(BaseClass.java:83)
at GenericLibrary.BaseClass.logout(BaseClass.java:83)
at GenericLibrary.BaseClass.logout(BaseClass.java:83)
at GenericLibrary.BaseClass.logout(BaseClass.java:83)
at GenericLibrary.BaseClass.logout(BaseClass.java:83)
at GenericLibrary.BaseClass.logout(BaseClass.java:83)
at GenericLibrary.BaseClass.logout(BaseClass.java:83)
at GenericLibrary.BaseClass.logout(BaseClass.java:83)
at GenericLibrary.BaseClass.logout(BaseClass.java:83)
at GenericLibrary.BaseClass.logout(BaseClass.java:83)
at GenericLibrary.BaseClass.logout(BaseClass.java:83)
at GenericLibrary.BaseClass.logout(BaseClass.java:83)
at GenericLibrary.BaseClass.logout(BaseClass.java:83)
at GenericLibrary.BaseClass.logout(BaseClass.java:83)
at GenericLibrary.BaseClass.logout(BaseClass.java:83)
at GenericLibrary.BaseClass.logout(BaseClass.java:83)
at GenericLibrary.BaseClass.logout(BaseClass.java:83)
at GenericLibrary.BaseClass.logout(BaseClass.java:83)
at GenericLibrary.BaseClass.logout(BaseClass.java:83)
at GenericLibrary.BaseClass.logout(BaseClass.java:83)
at GenericLibrary.BaseClass.logout(BaseClass.java:83)
at GenericLibrary.BaseClass.logout(BaseClass.java:83)
at GenericLibrary.BaseClass.logout(BaseClass.java:83)
at GenericLibrary.BaseClass.logout(BaseClass.java:83)
at GenericLibrary.BaseClass.logout(BaseClass.java:83)
at GenericLibrary.BaseClass.logout(BaseClass.java:83)
at GenericLibrary.BaseClass.logout(BaseClass.java:83)
at GenericLibrary.BaseClass.logout(BaseClass.java:83)
at GenericLibrary.BaseClass.logout(BaseClass.java:83)
at GenericLibrary.BaseClass.logout(BaseClass.java:83)
at GenericLibrary.BaseClass.logout(BaseClass.java:83)
at GenericLibrary.BaseClass.logout(BaseClass.java:83)
at GenericLibrary.BaseClass.logout(BaseClass.java:83)
at GenericLibrary.BaseClass.logout(BaseClass.java:83)
at GenericLibrary.BaseClass.logout(BaseClass.java:83)
at GenericLibrary.BaseClass.logout(BaseClass.java:83)
at GenericLibrary.BaseClass.logout(BaseClass.java:83)
at GenericLibrary.BaseClass.logout(BaseClass.java:83)
at GenericLibrary.BaseClass.logout(BaseClass.java:83)
at GenericLibrary.BaseClass.logout(BaseClass.java:83)
at GenericLibrary.BaseClass.logout(BaseClass.java:83)
at GenericLibrary.BaseClass.logout(BaseClass.java:83)
at GenericLibrary.BaseClass.logout(BaseClass.java:83)
at GenericLibrary.BaseClass.logout(BaseClass.java:83)
at GenericLibrary.BaseClass.logout(BaseClass.java:83)
at GenericLibrary.BaseClass.logout(BaseClass.java:83)
at GenericLibrary.BaseClass.logout(BaseClass.java:83)
at GenericLibrary.BaseClass.logout(BaseClass.java:83)
at GenericLibrary.BaseClass.logout(BaseClass.java:83)
at GenericLibrary.BaseClass.logout(BaseClass.java:83)
at GenericLibrary.BaseClass.logout(BaseClass.java:83)
at GenericLibrary.BaseClass.logout(BaseClass.java:83)
at GenericLibrary.BaseClass.logout(BaseClass.java:83)
at GenericLibrary.BaseClass.logout(BaseClass.java:83)
at GenericLibrary.BaseClass.logout(BaseClass.java:83)
at GenericLibrary.BaseClass.logout(BaseClass.java:83)
at GenericLibrary.BaseClass.logout(BaseClass.java:83)
at GenericLibrary.BaseClass.logout(BaseClass.java:83)
at GenericLibrary.BaseClass.logout(BaseClass.java:83)
at GenericLibrary.BaseClass.logout(BaseClass.java:83)
at GenericLibrary.BaseClass.logout(BaseClass.java:83)
at GenericLibrary.BaseClass.logout(BaseClass.java:83)
at GenericLibrary.BaseClass.logout(BaseClass.java:83)
at GenericLibrary.BaseClass.logout(BaseClass.java:83)
at GenericLibrary.BaseClass.logout(BaseClass.java:83)
at GenericLibrary.BaseClass.logout(BaseClass.java:83)
at GenericLibrary.BaseClass.logout(BaseClass.java:83)
at GenericLibrary.BaseClass.logout(BaseClass.java:83)
at GenericLibrary.BaseClass.logout(BaseClass.java:83)
at GenericLibrary.BaseClass.logout(BaseClass.java:83)
at GenericLibrary.BaseClass.logout(BaseClass.java:83)
at GenericLibrary.BaseClass.logout(BaseClass.java:83)
at GenericLibrary.BaseClass.logout(BaseClass.java:83)
at GenericLibrary.BaseClass.logout(BaseClass.java:83)
at GenericLibrary.BaseClass.logout(BaseClass.java:83)
at GenericLibrary.BaseClass.logout(BaseClass.java:83)
at GenericLibrary.BaseClass.logout(BaseClass.java:83)
at GenericLibrary.BaseClass.logout(BaseClass.java:83)
at GenericLibrary.BaseClass.logout(BaseClass.java:83)
at GenericLibrary.BaseClass.logout(BaseClass.java:83)
at GenericLibrary.BaseClass.logout(BaseClass.java:83)
at GenericLibrary.BaseClass.logout(BaseClass.java:83)
at GenericLibrary.BaseClass.logout(BaseClass.java:83)
at GenericLibrary.BaseClass.logout(BaseClass.java:83)
at GenericLibrary.BaseClass.logout(BaseClass.java:83)
at GenericLibrary.BaseClass.logout(BaseClass.java:83)
at GenericLibrary.BaseClass.logout(BaseClass.java:83)
at GenericLibrary.BaseClass.logout(BaseClass.java:83)
at GenericLibrary.BaseClass.logout(BaseClass.java:83)
at GenericLibrary.BaseClass.logout(BaseClass.java:83)
at GenericLibrary.BaseClass.logout(BaseClass.java:83)
at GenericLibrary.BaseClass.logout(BaseClass.java:83)
at GenericLibrary.BaseClass.logout(BaseClass.java:83)
at GenericLibrary.BaseClass.logout(BaseClass.java:83)
at GenericLibrary.BaseClass.logout(BaseClass.java:83)
at GenericLibrary.BaseClass.logout(BaseClass.java:83)
at GenericLibrary.BaseClass.logout(BaseClass.java:83)
at GenericLibrary.BaseClass.logout(BaseClass.java:83)
at GenericLibrary.BaseClass.logout(BaseClass.java:83)
at GenericLibrary.BaseClass.logout(BaseClass.java:83)
at GenericLibrary.BaseClass.logout(BaseClass.java:83)
at GenericLibrary.BaseClass.logout(BaseClass.java:83)
at GenericLibrary.BaseClass.logout(BaseClass.java:83)
at GenericLibrary.BaseClass.logout(BaseClass.java:83)
at GenericLibrary.BaseClass.logout(BaseClass.java:83)
at GenericLibrary.BaseClass.logout(BaseClass.java:83)
at GenericLibrary.BaseClass.logout(BaseClass.java:83)
at GenericLibrary.BaseClass.logout(BaseClass.java:83)
at GenericLibrary.BaseClass.logout(BaseClass.java:83)
at GenericLibrary.BaseClass.logout(BaseClass.java:83)
at GenericLibrary.BaseClass.logout(BaseClass.java:83)
at GenericLibrary.BaseClass.logout(BaseClass.java:83)
at GenericLibrary.BaseClass.logout(BaseClass.java:83)
at GenericLibrary.BaseClass.logout(BaseClass.java:83)
at GenericLibrary.BaseClass.logout(BaseClass.java:83)
at GenericLibrary.BaseClass.logout(BaseClass.java:83)
at GenericLibrary.BaseClass.logout(BaseClass.java:83)
at GenericLibrary.BaseClass.logout(BaseClass.java:83)
at GenericLibrary.BaseClass.logout(BaseClass.java:83)
at GenericLibrary.BaseClass.logout(BaseClass.java:83)
at GenericLibrary.BaseClass.logout(BaseClass.java:83)
at GenericLibrary.BaseClass.logout(BaseClass.java:83)
at GenericLibrary.BaseClass.logout(BaseClass.java:83)
at GenericLibrary.BaseClass.logout(BaseClass.java:83)
at GenericLibrary.BaseClass.logout(BaseClass.java:83)
at GenericLibrary.BaseClass.logout(BaseClass.java:83)
at GenericLibrary.BaseClass.logout(BaseClass.java:83)
at GenericLibrary.BaseClass.logout(BaseClass.java:83)
at GenericLibrary.BaseClass.logout(BaseClass.java:83)
at GenericLibrary.BaseClass.logout(BaseClass.java:83)
at GenericLibrary.BaseClass.logout(BaseClass.java:83)
at GenericLibrary.BaseClass.logout(BaseClass.java:83)
at GenericLibrary.BaseClass.logout(BaseClass.java:83)
at GenericLibrary.BaseClass.logout(BaseClass.java:83)
at GenericLibrary.BaseClass.logout(BaseClass.java:83)
at GenericLibrary.BaseClass.logout(BaseClass.java:83)
at GenericLibrary.BaseClass.logout(BaseClass.java:83)
at GenericLibrary.BaseClass.logout(BaseClass.java:83)
at GenericLibrary.BaseClass.logout(BaseClass.java:83)
at GenericLibrary.BaseClass.logout(BaseClass.java:83)
at GenericLibrary.BaseClass.logout(BaseClass.java:83)
at GenericLibrary.BaseClass.logout(BaseClass.java:83)
at GenericLibrary.BaseClass.logout(BaseClass.java:83)
at GenericLibrary.BaseClass.logout(BaseClass.java:83)
at GenericLibrary.BaseClass.logout(BaseClass.java:83)
at GenericLibrary.BaseClass.logout(BaseClass.java:83)
at GenericLibrary.BaseClass.logout(BaseClass.java:83)
at GenericLibrary.BaseClass.logout(BaseClass.java:83)
at GenericLibrary.BaseClass.logout(BaseClass.java:83)
at GenericLibrary.BaseClass.logout(BaseClass.java:83)
at GenericLibrary.BaseClass.logout(BaseClass.java:83)
at GenericLibrary.BaseClass.logout(BaseClass.java:83)
at GenericLibrary.BaseClass.logout(BaseClass.java:83)
at GenericLibrary.BaseClass.logout(BaseClass.java:83)
at GenericLibrary.BaseClass.logout(BaseClass.java:83)
at GenericLibrary.BaseClass.logout(BaseClass.java:83)
at GenericLibrary.BaseClass.logout(BaseClass.java:83)
at GenericLibrary.BaseClass.logout(BaseClass.java:83)
at GenericLibrary.BaseClass.logout(BaseClass.java:83)
at GenericLibrary.BaseClass.logout(BaseClass.java:83)
at GenericLibrary.BaseClass.logout(BaseClass.java:83)
at GenericLibrary.BaseClass.logout(BaseClass.java:83)
at GenericLibrary.BaseClass.logout(BaseClass.java:83)
at GenericLibrary.BaseClass.logout(BaseClass.java:83)
at GenericLibrary.BaseClass.logout(BaseClass.java:83)
at GenericLibrary.BaseClass.logout(BaseClass.java:83)
at GenericLibrary.BaseClass.logout(BaseClass.java:83)
at GenericLibrary.BaseClass.logout(BaseClass.java:83)
at GenericLibrary.BaseClass.logout(BaseClass.java:83)
at GenericLibrary.BaseClass.logout(BaseClass.java:83)
at GenericLibrary.BaseClass.logout(BaseClass.java:83)
at GenericLibrary.BaseClass.logout(BaseClass.java:83)
at GenericLibrary.BaseClass.logout(BaseClass.java:83)
at GenericLibrary.BaseClass.logout(BaseClass.java:83)
at GenericLibrary.BaseClass.logout(BaseClass.java:83)
at GenericLibrary.BaseClass.logout(BaseClass.java:83)
at GenericLibrary.BaseClass.logout(BaseClass.java:83)
at GenericLibrary.BaseClass.logout(BaseClass.java:83)
at GenericLibrary.BaseClass.logout(BaseClass.java:83)
at GenericLibrary.BaseClass.logout(BaseClass.java:83)
at GenericLibrary.BaseClass.logout(BaseClass.java:83)
at GenericLibrary.BaseClass.logout(BaseClass.java:83)
at GenericLibrary.BaseClass.logout(BaseClass.java:83)
at GenericLibrary.BaseClass.logout(BaseClass.java:83)
at GenericLibrary.BaseClass.logout(BaseClass.java:83)
at GenericLibrary.BaseClass.logout(BaseClass.java:83)
at GenericLibrary.BaseClass.logout(BaseClass.java:83)
at GenericLibrary.BaseClass.logout(BaseClass.java:83)
at GenericLibrary.BaseClass.logout(BaseClass.java:83)
at GenericLibrary.BaseClass.logout(BaseClass.java:83)
at GenericLibrary.BaseClass.logout(BaseClass.java:83)
at GenericLibrary.BaseClass.logout(BaseClass.java:83)
at GenericLibrary.BaseClass.logout(BaseClass.java:83)
at GenericLibrary.BaseClass.logout(BaseClass.java:83)
at GenericLibrary.BaseClass.logout(BaseClass.java:83)
at GenericLibrary.BaseClass.logout(BaseClass.java:83)
at GenericLibrary.BaseClass.logout(BaseClass.java:83)
at GenericLibrary.BaseClass.logout(BaseClass.java:83)
at GenericLibrary.BaseClass.logout(BaseClass.java:83)
at GenericLibrary.BaseClass.logout(BaseClass.java:83)
at GenericLibrary.BaseClass.logout(BaseClass.java:83)
at GenericLibrary.BaseClass.logout(BaseClass.java:83)
at GenericLibrary.BaseClass.logout(BaseClass.java:83)
at GenericLibrary.BaseClass.logout(BaseClass.java:83)
at GenericLibrary.BaseClass.logout(BaseClass.java:83)
at GenericLibrary.BaseClass.logout(BaseClass.java:83)
at GenericLibrary.BaseClass.logout(BaseClass.java:83)
at GenericLibrary.BaseClass.logout(BaseClass.java:83)
at GenericLibrary.BaseClass.logout(BaseClass.java:83)
at GenericLibrary.BaseClass.logout(BaseClass.java:83)
at GenericLibrary.BaseClass.logout(BaseClass.java:83)
at GenericLibrary.BaseClass.logout(BaseClass.java:83)
at GenericLibrary.BaseClass.logout(BaseClass.java:83)
at GenericLibrary.BaseClass.logout(BaseClass.java:83)
at GenericLibrary.BaseClass.logout(BaseClass.java:83)
at GenericLibrary.BaseClass.logout(BaseClass.java:83)
at GenericLibrary.BaseClass.logout(BaseClass.java:83)
at GenericLibrary.BaseClass.logout(BaseClass.java:83)
at GenericLibrary.BaseClass.logout(BaseClass.java:83)
at GenericLibrary.BaseClass.logout(BaseClass.java:83)
at GenericLibrary.BaseClass.logout(BaseClass.java:83)
at GenericLibrary.BaseClass.logout(BaseClass.java:83)
at GenericLibrary.BaseClass.logout(BaseClass.java:83)
at GenericLibrary.BaseClass.logout(BaseClass.java:83)
at GenericLibrary.BaseClass.logout(BaseClass.java:83)
at GenericLibrary.BaseClass.logout(BaseClass.java:83)
at GenericLibrary.BaseClass.logout(BaseClass.java:83)
at GenericLibrary.BaseClass.logout(BaseClass.java:83)
at GenericLibrary.BaseClass.logout(BaseClass.java:83)
at GenericLibrary.BaseClass.logout(BaseClass.java:83)
at GenericLibrary.BaseClass.logout(BaseClass.java:83)
at GenericLibrary.BaseClass.logout(BaseClass.java:83)
at GenericLibrary.BaseClass.logout(BaseClass.java:83)
at GenericLibrary.BaseClass.logout(BaseClass.java:83)
at GenericLibrary.BaseClass.logout(BaseClass.java:83)
at GenericLibrary.BaseClass.logout(BaseClass.java:83)
at GenericLibrary.BaseClass.logout(BaseClass.java:83)
at GenericLibrary.BaseClass.logout(BaseClass.java:83)
at GenericLibrary.BaseClass.logout(BaseClass.java:83)
at GenericLibrary.BaseClass.logout(BaseClass.java:83)
at GenericLibrary.BaseClass.logout(BaseClass.java:83)
at GenericLibrary.BaseClass.logout(BaseClass.java:83)
at GenericLibrary.BaseClass.logout(BaseClass.java:83)
at GenericLibrary.BaseClass.logout(BaseClass.java:83)
at GenericLibrary.BaseClass.logout(BaseClass.java:83)
at GenericLibrary.BaseClass.logout(BaseClass.java:83)
at GenericLibrary.BaseClass.logout(BaseClass.java:83)
at GenericLibrary.BaseClass.logout(BaseClass.java:83)
at GenericLibrary.BaseClass.logout(BaseClass.java:83)
at GenericLibrary.BaseClass.logout(BaseClass.java:83)
at GenericLibrary.BaseClass.logout(BaseClass.java:83)
at GenericLibrary.BaseClass.logout(BaseClass.java:83)
at GenericLibrary.BaseClass.logout(BaseClass.java:83)
]]>
    </failure>
  </testcase> <!-- @AfterMethod logout -->
  <testcase classname="GenericLibrary.BaseClass" name="@AfterClass closebrowser" time="-1.698646893539E9">
    <skipped/>
  </testcase> <!-- @AfterClass closebrowser -->
  <testcase classname="Alertverification.Alertverify" name="alert_generate_test" time="9.072"/>
</testsuite> <!-- Default test -->
