<?xml version="1.0" encoding="UTF-8"?>
<testng-results ignored="0" total="1" passed="0" failed="1" skipped="0">
  <reporter-output>
    <line>
      <![CDATA[launching browser successful=====]]>
    </line>
    <line>
      <![CDATA[login successful]]>
    </line>
  </reporter-output>
  <suite started-at="2024-03-16T16:18:23 IST" name="Default suite" finished-at="2024-03-16T16:18:59 IST" duration-ms="35369">
    <groups>
    </groups>
    <test started-at="2024-03-16T16:18:23 IST" name="Default test" finished-at="2024-03-16T16:18:59 IST" duration-ms="35369">
      <class name="DeviceTest.DynamicDahboardTest">
        <test-method is-config="true" signature="launchBrowser()[pri:0, instance:DeviceTest.DynamicDahboardTest@235ecd9f]" started-at="2024-03-16T16:18:23 IST" name="launchBrowser" finished-at="2024-03-16T16:18:35 IST" duration-ms="11631" status="PASS">
          <reporter-output>
            <line>
              <![CDATA[launching browser successful=====]]>
            </line>
          </reporter-output>
        </test-method> <!-- launchBrowser -->
        <test-method is-config="true" signature="login()[pri:0, instance:DeviceTest.DynamicDahboardTest@235ecd9f]" started-at="2024-03-16T16:18:35 IST" name="login" finished-at="2024-03-16T16:18:36 IST" duration-ms="998" status="PASS">
          <reporter-output>
            <line>
              <![CDATA[login successful]]>
            </line>
          </reporter-output>
        </test-method> <!-- login -->
        <test-method signature="ddtest()[pri:0, instance:DeviceTest.DynamicDahboardTest@235ecd9f]" started-at="2024-03-16T16:18:36 IST" name="ddtest" finished-at="2024-03-16T16:18:58 IST" duration-ms="22313" status="FAIL">
          <exception class="java.lang.NullPointerException">
            <message>
              <![CDATA[Cannot invoke "org.openqa.selenium.SearchContext.findElement(org.openqa.selenium.By)" because "this.searchContext" is null]]>
            </message>
            <full-stacktrace>
              <![CDATA[java.lang.NullPointerException: Cannot invoke "org.openqa.selenium.SearchContext.findElement(org.openqa.selenium.By)" because "this.searchContext" is null
at org.openqa.selenium.support.pagefactory.DefaultElementLocator.findElement(DefaultElementLocator.java:68)
at org.openqa.selenium.support.pagefactory.internal.LocatingElementHandler.invoke(LocatingElementHandler.java:38)
at jdk.proxy2/jdk.proxy2.$Proxy12.click(Unknown Source)
at ObjectRepository.HomePage.clickOnDynamicDashboard(HomePage.java:76)
at DeviceTest.DynamicDahboardTest.ddtest(DynamicDahboardTest.java:20)
at java.base/jdk.internal.reflect.NativeMethodAccessorImpl.invoke0(Native Method)
at java.base/jdk.internal.reflect.NativeMethodAccessorImpl.invoke(NativeMethodAccessorImpl.java:77)
at java.base/jdk.internal.reflect.DelegatingMethodAccessorImpl.invoke(DelegatingMethodAccessorImpl.java:43)
at java.base/java.lang.reflect.Method.invoke(Method.java:568)
at org.testng.internal.MethodInvocationHelper.invokeMethod(MethodInvocationHelper.java:133)
at org.testng.internal.TestInvoker.invokeMethod(TestInvoker.java:598)
at org.testng.internal.TestInvoker.invokeTestMethod(TestInvoker.java:173)
at org.testng.internal.MethodRunner.runInSequence(MethodRunner.java:46)
at org.testng.internal.TestInvoker$MethodInvocationAgent.invoke(TestInvoker.java:824)
at org.testng.internal.TestInvoker.invokeTestMethods(TestInvoker.java:146)
at org.testng.internal.TestMethodWorker.invokeTestMethods(TestMethodWorker.java:146)
at org.testng.internal.TestMethodWorker.run(TestMethodWorker.java:128)
at java.base/java.util.ArrayList.forEach(ArrayList.java:1511)
at org.testng.TestRunner.privateRun(TestRunner.java:794)
at org.testng.TestRunner.run(TestRunner.java:596)
at org.testng.SuiteRunner.runTest(SuiteRunner.java:377)
at org.testng.SuiteRunner.runSequentially(SuiteRunner.java:371)
at org.testng.SuiteRunner.privateRun(SuiteRunner.java:332)
at org.testng.SuiteRunner.run(SuiteRunner.java:276)
at org.testng.SuiteRunnerWorker.runSuite(SuiteRunnerWorker.java:53)
at org.testng.SuiteRunnerWorker.run(SuiteRunnerWorker.java:96)
at org.testng.TestNG.runSuitesSequentially(TestNG.java:1212)
at org.testng.TestNG.runSuitesLocally(TestNG.java:1134)
at org.testng.TestNG.runSuites(TestNG.java:1063)
at org.testng.TestNG.run(TestNG.java:1031)
at org.testng.remote.AbstractRemoteTestNG.run(AbstractRemoteTestNG.java:115)
at org.testng.remote.RemoteTestNG.initAndRun(RemoteTestNG.java:251)
at org.testng.remote.RemoteTestNG.main(RemoteTestNG.java:77)
]]>
            </full-stacktrace>
          </exception> <!-- java.lang.NullPointerException -->
          <reporter-output>
          </reporter-output>
        </test-method> <!-- ddtest -->
        <test-method is-config="true" signature="closebrowser()[pri:0, instance:DeviceTest.DynamicDahboardTest@235ecd9f]" started-at="2024-03-16T16:18:58 IST" name="closebrowser" finished-at="2024-03-16T16:18:59 IST" duration-ms="348" status="PASS">
          <reporter-output>
          </reporter-output>
        </test-method> <!-- closebrowser -->
      </class> <!-- DeviceTest.DynamicDahboardTest -->
    </test> <!-- Default test -->
  </suite> <!-- Default suite -->
</testng-results>
