<?xml version="1.0" encoding="UTF-8"?>
<!-- Generated by org.testng.reporters.JUnitXMLReporter -->
<testsuite ignored="2" hostname="Rafeeks-MacBook-Air.local" failures="0" tests="17" name="Default test" time="103.054" errors="0" timestamp="2024-04-23T16:48:18 IST">
  <testcase classname="PingTest.FormTests" name="loadTicketReportTest" time="5.936"/>
  <testcase classname="PingTest.FormTests" name="loadFormReportTest" time="5.919"/>
  <testcase classname="PingTest.FormTests" name="loadFormParameterTest" time="3.361"/>
  <testcase classname="PingTest.FormTests" name="loadFormTypeTest" time="2.961"/>
  <testcase classname="PingTest.FormTests" name="loadFormuserPermissionTest" time="1.996"/>
  <testcase classname="PingTest.FormTests" name="loadDepartmentTableTest" time="4.485"/>
  <testcase classname="PingTest.FormTests" name="addSubDepartmentTest" time="3.66"/>
  <testcase classname="PingTest.FormTests" name="loadRoleTableTest" time="3.844"/>
  <testcase classname="PingTest.FormTests" name="loadManufactureTableTest" time="3.402"/>
  <testcase classname="PingTest.FormTests" name="loadModelTableTest" time="3.481"/>
  <testcase classname="PingTest.FormTests" name="loadMQTTTableTest" time="2.893"/>
  <testcase classname="PingTest.FormTests" name="loadPriorityTableTest" time="3.489"/>
  <testcase classname="PingTest.FormTests" name="loadLocationTypeTableTest" time="4.718"/>
  <testcase classname="PingTest.FormTests" name="loadLocationTable" time="3.625"/>
  <testcase classname="PingTest.FormTests" name="loadProblemTableTest" time="3.486"/>
  <testcase classname="PingTest.FormTests" name="loadAssetMapTableTest" time="3.71"/>
  <testcase classname="PingTest.FormTests" name="loadUserTableTest" time="4.926"/>
  <testcase classname="PingTest.FormTests" name="loadAssetTableTest" time="0.0">
    <ignored/>
  </testcase> <!-- loadAssetTableTest -->
  <testcase classname="PingTest.FormTests" name="loadVendorCompanyTableTest" time="0.0">
    <ignored/>
  </testcase> <!-- loadVendorCompanyTableTest -->
</testsuite> <!-- Default test -->
