<?xml version="1.0" encoding="UTF-8"?>
<testng-results ignored="0" total="1" passed="1" failed="0" skipped="0">
  <reporter-output>
  </reporter-output>
  <suite started-at="2024-04-02T17:03:47 IST" name="Default suite" finished-at="2024-04-02T17:03:52 IST" duration-ms="5180">
    <groups>
    </groups>
    <test started-at="2024-04-02T17:03:47 IST" name="Default test" finished-at="2024-04-02T17:03:52 IST" duration-ms="5180">
      <class name="TextlocalSMSBalance">
        <test-method signature="wwwloginrequest()[pri:0, instance:TextlocalSMSBalance@49912c99]" started-at="2024-04-02T17:03:47 IST" name="wwwloginrequest" finished-at="2024-04-02T17:03:52 IST" duration-ms="5122" status="PASS">
          <reporter-output>
          </reporter-output>
        </test-method> <!-- wwwloginrequest -->
      </class> <!-- TextlocalSMSBalance -->
    </test> <!-- Default test -->
  </suite> <!-- Default suite -->
</testng-results>
