<?xml version="1.0" encoding="UTF-8"?>
<!-- Generated by org.testng.reporters.JUnitXMLReporter -->
<testsuite ignored="18" hostname="Rafeeks-MacBook-Air.local" failures="0" tests="1" name="My test" time="23.594" errors="0" timestamp="2024-01-25T13:22:05 IST">
  <testcase classname="PingTest.FormTests" name="loadTicketReportTest" time="6.707"/>
  <testcase classname="PingTest.FormTests" name="loadDepartmentTableTest" time="0.0">
    <ignored/>
  </testcase> <!-- loadDepartmentTableTest -->
  <testcase classname="PingTest.FormTests" name="loadRoleTableTest" time="0.0">
    <ignored/>
  </testcase> <!-- loadRoleTableTest -->
  <testcase classname="PingTest.FormTests" name="loadMQTTTableTest" time="0.0">
    <ignored/>
  </testcase> <!-- loadMQTTTableTest -->
  <testcase classname="PingTest.FormTests" name="loadAssetTableTest" time="0.0">
    <ignored/>
  </testcase> <!-- loadAssetTableTest -->
  <testcase classname="PingTest.FormTests" name="loadFormParameterTest" time="0.0">
    <ignored/>
  </testcase> <!-- loadFormParameterTest -->
  <testcase classname="PingTest.FormTests" name="loadModelTableTest" time="0.0">
    <ignored/>
  </testcase> <!-- loadModelTableTest -->
  <testcase classname="PingTest.FormTests" name="addSubDepartmentTest" time="0.0">
    <ignored/>
  </testcase> <!-- addSubDepartmentTest -->
  <testcase classname="PingTest.FormTests" name="loadProblemTableTest" time="0.0">
    <ignored/>
  </testcase> <!-- loadProblemTableTest -->
  <testcase classname="PingTest.FormTests" name="loadLocationTypeTableTest" time="0.0">
    <ignored/>
  </testcase> <!-- loadLocationTypeTableTest -->
  <testcase classname="PingTest.FormTests" name="loadPriorityTableTest" time="0.0">
    <ignored/>
  </testcase> <!-- loadPriorityTableTest -->
  <testcase classname="PingTest.FormTests" name="loadUserTableTest" time="0.0">
    <ignored/>
  </testcase> <!-- loadUserTableTest -->
  <testcase classname="PingTest.FormTests" name="loadFormReportTest" time="0.0">
    <ignored/>
  </testcase> <!-- loadFormReportTest -->
  <testcase classname="PingTest.FormTests" name="loadLocationTable" time="0.0">
    <ignored/>
  </testcase> <!-- loadLocationTable -->
  <testcase classname="PingTest.FormTests" name="loadAssetMapTableTest" time="0.0">
    <ignored/>
  </testcase> <!-- loadAssetMapTableTest -->
  <testcase classname="PingTest.FormTests" name="loadFormTypeTest" time="0.0">
    <ignored/>
  </testcase> <!-- loadFormTypeTest -->
  <testcase classname="PingTest.FormTests" name="loadFormuserPermissionTest" time="0.0">
    <ignored/>
  </testcase> <!-- loadFormuserPermissionTest -->
  <testcase classname="PingTest.FormTests" name="loadVendorCompanyTableTest" time="0.0">
    <ignored/>
  </testcase> <!-- loadVendorCompanyTableTest -->
  <testcase classname="PingTest.FormTests" name="loadManufactureTableTest" time="0.0">
    <ignored/>
  </testcase> <!-- loadManufactureTableTest -->
</testsuite> <!-- My test -->
