<?xml version="1.0" encoding="UTF-8"?>
<testng-results ignored="0" total="2" passed="2" failed="0" skipped="0">
  <reporter-output>
  </reporter-output>
  <suite started-at="2023-10-13T15:30:30 IST" name="Default suite" finished-at="2023-10-13T15:35:00 IST" duration-ms="270178">
    <groups>
    </groups>
    <test started-at="2023-10-13T15:30:30 IST" name="Default test" finished-at="2023-10-13T15:35:00 IST" duration-ms="270178">
      <class name="Alert_Verify_TestCases.ALert_Verify_TestMethods">
        <test-method is-config="true" signature="Beforemethod()[pri:0, instance:Alert_Verify_TestCases.ALert_Verify_TestMethods@7ea9e1e2]" started-at="2023-10-13T15:30:30 IST" name="Beforemethod" finished-at="2023-10-13T15:30:38 IST" duration-ms="7946" status="PASS">
          <reporter-output>
          </reporter-output>
        </test-method> <!-- Beforemethod -->
        <test-method signature="Alert_Active()[pri:0, instance:Alert_Verify_TestCases.ALert_Verify_TestMethods@7ea9e1e2]" started-at="2023-10-13T15:30:38 IST" name="Alert_Active" finished-at="2023-10-13T15:32:46 IST" duration-ms="128245" status="PASS">
          <reporter-output>
          </reporter-output>
        </test-method> <!-- Alert_Active -->
        <test-method is-config="true" signature="Close_Browser()[pri:0, instance:Alert_Verify_TestCases.ALert_Verify_TestMethods@7ea9e1e2]" started-at="2023-10-13T15:32:46 IST" name="Close_Browser" finished-at="2023-10-13T15:32:46 IST" duration-ms="192" status="PASS">
          <reporter-output>
          </reporter-output>
        </test-method> <!-- Close_Browser -->
        <test-method is-config="true" signature="Beforemethod()[pri:0, instance:Alert_Verify_TestCases.ALert_Verify_TestMethods@7ea9e1e2]" started-at="2023-10-13T15:32:46 IST" name="Beforemethod" finished-at="2023-10-13T15:32:52 IST" duration-ms="5575" status="PASS">
          <reporter-output>
          </reporter-output>
        </test-method> <!-- Beforemethod -->
        <test-method signature="Alert_Close()[pri:0, instance:Alert_Verify_TestCases.ALert_Verify_TestMethods@7ea9e1e2]" started-at="2023-10-13T15:32:52 IST" name="Alert_Close" finished-at="2023-10-13T15:34:58 IST" duration-ms="126551" status="PASS">
          <reporter-output>
          </reporter-output>
        </test-method> <!-- Alert_Close -->
        <test-method is-config="true" signature="Close_Browser()[pri:0, instance:Alert_Verify_TestCases.ALert_Verify_TestMethods@7ea9e1e2]" started-at="2023-10-13T15:34:58 IST" name="Close_Browser" finished-at="2023-10-13T15:34:58 IST" duration-ms="131" status="PASS">
          <reporter-output>
          </reporter-output>
        </test-method> <!-- Close_Browser -->
        <test-method is-config="true" signature="Close_All_alert()[pri:0, instance:Alert_Verify_TestCases.ALert_Verify_TestMethods@7ea9e1e2]" started-at="2023-10-13T15:34:58 IST" name="Close_All_alert" finished-at="2023-10-13T15:35:00 IST" duration-ms="1486" status="PASS">
          <reporter-output>
          </reporter-output>
        </test-method> <!-- Close_All_alert -->
      </class> <!-- Alert_Verify_TestCases.ALert_Verify_TestMethods -->
    </test> <!-- Default test -->
  </suite> <!-- Default suite -->
</testng-results>
