<?xml version="1.0" encoding="UTF-8"?>
<testng-results ignored="0" total="1" passed="1" failed="0" skipped="0">
  <reporter-output>
    <line>
      <![CDATA[launching browser successful=====]]>
    </line>
    <line>
      <![CDATA[login successful]]>
    </line>
  </reporter-output>
  <suite started-at="2023-10-30T11:51:06 IST" name="Default suite" finished-at="2023-10-30T11:51:33 IST" duration-ms="27143">
    <groups>
    </groups>
    <test started-at="2023-10-30T11:51:06 IST" name="Default test" finished-at="2023-10-30T11:51:33 IST" duration-ms="27143">
      <class name="Alertverification.Alertverify">
        <test-method is-config="true" signature="launchBrowser()[pri:0, instance:Alertverification.Alertverify@1349883]" started-at="2023-10-30T11:51:06 IST" name="launchBrowser" finished-at="2023-10-30T11:51:22 IST" duration-ms="15664" status="PASS">
          <reporter-output>
            <line>
              <![CDATA[launching browser successful=====]]>
            </line>
          </reporter-output>
        </test-method> <!-- launchBrowser -->
        <test-method is-config="true" signature="login()[pri:0, instance:Alertverification.Alertverify@1349883]" started-at="2023-10-30T11:51:22 IST" name="login" finished-at="2023-10-30T11:51:23 IST" duration-ms="1085" status="PASS">
          <reporter-output>
            <line>
              <![CDATA[login successful]]>
            </line>
          </reporter-output>
        </test-method> <!-- login -->
        <test-method signature="alert_generate_test()[pri:0, instance:Alertverification.Alertverify@1349883]" started-at="2023-10-30T11:51:23 IST" name="alert_generate_test" finished-at="2023-10-30T11:51:32 IST" duration-ms="9072" status="PASS">
          <reporter-output>
          </reporter-output>
        </test-method> <!-- alert_generate_test -->
        <test-method is-config="true" signature="logout()[pri:0, instance:Alertverification.Alertverify@1349883]" started-at="2023-10-30T11:51:32 IST" name="logout" finished-at="2023-10-30T11:51:33 IST" duration-ms="1217" status="FAIL">
          <exception class="java.lang.StackOverflowError">
            <full-stacktrace>
              <![CDATA[java.lang.StackOverflowError
at java.base/java.lang.StringBuilder.append(StringBuilder.java:209)
at java.base/java.lang.StringBuilder.append(StringBuilder.java:91)
at java.base/java.util.Formatter$FormatSpecifier.appendJustified(Formatter.java:3093)
at java.base/java.util.Formatter$FormatSpecifier.print(Formatter.java:3083)
at java.base/java.util.Formatter$FormatSpecifier.printString(Formatter.java:3056)
at java.base/java.util.Formatter$FormatSpecifier.print(Formatter.java:2933)
at java.base/java.util.Formatter.format(Formatter.java:2689)
at java.base/java.util.Formatter.format(Formatter.java:2625)
at java.base/java.lang.String.format(String.java:4143)
at org.openqa.selenium.By$PreW3CLocator.<init>(By.java:425)
at org.openqa.selenium.By$PreW3CLocator.<init>(By.java:417)
at org.openqa.selenium.By$ById.<init>(By.java:187)
at org.openqa.selenium.By.id(By.java:49)
at org.openqa.selenium.support.AbstractFindByBuilder.buildByFromShortFindBy(AbstractFindByBuilder.java:50)
at org.openqa.selenium.support.FindBy$FindByBuilder.buildIt(FindBy.java:83)
at org.openqa.selenium.support.pagefactory.Annotations.buildBy(Annotations.java:82)
at org.openqa.selenium.support.pagefactory.DefaultElementLocator.<init>(DefaultElementLocator.java:58)
at org.openqa.selenium.support.pagefactory.DefaultElementLocator.<init>(DefaultElementLocator.java:46)
at org.openqa.selenium.support.pagefactory.DefaultElementLocatorFactory.createLocator(DefaultElementLocatorFactory.java:32)
at org.openqa.selenium.support.pagefactory.DefaultFieldDecorator.decorate(DefaultFieldDecorator.java:55)
at org.openqa.selenium.support.PageFactory.proxyFields(PageFactory.java:109)
at org.openqa.selenium.support.PageFactory.initElements(PageFactory.java:101)
at org.openqa.selenium.support.PageFactory.initElements(PageFactory.java:88)
at org.openqa.selenium.support.PageFactory.initElements(PageFactory.java:76)
at objectRepository.LoginPage.<init>(LoginPage.java:22)
at GenericLibrary.BaseClass.<init>(BaseClass.java:25)
at objectRepository.HomePage.<init>(HomePage.java:41)
at GenericLibrary.BaseClass.logout(BaseClass.java:82)
at GenericLibrary.BaseClass.logout(BaseClass.java:83)
at GenericLibrary.BaseClass.logout(BaseClass.java:83)
at GenericLibrary.BaseClass.logout(BaseClass.java:83)
at GenericLibrary.BaseClass.logout(BaseClass.java:83)
at GenericLibrary.BaseClass.logout(BaseClass.java:83)
at GenericLibrary.BaseClass.logout(BaseClass.java:83)
at GenericLibrary.BaseClass.logout(BaseClass.java:83)
at GenericLibrary.BaseClass.logout(BaseClass.java:83)
at GenericLibrary.BaseClass.logout(BaseClass.java:83)
at GenericLibrary.BaseClass.logout(BaseClass.java:83)
at GenericLibrary.BaseClass.logout(BaseClass.java:83)
at GenericLibrary.BaseClass.logout(BaseClass.java:83)
at GenericLibrary.BaseClass.logout(BaseClass.java:83)
at GenericLibrary.BaseClass.logout(BaseClass.java:83)
at GenericLibrary.BaseClass.logout(BaseClass.java:83)
at GenericLibrary.BaseClass.logout(BaseClass.java:83)
at GenericLibrary.BaseClass.logout(BaseClass.java:83)
at GenericLibrary.BaseClass.logout(BaseClass.java:83)
at GenericLibrary.BaseClass.logout(BaseClass.java:83)
at GenericLibrary.BaseClass.logout(BaseClass.java:83)
at GenericLibrary.BaseClass.logout(BaseClass.java:83)
at GenericLibrary.BaseClass.logout(BaseClass.java:83)
at GenericLibrary.BaseClass.logout(BaseClass.java:83)
at GenericLibrary.BaseClass.logout(BaseClass.java:83)
at GenericLibrary.BaseClass.logout(BaseClass.java:83)
at GenericLibrary.BaseClass.logout(BaseClass.java:83)
at GenericLibrary.BaseClass.logout(BaseClass.java:83)
at GenericLibrary.BaseClass.logout(BaseClass.java:83)
at GenericLibrary.BaseClass.logout(BaseClass.java:83)
at GenericLibrary.BaseClass.logout(BaseClass.java:83)
at GenericLibrary.BaseClass.logout(BaseClass.java:83)
at GenericLibrary.BaseClass.logout(BaseClass.java:83)
at GenericLibrary.BaseClass.logout(BaseClass.java:83)
at GenericLibrary.BaseClass.logout(BaseClass.java:83)
at GenericLibrary.BaseClass.logout(BaseClass.java:83)
at GenericLibrary.BaseClass.logout(BaseClass.java:83)
at GenericLibrary.BaseClass.logout(BaseClass.java:83)
at GenericLibrary.BaseClass.logout(BaseClass.java:83)
at GenericLibrary.BaseClass.logout(BaseClass.java:83)
at GenericLibrary.BaseClass.logout(BaseClass.java:83)
at GenericLibrary.BaseClass.logout(BaseClass.java:83)
at GenericLibrary.BaseClass.logout(BaseClass.java:83)
at GenericLibrary.BaseClass.logout(BaseClass.java:83)
at GenericLibrary.BaseClass.logout(BaseClass.java:83)
at GenericLibrary.BaseClass.logout(BaseClass.java:83)
at GenericLibrary.BaseClass.logout(BaseClass.java:83)
at GenericLibrary.BaseClass.logout(BaseClass.java:83)
at GenericLibrary.BaseClass.logout(BaseClass.java:83)
at GenericLibrary.BaseClass.logout(BaseClass.java:83)
at GenericLibrary.BaseClass.logout(BaseClass.java:83)
at GenericLibrary.BaseClass.logout(BaseClass.java:83)
at GenericLibrary.BaseClass.logout(BaseClass.java:83)
at GenericLibrary.BaseClass.logout(BaseClass.java:83)
at GenericLibrary.BaseClass.logout(BaseClass.java:83)
at GenericLibrary.BaseClass.logout(BaseClass.java:83)
at GenericLibrary.BaseClass.logout(BaseClass.java:83)
at GenericLibrary.BaseClass.logout(BaseClass.java:83)
at GenericLibrary.BaseClass.logout(BaseClass.java:83)
at GenericLibrary.BaseClass.logout(BaseClass.java:83)
at GenericLibrary.BaseClass.logout(BaseClass.java:83)
at GenericLibrary.BaseClass.logout(BaseClass.java:83)
at GenericLibrary.BaseClass.logout(BaseClass.java:83)
at GenericLibrary.BaseClass.logout(BaseClass.java:83)
at GenericLibrary.BaseClass.logout(BaseClass.java:83)
at GenericLibrary.BaseClass.logout(BaseClass.java:83)
at GenericLibrary.BaseClass.logout(BaseClass.java:83)
at GenericLibrary.BaseClass.logout(BaseClass.java:83)
at GenericLibrary.BaseClass.logout(BaseClass.java:83)
at GenericLibrary.BaseClass.logout(BaseClass.java:83)
at GenericLibrary.BaseClass.logout(BaseClass.java:83)
at GenericLibrary.BaseClass.logout(BaseClass.java:83)
at GenericLibrary.BaseClass.logout(BaseClass.java:83)
at GenericLibrary.BaseClass.logout(BaseClass.java:83)
at GenericLibrary.BaseClass.logout(BaseClass.java:83)
at GenericLibrary.BaseClass.logout(BaseClass.java:83)
at GenericLibrary.BaseClass.logout(BaseClass.java:83)
at GenericLibrary.BaseClass.logout(BaseClass.java:83)
at GenericLibrary.BaseClass.logout(BaseClass.java:83)
at GenericLibrary.BaseClass.logout(BaseClass.java:83)
at GenericLibrary.BaseClass.logout(BaseClass.java:83)
at GenericLibrary.BaseClass.logout(BaseClass.java:83)
at GenericLibrary.BaseClass.logout(BaseClass.java:83)
at GenericLibrary.BaseClass.logout(BaseClass.java:83)
at GenericLibrary.BaseClass.logout(BaseClass.java:83)
at GenericLibrary.BaseClass.logout(BaseClass.java:83)
at GenericLibrary.BaseClass.logout(BaseClass.java:83)
at GenericLibrary.BaseClass.logout(BaseClass.java:83)
at GenericLibrary.BaseClass.logout(BaseClass.java:83)
at GenericLibrary.BaseClass.logout(BaseClass.java:83)
at GenericLibrary.BaseClass.logout(BaseClass.java:83)
at GenericLibrary.BaseClass.logout(BaseClass.java:83)
at GenericLibrary.BaseClass.logout(BaseClass.java:83)
at GenericLibrary.BaseClass.logout(BaseClass.java:83)
at GenericLibrary.BaseClass.logout(BaseClass.java:83)
at GenericLibrary.BaseClass.logout(BaseClass.java:83)
at GenericLibrary.BaseClass.logout(BaseClass.java:83)
at GenericLibrary.BaseClass.logout(BaseClass.java:83)
at GenericLibrary.BaseClass.logout(BaseClass.java:83)
at GenericLibrary.BaseClass.logout(BaseClass.java:83)
at GenericLibrary.BaseClass.logout(BaseClass.java:83)
at GenericLibrary.BaseClass.logout(BaseClass.java:83)
at GenericLibrary.BaseClass.logout(BaseClass.java:83)
at GenericLibrary.BaseClass.logout(BaseClass.java:83)
at GenericLibrary.BaseClass.logout(BaseClass.java:83)
at GenericLibrary.BaseClass.logout(BaseClass.java:83)
at GenericLibrary.BaseClass.logout(BaseClass.java:83)
at GenericLibrary.BaseClass.logout(BaseClass.java:83)
at GenericLibrary.BaseClass.logout(BaseClass.java:83)
at GenericLibrary.BaseClass.logout(BaseClass.java:83)
at GenericLibrary.BaseClass.logout(BaseClass.java:83)
at GenericLibrary.BaseClass.logout(BaseClass.java:83)
at GenericLibrary.BaseClass.logout(BaseClass.java:83)
at GenericLibrary.BaseClass.logout(BaseClass.java:83)
at GenericLibrary.BaseClass.logout(BaseClass.java:83)
at GenericLibrary.BaseClass.logout(BaseClass.java:83)
at GenericLibrary.BaseClass.logout(BaseClass.java:83)
at GenericLibrary.BaseClass.logout(BaseClass.java:83)
at GenericLibrary.BaseClass.logout(BaseClass.java:83)
at GenericLibrary.BaseClass.logout(BaseClass.java:83)
at GenericLibrary.BaseClass.logout(BaseClass.java:83)
at GenericLibrary.BaseClass.logout(BaseClass.java:83)
at GenericLibrary.BaseClass.logout(BaseClass.java:83)
at GenericLibrary.BaseClass.logout(BaseClass.java:83)
at GenericLibrary.BaseClass.logout(BaseClass.java:83)
at GenericLibrary.BaseClass.logout(BaseClass.java:83)
at GenericLibrary.BaseClass.logout(BaseClass.java:83)
at GenericLibrary.BaseClass.logout(BaseClass.java:83)
at GenericLibrary.BaseClass.logout(BaseClass.java:83)
at GenericLibrary.BaseClass.logout(BaseClass.java:83)
at GenericLibrary.BaseClass.logout(BaseClass.java:83)
at GenericLibrary.BaseClass.logout(BaseClass.java:83)
at GenericLibrary.BaseClass.logout(BaseClass.java:83)
at GenericLibrary.BaseClass.logout(BaseClass.java:83)
at GenericLibrary.BaseClass.logout(BaseClass.java:83)
at GenericLibrary.BaseClass.logout(BaseClass.java:83)
at GenericLibrary.BaseClass.logout(BaseClass.java:83)
at GenericLibrary.BaseClass.logout(BaseClass.java:83)
at GenericLibrary.BaseClass.logout(BaseClass.java:83)
at GenericLibrary.BaseClass.logout(BaseClass.java:83)
at GenericLibrary.BaseClass.logout(BaseClass.java:83)
at GenericLibrary.BaseClass.logout(BaseClass.java:83)
at GenericLibrary.BaseClass.logout(BaseClass.java:83)
at GenericLibrary.BaseClass.logout(BaseClass.java:83)
at GenericLibrary.BaseClass.logout(BaseClass.java:83)
at GenericLibrary.BaseClass.logout(BaseClass.java:83)
at GenericLibrary.BaseClass.logout(BaseClass.java:83)
at GenericLibrary.BaseClass.logout(BaseClass.java:83)
at GenericLibrary.BaseClass.logout(BaseClass.java:83)
at GenericLibrary.BaseClass.logout(BaseClass.java:83)
at GenericLibrary.BaseClass.logout(BaseClass.java:83)
at GenericLibrary.BaseClass.logout(BaseClass.java:83)
at GenericLibrary.BaseClass.logout(BaseClass.java:83)
at GenericLibrary.BaseClass.logout(BaseClass.java:83)
at GenericLibrary.BaseClass.logout(BaseClass.java:83)
at GenericLibrary.BaseClass.logout(BaseClass.java:83)
at GenericLibrary.BaseClass.logout(BaseClass.java:83)
at GenericLibrary.BaseClass.logout(BaseClass.java:83)
at GenericLibrary.BaseClass.logout(BaseClass.java:83)
at GenericLibrary.BaseClass.logout(BaseClass.java:83)
at GenericLibrary.BaseClass.logout(BaseClass.java:83)
at GenericLibrary.BaseClass.logout(BaseClass.java:83)
at GenericLibrary.BaseClass.logout(BaseClass.java:83)
at GenericLibrary.BaseClass.logout(BaseClass.java:83)
at GenericLibrary.BaseClass.logout(BaseClass.java:83)
at GenericLibrary.BaseClass.logout(BaseClass.java:83)
at GenericLibrary.BaseClass.logout(BaseClass.java:83)
at GenericLibrary.BaseClass.logout(BaseClass.java:83)
at GenericLibrary.BaseClass.logout(BaseClass.java:83)
at GenericLibrary.BaseClass.logout(BaseClass.java:83)
at GenericLibrary.BaseClass.logout(BaseClass.java:83)
at GenericLibrary.BaseClass.logout(BaseClass.java:83)
at GenericLibrary.BaseClass.logout(BaseClass.java:83)
at GenericLibrary.BaseClass.logout(BaseClass.java:83)
at GenericLibrary.BaseClass.logout(BaseClass.java:83)
at GenericLibrary.BaseClass.logout(BaseClass.java:83)
at GenericLibrary.BaseClass.logout(BaseClass.java:83)
at GenericLibrary.BaseClass.logout(BaseClass.java:83)
at GenericLibrary.BaseClass.logout(BaseClass.java:83)
at GenericLibrary.BaseClass.logout(BaseClass.java:83)
at GenericLibrary.BaseClass.logout(BaseClass.java:83)
at GenericLibrary.BaseClass.logout(BaseClass.java:83)
at GenericLibrary.BaseClass.logout(BaseClass.java:83)
at GenericLibrary.BaseClass.logout(BaseClass.java:83)
at GenericLibrary.BaseClass.logout(BaseClass.java:83)
at GenericLibrary.BaseClass.logout(BaseClass.java:83)
at GenericLibrary.BaseClass.logout(BaseClass.java:83)
at GenericLibrary.BaseClass.logout(BaseClass.java:83)
at GenericLibrary.BaseClass.logout(BaseClass.java:83)
at GenericLibrary.BaseClass.logout(BaseClass.java:83)
at GenericLibrary.BaseClass.logout(BaseClass.java:83)
at GenericLibrary.BaseClass.logout(BaseClass.java:83)
at GenericLibrary.BaseClass.logout(BaseClass.java:83)
at GenericLibrary.BaseClass.logout(BaseClass.java:83)
at GenericLibrary.BaseClass.logout(BaseClass.java:83)
at GenericLibrary.BaseClass.logout(BaseClass.java:83)
at GenericLibrary.BaseClass.logout(BaseClass.java:83)
at GenericLibrary.BaseClass.logout(BaseClass.java:83)
at GenericLibrary.BaseClass.logout(BaseClass.java:83)
at GenericLibrary.BaseClass.logout(BaseClass.java:83)
at GenericLibrary.BaseClass.logout(BaseClass.java:83)
at GenericLibrary.BaseClass.logout(BaseClass.java:83)
at GenericLibrary.BaseClass.logout(BaseClass.java:83)
at GenericLibrary.BaseClass.logout(BaseClass.java:83)
at GenericLibrary.BaseClass.logout(BaseClass.java:83)
at GenericLibrary.BaseClass.logout(BaseClass.java:83)
at GenericLibrary.BaseClass.logout(BaseClass.java:83)
at GenericLibrary.BaseClass.logout(BaseClass.java:83)
at GenericLibrary.BaseClass.logout(BaseClass.java:83)
at GenericLibrary.BaseClass.logout(BaseClass.java:83)
at GenericLibrary.BaseClass.logout(BaseClass.java:83)
at GenericLibrary.BaseClass.logout(BaseClass.java:83)
at GenericLibrary.BaseClass.logout(BaseClass.java:83)
at GenericLibrary.BaseClass.logout(BaseClass.java:83)
at GenericLibrary.BaseClass.logout(BaseClass.java:83)
at GenericLibrary.BaseClass.logout(BaseClass.java:83)
at GenericLibrary.BaseClass.logout(BaseClass.java:83)
at GenericLibrary.BaseClass.logout(BaseClass.java:83)
at GenericLibrary.BaseClass.logout(BaseClass.java:83)
at GenericLibrary.BaseClass.logout(BaseClass.java:83)
at GenericLibrary.BaseClass.logout(BaseClass.java:83)
at GenericLibrary.BaseClass.logout(BaseClass.java:83)
at GenericLibrary.BaseClass.logout(BaseClass.java:83)
at GenericLibrary.BaseClass.logout(BaseClass.java:83)
at GenericLibrary.BaseClass.logout(BaseClass.java:83)
at GenericLibrary.BaseClass.logout(BaseClass.java:83)
at GenericLibrary.BaseClass.logout(BaseClass.java:83)
at GenericLibrary.BaseClass.logout(BaseClass.java:83)
at GenericLibrary.BaseClass.logout(BaseClass.java:83)
at GenericLibrary.BaseClass.logout(BaseClass.java:83)
at GenericLibrary.BaseClass.logout(BaseClass.java:83)
at GenericLibrary.BaseClass.logout(BaseClass.java:83)
at GenericLibrary.BaseClass.logout(BaseClass.java:83)
at GenericLibrary.BaseClass.logout(BaseClass.java:83)
at GenericLibrary.BaseClass.logout(BaseClass.java:83)
at GenericLibrary.BaseClass.logout(BaseClass.java:83)
at GenericLibrary.BaseClass.logout(BaseClass.java:83)
at GenericLibrary.BaseClass.logout(BaseClass.java:83)
at GenericLibrary.BaseClass.logout(BaseClass.java:83)
at GenericLibrary.BaseClass.logout(BaseClass.java:83)
at GenericLibrary.BaseClass.logout(BaseClass.java:83)
at GenericLibrary.BaseClass.logout(BaseClass.java:83)
at GenericLibrary.BaseClass.logout(BaseClass.java:83)
at GenericLibrary.BaseClass.logout(BaseClass.java:83)
at GenericLibrary.BaseClass.logout(BaseClass.java:83)
at GenericLibrary.BaseClass.logout(BaseClass.java:83)
at GenericLibrary.BaseClass.logout(BaseClass.java:83)
at GenericLibrary.BaseClass.logout(BaseClass.java:83)
at GenericLibrary.BaseClass.logout(BaseClass.java:83)
at GenericLibrary.BaseClass.logout(BaseClass.java:83)
at GenericLibrary.BaseClass.logout(BaseClass.java:83)
at GenericLibrary.BaseClass.logout(BaseClass.java:83)
at GenericLibrary.BaseClass.logout(BaseClass.java:83)
at GenericLibrary.BaseClass.logout(BaseClass.java:83)
at GenericLibrary.BaseClass.logout(BaseClass.java:83)
at GenericLibrary.BaseClass.logout(BaseClass.java:83)
at GenericLibrary.BaseClass.logout(BaseClass.java:83)
at GenericLibrary.BaseClass.logout(BaseClass.java:83)
at GenericLibrary.BaseClass.logout(BaseClass.java:83)
at GenericLibrary.BaseClass.logout(BaseClass.java:83)
at GenericLibrary.BaseClass.logout(BaseClass.java:83)
at GenericLibrary.BaseClass.logout(BaseClass.java:83)
at GenericLibrary.BaseClass.logout(BaseClass.java:83)
at GenericLibrary.BaseClass.logout(BaseClass.java:83)
at GenericLibrary.BaseClass.logout(BaseClass.java:83)
at GenericLibrary.BaseClass.logout(BaseClass.java:83)
at GenericLibrary.BaseClass.logout(BaseClass.java:83)
at GenericLibrary.BaseClass.logout(BaseClass.java:83)
at GenericLibrary.BaseClass.logout(BaseClass.java:83)
at GenericLibrary.BaseClass.logout(BaseClass.java:83)
at GenericLibrary.BaseClass.logout(BaseClass.java:83)
at GenericLibrary.BaseClass.logout(BaseClass.java:83)
at GenericLibrary.BaseClass.logout(BaseClass.java:83)
at GenericLibrary.BaseClass.logout(BaseClass.java:83)
at GenericLibrary.BaseClass.logout(BaseClass.java:83)
at GenericLibrary.BaseClass.logout(BaseClass.java:83)
at GenericLibrary.BaseClass.logout(BaseClass.java:83)
at GenericLibrary.BaseClass.logout(BaseClass.java:83)
at GenericLibrary.BaseClass.logout(BaseClass.java:83)
at GenericLibrary.BaseClass.logout(BaseClass.java:83)
at GenericLibrary.BaseClass.logout(BaseClass.java:83)
at GenericLibrary.BaseClass.logout(BaseClass.java:83)
at GenericLibrary.BaseClass.logout(BaseClass.java:83)
at GenericLibrary.BaseClass.logout(BaseClass.java:83)
at GenericLibrary.BaseClass.logout(BaseClass.java:83)
at GenericLibrary.BaseClass.logout(BaseClass.java:83)
at GenericLibrary.BaseClass.logout(BaseClass.java:83)
at GenericLibrary.BaseClass.logout(BaseClass.java:83)
at GenericLibrary.BaseClass.logout(BaseClass.java:83)
at GenericLibrary.BaseClass.logout(BaseClass.java:83)
at GenericLibrary.BaseClass.logout(BaseClass.java:83)
at GenericLibrary.BaseClass.logout(BaseClass.java:83)
at GenericLibrary.BaseClass.logout(BaseClass.java:83)
at GenericLibrary.BaseClass.logout(BaseClass.java:83)
at GenericLibrary.BaseClass.logout(BaseClass.java:83)
at GenericLibrary.BaseClass.logout(BaseClass.java:83)
at GenericLibrary.BaseClass.logout(BaseClass.java:83)
at GenericLibrary.BaseClass.logout(BaseClass.java:83)
at GenericLibrary.BaseClass.logout(BaseClass.java:83)
at GenericLibrary.BaseClass.logout(BaseClass.java:83)
at GenericLibrary.BaseClass.logout(BaseClass.java:83)
at GenericLibrary.BaseClass.logout(BaseClass.java:83)
at GenericLibrary.BaseClass.logout(BaseClass.java:83)
at GenericLibrary.BaseClass.logout(BaseClass.java:83)
at GenericLibrary.BaseClass.logout(BaseClass.java:83)
at GenericLibrary.BaseClass.logout(BaseClass.java:83)
at GenericLibrary.BaseClass.logout(BaseClass.java:83)
at GenericLibrary.BaseClass.logout(BaseClass.java:83)
at GenericLibrary.BaseClass.logout(BaseClass.java:83)
at GenericLibrary.BaseClass.logout(BaseClass.java:83)
at GenericLibrary.BaseClass.logout(BaseClass.java:83)
at GenericLibrary.BaseClass.logout(BaseClass.java:83)
at GenericLibrary.BaseClass.logout(BaseClass.java:83)
at GenericLibrary.BaseClass.logout(BaseClass.java:83)
at GenericLibrary.BaseClass.logout(BaseClass.java:83)
at GenericLibrary.BaseClass.logout(BaseClass.java:83)
at GenericLibrary.BaseClass.logout(BaseClass.java:83)
at GenericLibrary.BaseClass.logout(BaseClass.java:83)
at GenericLibrary.BaseClass.logout(BaseClass.java:83)
at GenericLibrary.BaseClass.logout(BaseClass.java:83)
at GenericLibrary.BaseClass.logout(BaseClass.java:83)
at GenericLibrary.BaseClass.logout(BaseClass.java:83)
at GenericLibrary.BaseClass.logout(BaseClass.java:83)
at GenericLibrary.BaseClass.logout(BaseClass.java:83)
at GenericLibrary.BaseClass.logout(BaseClass.java:83)
at GenericLibrary.BaseClass.logout(BaseClass.java:83)
at GenericLibrary.BaseClass.logout(BaseClass.java:83)
at GenericLibrary.BaseClass.logout(BaseClass.java:83)
at GenericLibrary.BaseClass.logout(BaseClass.java:83)
at GenericLibrary.BaseClass.logout(BaseClass.java:83)
at GenericLibrary.BaseClass.logout(BaseClass.java:83)
at GenericLibrary.BaseClass.logout(BaseClass.java:83)
at GenericLibrary.BaseClass.logout(BaseClass.java:83)
at GenericLibrary.BaseClass.logout(BaseClass.java:83)
at GenericLibrary.BaseClass.logout(BaseClass.java:83)
at GenericLibrary.BaseClass.logout(BaseClass.java:83)
at GenericLibrary.BaseClass.logout(BaseClass.java:83)
at GenericLibrary.BaseClass.logout(BaseClass.java:83)
at GenericLibrary.BaseClass.logout(BaseClass.java:83)
at GenericLibrary.BaseClass.logout(BaseClass.java:83)
at GenericLibrary.BaseClass.logout(BaseClass.java:83)
at GenericLibrary.BaseClass.logout(BaseClass.java:83)
at GenericLibrary.BaseClass.logout(BaseClass.java:83)
at GenericLibrary.BaseClass.logout(BaseClass.java:83)
at GenericLibrary.BaseClass.logout(BaseClass.java:83)
at GenericLibrary.BaseClass.logout(BaseClass.java:83)
at GenericLibrary.BaseClass.logout(BaseClass.java:83)
at GenericLibrary.BaseClass.logout(BaseClass.java:83)
at GenericLibrary.BaseClass.logout(BaseClass.java:83)
at GenericLibrary.BaseClass.logout(BaseClass.java:83)
at GenericLibrary.BaseClass.logout(BaseClass.java:83)
at GenericLibrary.BaseClass.logout(BaseClass.java:83)
at GenericLibrary.BaseClass.logout(BaseClass.java:83)
at GenericLibrary.BaseClass.logout(BaseClass.java:83)
at GenericLibrary.BaseClass.logout(BaseClass.java:83)
at GenericLibrary.BaseClass.logout(BaseClass.java:83)
at GenericLibrary.BaseClass.logout(BaseClass.java:83)
at GenericLibrary.BaseClass.logout(BaseClass.java:83)
at GenericLibrary.BaseClass.logout(BaseClass.java:83)
at GenericLibrary.BaseClass.logout(BaseClass.java:83)
at GenericLibrary.BaseClass.logout(BaseClass.java:83)
at GenericLibrary.BaseClass.logout(BaseClass.java:83)
at GenericLibrary.BaseClass.logout(BaseClass.java:83)
at GenericLibrary.BaseClass.logout(BaseClass.java:83)
at GenericLibrary.BaseClass.logout(BaseClass.java:83)
at GenericLibrary.BaseClass.logout(BaseClass.java:83)
at GenericLibrary.BaseClass.logout(BaseClass.java:83)
at GenericLibrary.BaseClass.logout(BaseClass.java:83)
at GenericLibrary.BaseClass.logout(BaseClass.java:83)
at GenericLibrary.BaseClass.logout(BaseClass.java:83)
at GenericLibrary.BaseClass.logout(BaseClass.java:83)
at GenericLibrary.BaseClass.logout(BaseClass.java:83)
at GenericLibrary.BaseClass.logout(BaseClass.java:83)
at GenericLibrary.BaseClass.logout(BaseClass.java:83)
at GenericLibrary.BaseClass.logout(BaseClass.java:83)
at GenericLibrary.BaseClass.logout(BaseClass.java:83)
at GenericLibrary.BaseClass.logout(BaseClass.java:83)
at GenericLibrary.BaseClass.logout(BaseClass.java:83)
at GenericLibrary.BaseClass.logout(BaseClass.java:83)
at GenericLibrary.BaseClass.logout(BaseClass.java:83)
at GenericLibrary.BaseClass.logout(BaseClass.java:83)
at GenericLibrary.BaseClass.logout(BaseClass.java:83)
at GenericLibrary.BaseClass.logout(BaseClass.java:83)
at GenericLibrary.BaseClass.logout(BaseClass.java:83)
at GenericLibrary.BaseClass.logout(BaseClass.java:83)
at GenericLibrary.BaseClass.logout(BaseClass.java:83)
at GenericLibrary.BaseClass.logout(BaseClass.java:83)
at GenericLibrary.BaseClass.logout(BaseClass.java:83)
at GenericLibrary.BaseClass.logout(BaseClass.java:83)
at GenericLibrary.BaseClass.logout(BaseClass.java:83)
at GenericLibrary.BaseClass.logout(BaseClass.java:83)
at GenericLibrary.BaseClass.logout(BaseClass.java:83)
at GenericLibrary.BaseClass.logout(BaseClass.java:83)
at GenericLibrary.BaseClass.logout(BaseClass.java:83)
at GenericLibrary.BaseClass.logout(BaseClass.java:83)
at GenericLibrary.BaseClass.logout(BaseClass.java:83)
at GenericLibrary.BaseClass.logout(BaseClass.java:83)
at GenericLibrary.BaseClass.logout(BaseClass.java:83)
at GenericLibrary.BaseClass.logout(BaseClass.java:83)
at GenericLibrary.BaseClass.logout(BaseClass.java:83)
at GenericLibrary.BaseClass.logout(BaseClass.java:83)
at GenericLibrary.BaseClass.logout(BaseClass.java:83)
at GenericLibrary.BaseClass.logout(BaseClass.java:83)
at GenericLibrary.BaseClass.logout(BaseClass.java:83)
at GenericLibrary.BaseClass.logout(BaseClass.java:83)
at GenericLibrary.BaseClass.logout(BaseClass.java:83)
at GenericLibrary.BaseClass.logout(BaseClass.java:83)
at GenericLibrary.BaseClass.logout(BaseClass.java:83)
at GenericLibrary.BaseClass.logout(BaseClass.java:83)
at GenericLibrary.BaseClass.logout(BaseClass.java:83)
at GenericLibrary.BaseClass.logout(BaseClass.java:83)
at GenericLibrary.BaseClass.logout(BaseClass.java:83)
at GenericLibrary.BaseClass.logout(BaseClass.java:83)
at GenericLibrary.BaseClass.logout(BaseClass.java:83)
at GenericLibrary.BaseClass.logout(BaseClass.java:83)
at GenericLibrary.BaseClass.logout(BaseClass.java:83)
at GenericLibrary.BaseClass.logout(BaseClass.java:83)
at GenericLibrary.BaseClass.logout(BaseClass.java:83)
at GenericLibrary.BaseClass.logout(BaseClass.java:83)
at GenericLibrary.BaseClass.logout(BaseClass.java:83)
at GenericLibrary.BaseClass.logout(BaseClass.java:83)
at GenericLibrary.BaseClass.logout(BaseClass.java:83)
at GenericLibrary.BaseClass.logout(BaseClass.java:83)
at GenericLibrary.BaseClass.logout(BaseClass.java:83)
at GenericLibrary.BaseClass.logout(BaseClass.java:83)
at GenericLibrary.BaseClass.logout(BaseClass.java:83)
at GenericLibrary.BaseClass.logout(BaseClass.java:83)
at GenericLibrary.BaseClass.logout(BaseClass.java:83)
at GenericLibrary.BaseClass.logout(BaseClass.java:83)
at GenericLibrary.BaseClass.logout(BaseClass.java:83)
at GenericLibrary.BaseClass.logout(BaseClass.java:83)
at GenericLibrary.BaseClass.logout(BaseClass.java:83)
at GenericLibrary.BaseClass.logout(BaseClass.java:83)
at GenericLibrary.BaseClass.logout(BaseClass.java:83)
at GenericLibrary.BaseClass.logout(BaseClass.java:83)
at GenericLibrary.BaseClass.logout(BaseClass.java:83)
at GenericLibrary.BaseClass.logout(BaseClass.java:83)
at GenericLibrary.BaseClass.logout(BaseClass.java:83)
at GenericLibrary.BaseClass.logout(BaseClass.java:83)
at GenericLibrary.BaseClass.logout(BaseClass.java:83)
at GenericLibrary.BaseClass.logout(BaseClass.java:83)
at GenericLibrary.BaseClass.logout(BaseClass.java:83)
at GenericLibrary.BaseClass.logout(BaseClass.java:83)
at GenericLibrary.BaseClass.logout(BaseClass.java:83)
at GenericLibrary.BaseClass.logout(BaseClass.java:83)
at GenericLibrary.BaseClass.logout(BaseClass.java:83)
at GenericLibrary.BaseClass.logout(BaseClass.java:83)
at GenericLibrary.BaseClass.logout(BaseClass.java:83)
at GenericLibrary.BaseClass.logout(BaseClass.java:83)
at GenericLibrary.BaseClass.logout(BaseClass.java:83)
at GenericLibrary.BaseClass.logout(BaseClass.java:83)
at GenericLibrary.BaseClass.logout(BaseClass.java:83)
at GenericLibrary.BaseClass.logout(BaseClass.java:83)
at GenericLibrary.BaseClass.logout(BaseClass.java:83)
at GenericLibrary.BaseClass.logout(BaseClass.java:83)
at GenericLibrary.BaseClass.logout(BaseClass.java:83)
at GenericLibrary.BaseClass.logout(BaseClass.java:83)
at GenericLibrary.BaseClass.logout(BaseClass.java:83)
at GenericLibrary.BaseClass.logout(BaseClass.java:83)
at GenericLibrary.BaseClass.logout(BaseClass.java:83)
at GenericLibrary.BaseClass.logout(BaseClass.java:83)
at GenericLibrary.BaseClass.logout(BaseClass.java:83)
at GenericLibrary.BaseClass.logout(BaseClass.java:83)
at GenericLibrary.BaseClass.logout(BaseClass.java:83)
at GenericLibrary.BaseClass.logout(BaseClass.java:83)
at GenericLibrary.BaseClass.logout(BaseClass.java:83)
at GenericLibrary.BaseClass.logout(BaseClass.java:83)
at GenericLibrary.BaseClass.logout(BaseClass.java:83)
at GenericLibrary.BaseClass.logout(BaseClass.java:83)
at GenericLibrary.BaseClass.logout(BaseClass.java:83)
at GenericLibrary.BaseClass.logout(BaseClass.java:83)
at GenericLibrary.BaseClass.logout(BaseClass.java:83)
at GenericLibrary.BaseClass.logout(BaseClass.java:83)
at GenericLibrary.BaseClass.logout(BaseClass.java:83)
at GenericLibrary.BaseClass.logout(BaseClass.java:83)
at GenericLibrary.BaseClass.logout(BaseClass.java:83)
at GenericLibrary.BaseClass.logout(BaseClass.java:83)
at GenericLibrary.BaseClass.logout(BaseClass.java:83)
at GenericLibrary.BaseClass.logout(BaseClass.java:83)
at GenericLibrary.BaseClass.logout(BaseClass.java:83)
at GenericLibrary.BaseClass.logout(BaseClass.java:83)
at GenericLibrary.BaseClass.logout(BaseClass.java:83)
at GenericLibrary.BaseClass.logout(BaseClass.java:83)
at GenericLibrary.BaseClass.logout(BaseClass.java:83)
at GenericLibrary.BaseClass.logout(BaseClass.java:83)
at GenericLibrary.BaseClass.logout(BaseClass.java:83)
at GenericLibrary.BaseClass.logout(BaseClass.java:83)
at GenericLibrary.BaseClass.logout(BaseClass.java:83)
at GenericLibrary.BaseClass.logout(BaseClass.java:83)
at GenericLibrary.BaseClass.logout(BaseClass.java:83)
at GenericLibrary.BaseClass.logout(BaseClass.java:83)
at GenericLibrary.BaseClass.logout(BaseClass.java:83)
at GenericLibrary.BaseClass.logout(BaseClass.java:83)
at GenericLibrary.BaseClass.logout(BaseClass.java:83)
at GenericLibrary.BaseClass.logout(BaseClass.java:83)
at GenericLibrary.BaseClass.logout(BaseClass.java:83)
at GenericLibrary.BaseClass.logout(BaseClass.java:83)
at GenericLibrary.BaseClass.logout(BaseClass.java:83)
at GenericLibrary.BaseClass.logout(BaseClass.java:83)
at GenericLibrary.BaseClass.logout(BaseClass.java:83)
at GenericLibrary.BaseClass.logout(BaseClass.java:83)
at GenericLibrary.BaseClass.logout(BaseClass.java:83)
at GenericLibrary.BaseClass.logout(BaseClass.java:83)
at GenericLibrary.BaseClass.logout(BaseClass.java:83)
at GenericLibrary.BaseClass.logout(BaseClass.java:83)
at GenericLibrary.BaseClass.logout(BaseClass.java:83)
at GenericLibrary.BaseClass.logout(BaseClass.java:83)
at GenericLibrary.BaseClass.logout(BaseClass.java:83)
at GenericLibrary.BaseClass.logout(BaseClass.java:83)
at GenericLibrary.BaseClass.logout(BaseClass.java:83)
at GenericLibrary.BaseClass.logout(BaseClass.java:83)
at GenericLibrary.BaseClass.logout(BaseClass.java:83)
at GenericLibrary.BaseClass.logout(BaseClass.java:83)
at GenericLibrary.BaseClass.logout(BaseClass.java:83)
at GenericLibrary.BaseClass.logout(BaseClass.java:83)
at GenericLibrary.BaseClass.logout(BaseClass.java:83)
at GenericLibrary.BaseClass.logout(BaseClass.java:83)
at GenericLibrary.BaseClass.logout(BaseClass.java:83)
at GenericLibrary.BaseClass.logout(BaseClass.java:83)
at GenericLibrary.BaseClass.logout(BaseClass.java:83)
at GenericLibrary.BaseClass.logout(BaseClass.java:83)
at GenericLibrary.BaseClass.logout(BaseClass.java:83)
at GenericLibrary.BaseClass.logout(BaseClass.java:83)
at GenericLibrary.BaseClass.logout(BaseClass.java:83)
at GenericLibrary.BaseClass.logout(BaseClass.java:83)
at GenericLibrary.BaseClass.logout(BaseClass.java:83)
at GenericLibrary.BaseClass.logout(BaseClass.java:83)
at GenericLibrary.BaseClass.logout(BaseClass.java:83)
at GenericLibrary.BaseClass.logout(BaseClass.java:83)
at GenericLibrary.BaseClass.logout(BaseClass.java:83)
at GenericLibrary.BaseClass.logout(BaseClass.java:83)
at GenericLibrary.BaseClass.logout(BaseClass.java:83)
at GenericLibrary.BaseClass.logout(BaseClass.java:83)
at GenericLibrary.BaseClass.logout(BaseClass.java:83)
at GenericLibrary.BaseClass.logout(BaseClass.java:83)
at GenericLibrary.BaseClass.logout(BaseClass.java:83)
at GenericLibrary.BaseClass.logout(BaseClass.java:83)
at GenericLibrary.BaseClass.logout(BaseClass.java:83)
at GenericLibrary.BaseClass.logout(BaseClass.java:83)
at GenericLibrary.BaseClass.logout(BaseClass.java:83)
at GenericLibrary.BaseClass.logout(BaseClass.java:83)
at GenericLibrary.BaseClass.logout(BaseClass.java:83)
at GenericLibrary.BaseClass.logout(BaseClass.java:83)
at GenericLibrary.BaseClass.logout(BaseClass.java:83)
at GenericLibrary.BaseClass.logout(BaseClass.java:83)
at GenericLibrary.BaseClass.logout(BaseClass.java:83)
at GenericLibrary.BaseClass.logout(BaseClass.java:83)
at GenericLibrary.BaseClass.logout(BaseClass.java:83)
at GenericLibrary.BaseClass.logout(BaseClass.java:83)
at GenericLibrary.BaseClass.logout(BaseClass.java:83)
at GenericLibrary.BaseClass.logout(BaseClass.java:83)
at GenericLibrary.BaseClass.logout(BaseClass.java:83)
at GenericLibrary.BaseClass.logout(BaseClass.java:83)
at GenericLibrary.BaseClass.logout(BaseClass.java:83)
at GenericLibrary.BaseClass.logout(BaseClass.java:83)
at GenericLibrary.BaseClass.logout(BaseClass.java:83)
at GenericLibrary.BaseClass.logout(BaseClass.java:83)
at GenericLibrary.BaseClass.logout(BaseClass.java:83)
at GenericLibrary.BaseClass.logout(BaseClass.java:83)
at GenericLibrary.BaseClass.logout(BaseClass.java:83)
at GenericLibrary.BaseClass.logout(BaseClass.java:83)
at GenericLibrary.BaseClass.logout(BaseClass.java:83)
at GenericLibrary.BaseClass.logout(BaseClass.java:83)
at GenericLibrary.BaseClass.logout(BaseClass.java:83)
at GenericLibrary.BaseClass.logout(BaseClass.java:83)
at GenericLibrary.BaseClass.logout(BaseClass.java:83)
at GenericLibrary.BaseClass.logout(BaseClass.java:83)
at GenericLibrary.BaseClass.logout(BaseClass.java:83)
at GenericLibrary.BaseClass.logout(BaseClass.java:83)
at GenericLibrary.BaseClass.logout(BaseClass.java:83)
at GenericLibrary.BaseClass.logout(BaseClass.java:83)
at GenericLibrary.BaseClass.logout(BaseClass.java:83)
at GenericLibrary.BaseClass.logout(BaseClass.java:83)
at GenericLibrary.BaseClass.logout(BaseClass.java:83)
at GenericLibrary.BaseClass.logout(BaseClass.java:83)
at GenericLibrary.BaseClass.logout(BaseClass.java:83)
at GenericLibrary.BaseClass.logout(BaseClass.java:83)
at GenericLibrary.BaseClass.logout(BaseClass.java:83)
at GenericLibrary.BaseClass.logout(BaseClass.java:83)
at GenericLibrary.BaseClass.logout(BaseClass.java:83)
at GenericLibrary.BaseClass.logout(BaseClass.java:83)
at GenericLibrary.BaseClass.logout(BaseClass.java:83)
at GenericLibrary.BaseClass.logout(BaseClass.java:83)
at GenericLibrary.BaseClass.logout(BaseClass.java:83)
at GenericLibrary.BaseClass.logout(BaseClass.java:83)
at GenericLibrary.BaseClass.logout(BaseClass.java:83)
at GenericLibrary.BaseClass.logout(BaseClass.java:83)
at GenericLibrary.BaseClass.logout(BaseClass.java:83)
at GenericLibrary.BaseClass.logout(BaseClass.java:83)
at GenericLibrary.BaseClass.logout(BaseClass.java:83)
at GenericLibrary.BaseClass.logout(BaseClass.java:83)
at GenericLibrary.BaseClass.logout(BaseClass.java:83)
at GenericLibrary.BaseClass.logout(BaseClass.java:83)
at GenericLibrary.BaseClass.logout(BaseClass.java:83)
at GenericLibrary.BaseClass.logout(BaseClass.java:83)
at GenericLibrary.BaseClass.logout(BaseClass.java:83)
at GenericLibrary.BaseClass.logout(BaseClass.java:83)
at GenericLibrary.BaseClass.logout(BaseClass.java:83)
at GenericLibrary.BaseClass.logout(BaseClass.java:83)
at GenericLibrary.BaseClass.logout(BaseClass.java:83)
at GenericLibrary.BaseClass.logout(BaseClass.java:83)
at GenericLibrary.BaseClass.logout(BaseClass.java:83)
at GenericLibrary.BaseClass.logout(BaseClass.java:83)
at GenericLibrary.BaseClass.logout(BaseClass.java:83)
at GenericLibrary.BaseClass.logout(BaseClass.java:83)
at GenericLibrary.BaseClass.logout(BaseClass.java:83)
at GenericLibrary.BaseClass.logout(BaseClass.java:83)
at GenericLibrary.BaseClass.logout(BaseClass.java:83)
at GenericLibrary.BaseClass.logout(BaseClass.java:83)
at GenericLibrary.BaseClass.logout(BaseClass.java:83)
at GenericLibrary.BaseClass.logout(BaseClass.java:83)
at GenericLibrary.BaseClass.logout(BaseClass.java:83)
at GenericLibrary.BaseClass.logout(BaseClass.java:83)
at GenericLibrary.BaseClass.logout(BaseClass.java:83)
at GenericLibrary.BaseClass.logout(BaseClass.java:83)
at GenericLibrary.BaseClass.logout(BaseClass.java:83)
at GenericLibrary.BaseClass.logout(BaseClass.java:83)
at GenericLibrary.BaseClass.logout(BaseClass.java:83)
at GenericLibrary.BaseClass.logout(BaseClass.java:83)
at GenericLibrary.BaseClass.logout(BaseClass.java:83)
at GenericLibrary.BaseClass.logout(BaseClass.java:83)
at GenericLibrary.BaseClass.logout(BaseClass.java:83)
at GenericLibrary.BaseClass.logout(BaseClass.java:83)
at GenericLibrary.BaseClass.logout(BaseClass.java:83)
at GenericLibrary.BaseClass.logout(BaseClass.java:83)
at GenericLibrary.BaseClass.logout(BaseClass.java:83)
at GenericLibrary.BaseClass.logout(BaseClass.java:83)
at GenericLibrary.BaseClass.logout(BaseClass.java:83)
at GenericLibrary.BaseClass.logout(BaseClass.java:83)
at GenericLibrary.BaseClass.logout(BaseClass.java:83)
at GenericLibrary.BaseClass.logout(BaseClass.java:83)
at GenericLibrary.BaseClass.logout(BaseClass.java:83)
at GenericLibrary.BaseClass.logout(BaseClass.java:83)
at GenericLibrary.BaseClass.logout(BaseClass.java:83)
at GenericLibrary.BaseClass.logout(BaseClass.java:83)
at GenericLibrary.BaseClass.logout(BaseClass.java:83)
at GenericLibrary.BaseClass.logout(BaseClass.java:83)
at GenericLibrary.BaseClass.logout(BaseClass.java:83)
at GenericLibrary.BaseClass.logout(BaseClass.java:83)
at GenericLibrary.BaseClass.logout(BaseClass.java:83)
at GenericLibrary.BaseClass.logout(BaseClass.java:83)
at GenericLibrary.BaseClass.logout(BaseClass.java:83)
at GenericLibrary.BaseClass.logout(BaseClass.java:83)
at GenericLibrary.BaseClass.logout(BaseClass.java:83)
at GenericLibrary.BaseClass.logout(BaseClass.java:83)
at GenericLibrary.BaseClass.logout(BaseClass.java:83)
at GenericLibrary.BaseClass.logout(BaseClass.java:83)
at GenericLibrary.BaseClass.logout(BaseClass.java:83)
at GenericLibrary.BaseClass.logout(BaseClass.java:83)
at GenericLibrary.BaseClass.logout(BaseClass.java:83)
at GenericLibrary.BaseClass.logout(BaseClass.java:83)
at GenericLibrary.BaseClass.logout(BaseClass.java:83)
at GenericLibrary.BaseClass.logout(BaseClass.java:83)
at GenericLibrary.BaseClass.logout(BaseClass.java:83)
at GenericLibrary.BaseClass.logout(BaseClass.java:83)
at GenericLibrary.BaseClass.logout(BaseClass.java:83)
at GenericLibrary.BaseClass.logout(BaseClass.java:83)
at GenericLibrary.BaseClass.logout(BaseClass.java:83)
at GenericLibrary.BaseClass.logout(BaseClass.java:83)
at GenericLibrary.BaseClass.logout(BaseClass.java:83)
at GenericLibrary.BaseClass.logout(BaseClass.java:83)
at GenericLibrary.BaseClass.logout(BaseClass.java:83)
at GenericLibrary.BaseClass.logout(BaseClass.java:83)
at GenericLibrary.BaseClass.logout(BaseClass.java:83)
at GenericLibrary.BaseClass.logout(BaseClass.java:83)
at GenericLibrary.BaseClass.logout(BaseClass.java:83)
at GenericLibrary.BaseClass.logout(BaseClass.java:83)
at GenericLibrary.BaseClass.logout(BaseClass.java:83)
at GenericLibrary.BaseClass.logout(BaseClass.java:83)
at GenericLibrary.BaseClass.logout(BaseClass.java:83)
at GenericLibrary.BaseClass.logout(BaseClass.java:83)
at GenericLibrary.BaseClass.logout(BaseClass.java:83)
at GenericLibrary.BaseClass.logout(BaseClass.java:83)
at GenericLibrary.BaseClass.logout(BaseClass.java:83)
at GenericLibrary.BaseClass.logout(BaseClass.java:83)
at GenericLibrary.BaseClass.logout(BaseClass.java:83)
at GenericLibrary.BaseClass.logout(BaseClass.java:83)
at GenericLibrary.BaseClass.logout(BaseClass.java:83)
at GenericLibrary.BaseClass.logout(BaseClass.java:83)
at GenericLibrary.BaseClass.logout(BaseClass.java:83)
at GenericLibrary.BaseClass.logout(BaseClass.java:83)
at GenericLibrary.BaseClass.logout(BaseClass.java:83)
at GenericLibrary.BaseClass.logout(BaseClass.java:83)
at GenericLibrary.BaseClass.logout(BaseClass.java:83)
at GenericLibrary.BaseClass.logout(BaseClass.java:83)
at GenericLibrary.BaseClass.logout(BaseClass.java:83)
at GenericLibrary.BaseClass.logout(BaseClass.java:83)
at GenericLibrary.BaseClass.logout(BaseClass.java:83)
at GenericLibrary.BaseClass.logout(BaseClass.java:83)
at GenericLibrary.BaseClass.logout(BaseClass.java:83)
at GenericLibrary.BaseClass.logout(BaseClass.java:83)
at GenericLibrary.BaseClass.logout(BaseClass.java:83)
at GenericLibrary.BaseClass.logout(BaseClass.java:83)
at GenericLibrary.BaseClass.logout(BaseClass.java:83)
at GenericLibrary.BaseClass.logout(BaseClass.java:83)
at GenericLibrary.BaseClass.logout(BaseClass.java:83)
at GenericLibrary.BaseClass.logout(BaseClass.java:83)
at GenericLibrary.BaseClass.logout(BaseClass.java:83)
at GenericLibrary.BaseClass.logout(BaseClass.java:83)
at GenericLibrary.BaseClass.logout(BaseClass.java:83)
at GenericLibrary.BaseClass.logout(BaseClass.java:83)
at GenericLibrary.BaseClass.logout(BaseClass.java:83)
at GenericLibrary.BaseClass.logout(BaseClass.java:83)
at GenericLibrary.BaseClass.logout(BaseClass.java:83)
at GenericLibrary.BaseClass.logout(BaseClass.java:83)
at GenericLibrary.BaseClass.logout(BaseClass.java:83)
at GenericLibrary.BaseClass.logout(BaseClass.java:83)
at GenericLibrary.BaseClass.logout(BaseClass.java:83)
at GenericLibrary.BaseClass.logout(BaseClass.java:83)
at GenericLibrary.BaseClass.logout(BaseClass.java:83)
at GenericLibrary.BaseClass.logout(BaseClass.java:83)
at GenericLibrary.BaseClass.logout(BaseClass.java:83)
at GenericLibrary.BaseClass.logout(BaseClass.java:83)
at GenericLibrary.BaseClass.logout(BaseClass.java:83)
at GenericLibrary.BaseClass.logout(BaseClass.java:83)
at GenericLibrary.BaseClass.logout(BaseClass.java:83)
at GenericLibrary.BaseClass.logout(BaseClass.java:83)
at GenericLibrary.BaseClass.logout(BaseClass.java:83)
at GenericLibrary.BaseClass.logout(BaseClass.java:83)
at GenericLibrary.BaseClass.logout(BaseClass.java:83)
at GenericLibrary.BaseClass.logout(BaseClass.java:83)
at GenericLibrary.BaseClass.logout(BaseClass.java:83)
at GenericLibrary.BaseClass.logout(BaseClass.java:83)
at GenericLibrary.BaseClass.logout(BaseClass.java:83)
at GenericLibrary.BaseClass.logout(BaseClass.java:83)
at GenericLibrary.BaseClass.logout(BaseClass.java:83)
at GenericLibrary.BaseClass.logout(BaseClass.java:83)
at GenericLibrary.BaseClass.logout(BaseClass.java:83)
at GenericLibrary.BaseClass.logout(BaseClass.java:83)
at GenericLibrary.BaseClass.logout(BaseClass.java:83)
at GenericLibrary.BaseClass.logout(BaseClass.java:83)
at GenericLibrary.BaseClass.logout(BaseClass.java:83)
at GenericLibrary.BaseClass.logout(BaseClass.java:83)
at GenericLibrary.BaseClass.logout(BaseClass.java:83)
at GenericLibrary.BaseClass.logout(BaseClass.java:83)
at GenericLibrary.BaseClass.logout(BaseClass.java:83)
at GenericLibrary.BaseClass.logout(BaseClass.java:83)
at GenericLibrary.BaseClass.logout(BaseClass.java:83)
at GenericLibrary.BaseClass.logout(BaseClass.java:83)
at GenericLibrary.BaseClass.logout(BaseClass.java:83)
at GenericLibrary.BaseClass.logout(BaseClass.java:83)
at GenericLibrary.BaseClass.logout(BaseClass.java:83)
at GenericLibrary.BaseClass.logout(BaseClass.java:83)
at GenericLibrary.BaseClass.logout(BaseClass.java:83)
at GenericLibrary.BaseClass.logout(BaseClass.java:83)
at GenericLibrary.BaseClass.logout(BaseClass.java:83)
at GenericLibrary.BaseClass.logout(BaseClass.java:83)
at GenericLibrary.BaseClass.logout(BaseClass.java:83)
at GenericLibrary.BaseClass.logout(BaseClass.java:83)
at GenericLibrary.BaseClass.logout(BaseClass.java:83)
at GenericLibrary.BaseClass.logout(BaseClass.java:83)
at GenericLibrary.BaseClass.logout(BaseClass.java:83)
at GenericLibrary.BaseClass.logout(BaseClass.java:83)
at GenericLibrary.BaseClass.logout(BaseClass.java:83)
at GenericLibrary.BaseClass.logout(BaseClass.java:83)
at GenericLibrary.BaseClass.logout(BaseClass.java:83)
at GenericLibrary.BaseClass.logout(BaseClass.java:83)
at GenericLibrary.BaseClass.logout(BaseClass.java:83)
at GenericLibrary.BaseClass.logout(BaseClass.java:83)
at GenericLibrary.BaseClass.logout(BaseClass.java:83)
at GenericLibrary.BaseClass.logout(BaseClass.java:83)
at GenericLibrary.BaseClass.logout(BaseClass.java:83)
at GenericLibrary.BaseClass.logout(BaseClass.java:83)
at GenericLibrary.BaseClass.logout(BaseClass.java:83)
at GenericLibrary.BaseClass.logout(BaseClass.java:83)
at GenericLibrary.BaseClass.logout(BaseClass.java:83)
at GenericLibrary.BaseClass.logout(BaseClass.java:83)
at GenericLibrary.BaseClass.logout(BaseClass.java:83)
at GenericLibrary.BaseClass.logout(BaseClass.java:83)
at GenericLibrary.BaseClass.logout(BaseClass.java:83)
at GenericLibrary.BaseClass.logout(BaseClass.java:83)
at GenericLibrary.BaseClass.logout(BaseClass.java:83)
at GenericLibrary.BaseClass.logout(BaseClass.java:83)
at GenericLibrary.BaseClass.logout(BaseClass.java:83)
at GenericLibrary.BaseClass.logout(BaseClass.java:83)
at GenericLibrary.BaseClass.logout(BaseClass.java:83)
at GenericLibrary.BaseClass.logout(BaseClass.java:83)
at GenericLibrary.BaseClass.logout(BaseClass.java:83)
at GenericLibrary.BaseClass.logout(BaseClass.java:83)
at GenericLibrary.BaseClass.logout(BaseClass.java:83)
at GenericLibrary.BaseClass.logout(BaseClass.java:83)
at GenericLibrary.BaseClass.logout(BaseClass.java:83)
at GenericLibrary.BaseClass.logout(BaseClass.java:83)
at GenericLibrary.BaseClass.logout(BaseClass.java:83)
at GenericLibrary.BaseClass.logout(BaseClass.java:83)
at GenericLibrary.BaseClass.logout(BaseClass.java:83)
at GenericLibrary.BaseClass.logout(BaseClass.java:83)
at GenericLibrary.BaseClass.logout(BaseClass.java:83)
at GenericLibrary.BaseClass.logout(BaseClass.java:83)
at GenericLibrary.BaseClass.logout(BaseClass.java:83)
at GenericLibrary.BaseClass.logout(BaseClass.java:83)
at GenericLibrary.BaseClass.logout(BaseClass.java:83)
at GenericLibrary.BaseClass.logout(BaseClass.java:83)
at GenericLibrary.BaseClass.logout(BaseClass.java:83)
at GenericLibrary.BaseClass.logout(BaseClass.java:83)
at GenericLibrary.BaseClass.logout(BaseClass.java:83)
at GenericLibrary.BaseClass.logout(BaseClass.java:83)
at GenericLibrary.BaseClass.logout(BaseClass.java:83)
at GenericLibrary.BaseClass.logout(BaseClass.java:83)
at GenericLibrary.BaseClass.logout(BaseClass.java:83)
at GenericLibrary.BaseClass.logout(BaseClass.java:83)
at GenericLibrary.BaseClass.logout(BaseClass.java:83)
at GenericLibrary.BaseClass.logout(BaseClass.java:83)
at GenericLibrary.BaseClass.logout(BaseClass.java:83)
at GenericLibrary.BaseClass.logout(BaseClass.java:83)
at GenericLibrary.BaseClass.logout(BaseClass.java:83)
at GenericLibrary.BaseClass.logout(BaseClass.java:83)
at GenericLibrary.BaseClass.logout(BaseClass.java:83)
at GenericLibrary.BaseClass.logout(BaseClass.java:83)
at GenericLibrary.BaseClass.logout(BaseClass.java:83)
at GenericLibrary.BaseClass.logout(BaseClass.java:83)
at GenericLibrary.BaseClass.logout(BaseClass.java:83)
at GenericLibrary.BaseClass.logout(BaseClass.java:83)
at GenericLibrary.BaseClass.logout(BaseClass.java:83)
at GenericLibrary.BaseClass.logout(BaseClass.java:83)
at GenericLibrary.BaseClass.logout(BaseClass.java:83)
at GenericLibrary.BaseClass.logout(BaseClass.java:83)
at GenericLibrary.BaseClass.logout(BaseClass.java:83)
at GenericLibrary.BaseClass.logout(BaseClass.java:83)
at GenericLibrary.BaseClass.logout(BaseClass.java:83)
at GenericLibrary.BaseClass.logout(BaseClass.java:83)
at GenericLibrary.BaseClass.logout(BaseClass.java:83)
at GenericLibrary.BaseClass.logout(BaseClass.java:83)
at GenericLibrary.BaseClass.logout(BaseClass.java:83)
at GenericLibrary.BaseClass.logout(BaseClass.java:83)
at GenericLibrary.BaseClass.logout(BaseClass.java:83)
at GenericLibrary.BaseClass.logout(BaseClass.java:83)
at GenericLibrary.BaseClass.logout(BaseClass.java:83)
at GenericLibrary.BaseClass.logout(BaseClass.java:83)
at GenericLibrary.BaseClass.logout(BaseClass.java:83)
at GenericLibrary.BaseClass.logout(BaseClass.java:83)
at GenericLibrary.BaseClass.logout(BaseClass.java:83)
at GenericLibrary.BaseClass.logout(BaseClass.java:83)
at GenericLibrary.BaseClass.logout(BaseClass.java:83)
at GenericLibrary.BaseClass.logout(BaseClass.java:83)
at GenericLibrary.BaseClass.logout(BaseClass.java:83)
at GenericLibrary.BaseClass.logout(BaseClass.java:83)
at GenericLibrary.BaseClass.logout(BaseClass.java:83)
at GenericLibrary.BaseClass.logout(BaseClass.java:83)
at GenericLibrary.BaseClass.logout(BaseClass.java:83)
at GenericLibrary.BaseClass.logout(BaseClass.java:83)
at GenericLibrary.BaseClass.logout(BaseClass.java:83)
at GenericLibrary.BaseClass.logout(BaseClass.java:83)
at GenericLibrary.BaseClass.logout(BaseClass.java:83)
at GenericLibrary.BaseClass.logout(BaseClass.java:83)
at GenericLibrary.BaseClass.logout(BaseClass.java:83)
at GenericLibrary.BaseClass.logout(BaseClass.java:83)
at GenericLibrary.BaseClass.logout(BaseClass.java:83)
at GenericLibrary.BaseClass.logout(BaseClass.java:83)
at GenericLibrary.BaseClass.logout(BaseClass.java:83)
at GenericLibrary.BaseClass.logout(BaseClass.java:83)
at GenericLibrary.BaseClass.logout(BaseClass.java:83)
at GenericLibrary.BaseClass.logout(BaseClass.java:83)
at GenericLibrary.BaseClass.logout(BaseClass.java:83)
at GenericLibrary.BaseClass.logout(BaseClass.java:83)
at GenericLibrary.BaseClass.logout(BaseClass.java:83)
at GenericLibrary.BaseClass.logout(BaseClass.java:83)
at GenericLibrary.BaseClass.logout(BaseClass.java:83)
at GenericLibrary.BaseClass.logout(BaseClass.java:83)
at GenericLibrary.BaseClass.logout(BaseClass.java:83)
at GenericLibrary.BaseClass.logout(BaseClass.java:83)
at GenericLibrary.BaseClass.logout(BaseClass.java:83)
at GenericLibrary.BaseClass.logout(BaseClass.java:83)
at GenericLibrary.BaseClass.logout(BaseClass.java:83)
at GenericLibrary.BaseClass.logout(BaseClass.java:83)
at GenericLibrary.BaseClass.logout(BaseClass.java:83)
at GenericLibrary.BaseClass.logout(BaseClass.java:83)
at GenericLibrary.BaseClass.logout(BaseClass.java:83)
at GenericLibrary.BaseClass.logout(BaseClass.java:83)
at GenericLibrary.BaseClass.logout(BaseClass.java:83)
at GenericLibrary.BaseClass.logout(BaseClass.java:83)
at GenericLibrary.BaseClass.logout(BaseClass.java:83)
at GenericLibrary.BaseClass.logout(BaseClass.java:83)
at GenericLibrary.BaseClass.logout(BaseClass.java:83)
at GenericLibrary.BaseClass.logout(BaseClass.java:83)
at GenericLibrary.BaseClass.logout(BaseClass.java:83)
at GenericLibrary.BaseClass.logout(BaseClass.java:83)
at GenericLibrary.BaseClass.logout(BaseClass.java:83)
at GenericLibrary.BaseClass.logout(BaseClass.java:83)
at GenericLibrary.BaseClass.logout(BaseClass.java:83)
at GenericLibrary.BaseClass.logout(BaseClass.java:83)
at GenericLibrary.BaseClass.logout(BaseClass.java:83)
at GenericLibrary.BaseClass.logout(BaseClass.java:83)
at GenericLibrary.BaseClass.logout(BaseClass.java:83)
at GenericLibrary.BaseClass.logout(BaseClass.java:83)
at GenericLibrary.BaseClass.logout(BaseClass.java:83)
at GenericLibrary.BaseClass.logout(BaseClass.java:83)
at GenericLibrary.BaseClass.logout(BaseClass.java:83)
at GenericLibrary.BaseClass.logout(BaseClass.java:83)
at GenericLibrary.BaseClass.logout(BaseClass.java:83)
at GenericLibrary.BaseClass.logout(BaseClass.java:83)
at GenericLibrary.BaseClass.logout(BaseClass.java:83)
at GenericLibrary.BaseClass.logout(BaseClass.java:83)
at GenericLibrary.BaseClass.logout(BaseClass.java:83)
at GenericLibrary.BaseClass.logout(BaseClass.java:83)
at GenericLibrary.BaseClass.logout(BaseClass.java:83)
at GenericLibrary.BaseClass.logout(BaseClass.java:83)
at GenericLibrary.BaseClass.logout(BaseClass.java:83)
at GenericLibrary.BaseClass.logout(BaseClass.java:83)
at GenericLibrary.BaseClass.logout(BaseClass.java:83)
at GenericLibrary.BaseClass.logout(BaseClass.java:83)
at GenericLibrary.BaseClass.logout(BaseClass.java:83)
at GenericLibrary.BaseClass.logout(BaseClass.java:83)
at GenericLibrary.BaseClass.logout(BaseClass.java:83)
at GenericLibrary.BaseClass.logout(BaseClass.java:83)
at GenericLibrary.BaseClass.logout(BaseClass.java:83)
at GenericLibrary.BaseClass.logout(BaseClass.java:83)
at GenericLibrary.BaseClass.logout(BaseClass.java:83)
at GenericLibrary.BaseClass.logout(BaseClass.java:83)
at GenericLibrary.BaseClass.logout(BaseClass.java:83)
at GenericLibrary.BaseClass.logout(BaseClass.java:83)
at GenericLibrary.BaseClass.logout(BaseClass.java:83)
at GenericLibrary.BaseClass.logout(BaseClass.java:83)
at GenericLibrary.BaseClass.logout(BaseClass.java:83)
at GenericLibrary.BaseClass.logout(BaseClass.java:83)
at GenericLibrary.BaseClass.logout(BaseClass.java:83)
at GenericLibrary.BaseClass.logout(BaseClass.java:83)
at GenericLibrary.BaseClass.logout(BaseClass.java:83)
at GenericLibrary.BaseClass.logout(BaseClass.java:83)
at GenericLibrary.BaseClass.logout(BaseClass.java:83)
at GenericLibrary.BaseClass.logout(BaseClass.java:83)
at GenericLibrary.BaseClass.logout(BaseClass.java:83)
at GenericLibrary.BaseClass.logout(BaseClass.java:83)
at GenericLibrary.BaseClass.logout(BaseClass.java:83)
at GenericLibrary.BaseClass.logout(BaseClass.java:83)
at GenericLibrary.BaseClass.logout(BaseClass.java:83)
at GenericLibrary.BaseClass.logout(BaseClass.java:83)
at GenericLibrary.BaseClass.logout(BaseClass.java:83)
at GenericLibrary.BaseClass.logout(BaseClass.java:83)
at GenericLibrary.BaseClass.logout(BaseClass.java:83)
at GenericLibrary.BaseClass.logout(BaseClass.java:83)
at GenericLibrary.BaseClass.logout(BaseClass.java:83)
at GenericLibrary.BaseClass.logout(BaseClass.java:83)
at GenericLibrary.BaseClass.logout(BaseClass.java:83)
at GenericLibrary.BaseClass.logout(BaseClass.java:83)
at GenericLibrary.BaseClass.logout(BaseClass.java:83)
at GenericLibrary.BaseClass.logout(BaseClass.java:83)
at GenericLibrary.BaseClass.logout(BaseClass.java:83)
at GenericLibrary.BaseClass.logout(BaseClass.java:83)
at GenericLibrary.BaseClass.logout(BaseClass.java:83)
at GenericLibrary.BaseClass.logout(BaseClass.java:83)
at GenericLibrary.BaseClass.logout(BaseClass.java:83)
at GenericLibrary.BaseClass.logout(BaseClass.java:83)
at GenericLibrary.BaseClass.logout(BaseClass.java:83)
at GenericLibrary.BaseClass.logout(BaseClass.java:83)
at GenericLibrary.BaseClass.logout(BaseClass.java:83)
at GenericLibrary.BaseClass.logout(BaseClass.java:83)
at GenericLibrary.BaseClass.logout(BaseClass.java:83)
at GenericLibrary.BaseClass.logout(BaseClass.java:83)
at GenericLibrary.BaseClass.logout(BaseClass.java:83)
at GenericLibrary.BaseClass.logout(BaseClass.java:83)
at GenericLibrary.BaseClass.logout(BaseClass.java:83)
at GenericLibrary.BaseClass.logout(BaseClass.java:83)
at GenericLibrary.BaseClass.logout(BaseClass.java:83)
at GenericLibrary.BaseClass.logout(BaseClass.java:83)
at GenericLibrary.BaseClass.logout(BaseClass.java:83)
at GenericLibrary.BaseClass.logout(BaseClass.java:83)
at GenericLibrary.BaseClass.logout(BaseClass.java:83)
at GenericLibrary.BaseClass.logout(BaseClass.java:83)
at GenericLibrary.BaseClass.logout(BaseClass.java:83)
at GenericLibrary.BaseClass.logout(BaseClass.java:83)
at GenericLibrary.BaseClass.logout(BaseClass.java:83)
at GenericLibrary.BaseClass.logout(BaseClass.java:83)
at GenericLibrary.BaseClass.logout(BaseClass.java:83)
at GenericLibrary.BaseClass.logout(BaseClass.java:83)
at GenericLibrary.BaseClass.logout(BaseClass.java:83)
at GenericLibrary.BaseClass.logout(BaseClass.java:83)
at GenericLibrary.BaseClass.logout(BaseClass.java:83)
at GenericLibrary.BaseClass.logout(BaseClass.java:83)
at GenericLibrary.BaseClass.logout(BaseClass.java:83)
at GenericLibrary.BaseClass.logout(BaseClass.java:83)
at GenericLibrary.BaseClass.logout(BaseClass.java:83)
at GenericLibrary.BaseClass.logout(BaseClass.java:83)
at GenericLibrary.BaseClass.logout(BaseClass.java:83)
at GenericLibrary.BaseClass.logout(BaseClass.java:83)
at GenericLibrary.BaseClass.logout(BaseClass.java:83)
at GenericLibrary.BaseClass.logout(BaseClass.java:83)
at GenericLibrary.BaseClass.logout(BaseClass.java:83)
at GenericLibrary.BaseClass.logout(BaseClass.java:83)
at GenericLibrary.BaseClass.logout(BaseClass.java:83)
at GenericLibrary.BaseClass.logout(BaseClass.java:83)
at GenericLibrary.BaseClass.logout(BaseClass.java:83)
at GenericLibrary.BaseClass.logout(BaseClass.java:83)
at GenericLibrary.BaseClass.logout(BaseClass.java:83)
at GenericLibrary.BaseClass.logout(BaseClass.java:83)
at GenericLibrary.BaseClass.logout(BaseClass.java:83)
at GenericLibrary.BaseClass.logout(BaseClass.java:83)
at GenericLibrary.BaseClass.logout(BaseClass.java:83)
at GenericLibrary.BaseClass.logout(BaseClass.java:83)
at GenericLibrary.BaseClass.logout(BaseClass.java:83)
at GenericLibrary.BaseClass.logout(BaseClass.java:83)
at GenericLibrary.BaseClass.logout(BaseClass.java:83)
at GenericLibrary.BaseClass.logout(BaseClass.java:83)
at GenericLibrary.BaseClass.logout(BaseClass.java:83)
at GenericLibrary.BaseClass.logout(BaseClass.java:83)
at GenericLibrary.BaseClass.logout(BaseClass.java:83)
at GenericLibrary.BaseClass.logout(BaseClass.java:83)
]]>
            </full-stacktrace>
          </exception> <!-- java.lang.StackOverflowError -->
          <reporter-output>
          </reporter-output>
        </test-method> <!-- logout -->
        <test-method is-config="true" signature="closebrowser()[pri:0, instance:Alertverification.Alertverify@1349883]" started-at="2023-10-30T11:51:33 IST" name="closebrowser" finished-at="1970-01-01T05:30:00 IST" duration-ms="-1698646893539" status="SKIP">
          <reporter-output>
          </reporter-output>
        </test-method> <!-- closebrowser -->
      </class> <!-- Alertverification.Alertverify -->
    </test> <!-- Default test -->
  </suite> <!-- Default suite -->
</testng-results>
