<?xml version="1.0" encoding="UTF-8"?>
<testng-results ignored="0" total="1" passed="1" failed="0" skipped="0">
  <reporter-output>
    <line>
      <![CDATA[launching browser successful=====]]>
    </line>
    <line>
      <![CDATA[login successful]]>
    </line>
  </reporter-output>
  <suite started-at="2023-12-11T16:46:42 IST" name="Default suite" finished-at="2023-12-11T16:48:14 IST" duration-ms="92136">
    <groups>
    </groups>
    <test started-at="2023-12-11T16:46:42 IST" name="Default test" finished-at="2023-12-11T16:48:14 IST" duration-ms="92136">
      <class name="TEST.Generate_Hourly_Data">
        <test-method is-config="true" signature="launchBrowser()[pri:0, instance:TEST.Generate_Hourly_Data@7ef82753]" started-at="2023-12-11T16:46:42 IST" name="launchBrowser" finished-at="2023-12-11T16:46:57 IST" duration-ms="14943" status="PASS">
          <reporter-output>
            <line>
              <![CDATA[launching browser successful=====]]>
            </line>
          </reporter-output>
        </test-method> <!-- launchBrowser -->
        <test-method is-config="true" signature="login()[pri:0, instance:TEST.Generate_Hourly_Data@7ef82753]" started-at="2023-12-11T16:46:57 IST" name="login" finished-at="2023-12-11T16:46:58 IST" duration-ms="1269" status="PASS">
          <reporter-output>
            <line>
              <![CDATA[login successful]]>
            </line>
          </reporter-output>
        </test-method> <!-- login -->
        <test-method signature="generate_hourly_data_1()[pri:0, instance:TEST.Generate_Hourly_Data@7ef82753]" started-at="2023-12-11T16:46:58 IST" name="generate_hourly_data_1" finished-at="2023-12-11T16:48:13 IST" duration-ms="75344" status="PASS">
          <reporter-output>
          </reporter-output>
        </test-method> <!-- generate_hourly_data_1 -->
        <test-method is-config="true" signature="closebrowser()[pri:0, instance:TEST.Generate_Hourly_Data@7ef82753]" started-at="2023-12-11T16:48:13 IST" name="closebrowser" finished-at="2023-12-11T16:48:14 IST" duration-ms="484" status="PASS">
          <reporter-output>
          </reporter-output>
        </test-method> <!-- closebrowser -->
      </class> <!-- TEST.Generate_Hourly_Data -->
    </test> <!-- Default test -->
  </suite> <!-- Default suite -->
</testng-results>
