<?xml version="1.0" encoding="UTF-8"?>
<!-- Generated by org.testng.reporters.JUnitXMLReporter -->
<testsuite ignored="2" hostname="Rafeeks-MacBook-Air.local" failures="0" tests="1" name="Default test" time="22.878" errors="0" timestamp="2023-06-07T16:45:56 IST">
  <testcase classname="DeviceTest.DeviceTest" name="verifyDYDB" time="6.87"/>
  <testcase classname="DeviceTest.DeviceTest" name="filterDeviceTests" time="0.0">
    <ignored/>
  </testcase> <!-- filterDeviceTests -->
  <testcase classname="DeviceTest.DeviceTest" name="AddingDeviceTests" time="0.0">
    <ignored/>
  </testcase> <!-- AddingDeviceTests -->
</testsuite> <!-- Default test -->
