<?xml version="1.0" encoding="UTF-8"?>
<testsuite xmlns:xsi="http://www.w3.org/2001/XMLSchema-instance" xsi:noNamespaceSchemaLocation="https://maven.apache.org/surefire/maven-surefire-plugin/xsd/surefire-test-report-3.0.xsd" version="3.0" name="TestSuite" time="254.852" tests="2" errors="0" skipped="0" failures="0">
  <properties>
[...]
</properties>
  <testcase name="Alert_Active" classname="Alert_Verify_TestCases.ALert_Verify_TestMethods" time="121.338"/>
  <testcase name="Alert_Close" classname="Alert_Verify_TestCases.ALert_Verify_TestMethods" time="114.873"/>
</testsuite>