<?xml version="1.0" encoding="UTF-8"?>
<testng-results total="2" passed="2" failed="0" skipped="0">
  <reporter-output>
  </reporter-output>
  <suite started-at="2023-11-11T04:11:08Z" name="Suite" finished-at="2023-11-11T04:15:19Z" duration-ms="250423">
    <groups>
    </groups>
    <test started-at="2023-11-11T04:11:08Z" name="Test" finished-at="2023-11-11T04:15:19Z" duration-ms="250423">
      <class name="Alert_Verify_TestCases.ALert_Verify_TestMethods">
        <test-method is-config="true" signature="Beforemethod()[pri:0, instance:Alert_Verify_TestCases.ALert_Verify_TestMethods@784caf33]" started-at="2023-11-11T09:41:08Z" name="Beforemethod" finished-at="2023-11-11T09:41:15Z" duration-ms="7013" status="PASS">
          <reporter-output>
          </reporter-output>
        </test-method> <!-- Beforemethod -->
        <test-method signature="Alert_Active()[pri:0, instance:Alert_Verify_TestCases.ALert_Verify_TestMethods@784caf33]" started-at="2023-11-11T09:41:15Z" name="Alert_Active" finished-at="2023-11-11T09:43:17Z" duration-ms="121335" status="PASS">
          <reporter-output>
          </reporter-output>
        </test-method> <!-- Alert_Active -->
        <test-method is-config="true" signature="Close_Browser()[pri:0, instance:Alert_Verify_TestCases.ALert_Verify_TestMethods@784caf33]" started-at="2023-11-11T09:43:17Z" name="Close_Browser" finished-at="2023-11-11T09:43:17Z" duration-ms="188" status="PASS">
          <reporter-output>
          </reporter-output>
        </test-method> <!-- Close_Browser -->
        <test-method is-config="true" signature="Beforemethod()[pri:0, instance:Alert_Verify_TestCases.ALert_Verify_TestMethods@784caf33]" started-at="2023-11-11T09:43:17Z" name="Beforemethod" finished-at="2023-11-11T09:43:22Z" duration-ms="5453" status="PASS">
          <reporter-output>
          </reporter-output>
        </test-method> <!-- Beforemethod -->
        <test-method signature="Alert_Close()[pri:0, instance:Alert_Verify_TestCases.ALert_Verify_TestMethods@784caf33]" started-at="2023-11-11T09:43:22Z" name="Alert_Close" finished-at="2023-11-11T09:45:17Z" duration-ms="114873" status="PASS">
          <reporter-output>
          </reporter-output>
        </test-method> <!-- Alert_Close -->
        <test-method is-config="true" signature="Close_Browser()[pri:0, instance:Alert_Verify_TestCases.ALert_Verify_TestMethods@784caf33]" started-at="2023-11-11T09:45:17Z" name="Close_Browser" finished-at="2023-11-11T09:45:17Z" duration-ms="151" status="PASS">
          <reporter-output>
          </reporter-output>
        </test-method> <!-- Close_Browser -->
        <test-method is-config="true" signature="Close_All_alert()[pri:0, instance:Alert_Verify_TestCases.ALert_Verify_TestMethods@784caf33]" started-at="2023-11-11T09:45:17Z" name="Close_All_alert" finished-at="2023-11-11T09:45:19Z" duration-ms="1390" status="PASS">
          <reporter-output>
          </reporter-output>
        </test-method> <!-- Close_All_alert -->
      </class> <!-- Alert_Verify_TestCases.ALert_Verify_TestMethods -->
    </test> <!-- Test -->
  </suite> <!-- Suite -->
</testng-results>
