<?xml version="1.0" encoding="UTF-8"?>
<testng-results ignored="17" total="18" passed="1" failed="0" skipped="0">
  <reporter-output>
    <line>
      <![CDATA[launching browser successful=====]]>
    </line>
    <line>
      <![CDATA[login successful]]>
    </line>
    <line>
      <![CDATA[Total item of form reports table: 14]]>
    </line>
    <line>
      <![CDATA[ form Report  table loaded successfully]]>
    </line>
    <line>
      <![CDATA[logout successful]]>
    </line>
    <line>
      <![CDATA[closed browser successfully]]>
    </line>
  </reporter-output>
  <suite started-at="2024-01-12T15:53:35 IST" name="Default suite" finished-at="2024-01-12T15:53:58 IST" duration-ms="23530">
    <groups>
    </groups>
    <test started-at="2024-01-12T15:53:35 IST" name="Default test" finished-at="2024-01-12T15:53:58 IST" duration-ms="23530">
      <class name="FormTest.FormTest">
        <test-method is-config="true" signature="launchBrowser()[pri:0, instance:FormTest.FormTest@606e4010]" started-at="2024-01-12T15:53:35 IST" name="launchBrowser" finished-at="2024-01-12T15:53:44 IST" duration-ms="9213" status="PASS">
          <reporter-output>
            <line>
              <![CDATA[launching browser successful=====]]>
            </line>
          </reporter-output>
        </test-method> <!-- launchBrowser -->
        <test-method is-config="true" signature="login()[pri:0, instance:FormTest.FormTest@606e4010]" started-at="2024-01-12T15:53:44 IST" name="login" finished-at="2024-01-12T15:53:45 IST" duration-ms="796" status="PASS">
          <reporter-output>
            <line>
              <![CDATA[login successful]]>
            </line>
          </reporter-output>
        </test-method> <!-- login -->
        <test-method signature="loadFormReport()[pri:1, instance:FormTest.FormTest@606e4010]" started-at="2024-01-12T15:53:45 IST" name="loadFormReport" finished-at="2024-01-12T15:53:57 IST" duration-ms="12014" status="PASS">
          <reporter-output>
            <line>
              <![CDATA[Total item of form reports table: 14]]>
            </line>
            <line>
              <![CDATA[ form Report  table loaded successfully]]>
            </line>
          </reporter-output>
        </test-method> <!-- loadFormReport -->
        <test-method is-config="true" signature="logout()[pri:0, instance:FormTest.FormTest@606e4010]" started-at="2024-01-12T15:53:57 IST" name="logout" finished-at="2024-01-12T15:53:58 IST" duration-ms="1210" status="PASS">
          <reporter-output>
            <line>
              <![CDATA[logout successful]]>
            </line>
          </reporter-output>
        </test-method> <!-- logout -->
        <test-method is-config="true" signature="closebrowser()[pri:0, instance:FormTest.FormTest@606e4010]" started-at="2024-01-12T15:53:58 IST" name="closebrowser" finished-at="2024-01-12T15:53:58 IST" duration-ms="232" status="PASS">
          <reporter-output>
            <line>
              <![CDATA[closed browser successfully]]>
            </line>
          </reporter-output>
        </test-method> <!-- closebrowser -->
      </class> <!-- FormTest.FormTest -->
    </test> <!-- Default test -->
  </suite> <!-- Default suite -->
</testng-results>
