<?xml version="1.0" encoding="UTF-8"?>
<testng-results ignored="2" total="19" passed="17" failed="0" skipped="0">
  <reporter-output>
    <line>
      <![CDATA[launching browser successful=====]]>
    </line>
    <line>
      <![CDATA[login successful]]>
    </line>
    <line>
      <![CDATA[Total item of ticket reports table: 19]]>
    </line>
    <line>
      <![CDATA[ Ticket Report  table loaded successfully]]>
    </line>
    <line>
      <![CDATA[Logout successful]]>
    </line>
    <line>
      <![CDATA[login successful]]>
    </line>
    <line>
      <![CDATA[ form Report  table loaded successfully]]>
    </line>
    <line>
      <![CDATA[Logout successful]]>
    </line>
    <line>
      <![CDATA[login successful]]>
    </line>
    <line>
      <![CDATA[Total item of form parameter table: 18]]>
    </line>
    <line>
      <![CDATA[form parameter table loaded successfully]]>
    </line>
    <line>
      <![CDATA[Logout successful]]>
    </line>
    <line>
      <![CDATA[login successful]]>
    </line>
    <line>
      <![CDATA[Total item of formtype table: 4]]>
    </line>
    <line>
      <![CDATA[form type table loaded successfully]]>
    </line>
    <line>
      <![CDATA[Logout successful]]>
    </line>
    <line>
      <![CDATA[login successful]]>
    </line>
    <line>
      <![CDATA[Total item of form user permission table: 5]]>
    </line>
    <line>
      <![CDATA[form user permission table loaded successfully]]>
    </line>
    <line>
      <![CDATA[Logout successful]]>
    </line>
    <line>
      <![CDATA[login successful]]>
    </line>
    <line>
      <![CDATA[Total item of department table: 3]]>
    </line>
    <line>
      <![CDATA[department table loaded successfully]]>
    </line>
    <line>
      <![CDATA[Logout successful]]>
    </line>
    <line>
      <![CDATA[login successful]]>
    </line>
    <line>
      <![CDATA[Total item of sub department table: 3]]>
    </line>
    <line>
      <![CDATA[sub department table loaded successfully]]>
    </line>
    <line>
      <![CDATA[Logout successful]]>
    </line>
    <line>
      <![CDATA[login successful]]>
    </line>
    <line>
      <![CDATA[Total item of role table: 3]]>
    </line>
    <line>
      <![CDATA[role  table loaded successfully]]>
    </line>
    <line>
      <![CDATA[Logout successful]]>
    </line>
    <line>
      <![CDATA[login successful]]>
    </line>
    <line>
      <![CDATA[Total item of manufacture table: 1]]>
    </line>
    <line>
      <![CDATA[manufacture table loaded successfully]]>
    </line>
    <line>
      <![CDATA[Logout successful]]>
    </line>
    <line>
      <![CDATA[login successful]]>
    </line>
    <line>
      <![CDATA[Total item of Model table: 1]]>
    </line>
    <line>
      <![CDATA[model table loaded successfully]]>
    </line>
    <line>
      <![CDATA[Logout successful]]>
    </line>
    <line>
      <![CDATA[login successful]]>
    </line>
    <line>
      <![CDATA[Total item of MQTT table: 1]]>
    </line>
    <line>
      <![CDATA[mqtt broker table loaded successfully]]>
    </line>
    <line>
      <![CDATA[Logout successful]]>
    </line>
    <line>
      <![CDATA[login successful]]>
    </line>
    <line>
      <![CDATA[Total item of Priority table: 1]]>
    </line>
    <line>
      <![CDATA[priority table loaded successfully]]>
    </line>
    <line>
      <![CDATA[Logout successful]]>
    </line>
    <line>
      <![CDATA[login successful]]>
    </line>
    <line>
      <![CDATA[Total item of Location Type table: 1]]>
    </line>
    <line>
      <![CDATA[location type   table loaded successfully]]>
    </line>
    <line>
      <![CDATA[Logout successful]]>
    </line>
    <line>
      <![CDATA[login successful]]>
    </line>
    <line>
      <![CDATA[Total item of LocationPage table: 1]]>
    </line>
    <line>
      <![CDATA[location  table loaded successfully]]>
    </line>
    <line>
      <![CDATA[Logout successful]]>
    </line>
    <line>
      <![CDATA[login successful]]>
    </line>
    <line>
      <![CDATA[Total item of Problem table: 4]]>
    </line>
    <line>
      <![CDATA[location  table loaded successfully]]>
    </line>
    <line>
      <![CDATA[problem table loaded successfully]]>
    </line>
    <line>
      <![CDATA[Logout successful]]>
    </line>
    <line>
      <![CDATA[login successful]]>
    </line>
    <line>
      <![CDATA[Total item of Asset Map table: 4]]>
    </line>
    <line>
      <![CDATA[asset map table loaded successfully]]>
    </line>
    <line>
      <![CDATA[Logout successful]]>
    </line>
    <line>
      <![CDATA[login successful]]>
    </line>
    <line>
      <![CDATA[Total item of User table: 6]]>
    </line>
    <line>
      <![CDATA[  user table loaded successfully]]>
    </line>
    <line>
      <![CDATA[Logout successful]]>
    </line>
    <line>
      <![CDATA[Closed browser successfully]]>
    </line>
  </reporter-output>
  <suite started-at="2024-04-23T16:46:35 IST" name="Default suite" finished-at="2024-04-23T16:48:18 IST" duration-ms="103054">
    <groups>
    </groups>
    <test started-at="2024-04-23T16:46:35 IST" name="Default test" finished-at="2024-04-23T16:48:18 IST" duration-ms="103054">
      <class name="PingTest.FormTests">
        <test-method is-config="true" signature="launchBrowser()[pri:0, instance:PingTest.FormTests@433defed]" started-at="2024-04-23T16:46:35 IST" name="launchBrowser" finished-at="2024-04-23T16:46:43 IST" duration-ms="8030" status="PASS">
          <reporter-output>
            <line>
              <![CDATA[launching browser successful=====]]>
            </line>
          </reporter-output>
        </test-method> <!-- launchBrowser -->
        <test-method is-config="true" signature="login()[pri:0, instance:PingTest.FormTests@433defed]" started-at="2024-04-23T16:46:43 IST" name="login" finished-at="2024-04-23T16:46:44 IST" duration-ms="626" status="PASS">
          <reporter-output>
            <line>
              <![CDATA[login successful]]>
            </line>
          </reporter-output>
        </test-method> <!-- login -->
        <test-method signature="loadTicketReportTest(org.testng.ITestContext)[pri:0, instance:PingTest.FormTests@433defed]" started-at="2024-04-23T16:46:44 IST" name="loadTicketReportTest" finished-at="2024-04-23T16:46:50 IST" duration-ms="5936" status="PASS">
          <params>
            <param index="0">
              <value>
                <![CDATA[org.testng.TestRunner@2cc75074]]>
              </value>
            </param>
          </params>
          <reporter-output>
            <line>
              <![CDATA[Total item of ticket reports table: 19]]>
            </line>
            <line>
              <![CDATA[ Ticket Report  table loaded successfully]]>
            </line>
          </reporter-output>
        </test-method> <!-- loadTicketReportTest -->
        <test-method is-config="true" signature="logout()[pri:0, instance:PingTest.FormTests@433defed]" started-at="2024-04-23T16:46:50 IST" name="logout" finished-at="2024-04-23T16:46:51 IST" duration-ms="1217" status="PASS">
          <reporter-output>
            <line>
              <![CDATA[Logout successful]]>
            </line>
          </reporter-output>
        </test-method> <!-- logout -->
        <test-method is-config="true" signature="login()[pri:0, instance:PingTest.FormTests@433defed]" started-at="2024-04-23T16:46:51 IST" name="login" finished-at="2024-04-23T16:46:52 IST" duration-ms="492" status="PASS">
          <reporter-output>
            <line>
              <![CDATA[login successful]]>
            </line>
          </reporter-output>
        </test-method> <!-- login -->
        <test-method signature="loadFormReportTest(org.testng.ITestContext)[pri:1, instance:PingTest.FormTests@433defed]" started-at="2024-04-23T16:46:52 IST" name="loadFormReportTest" finished-at="2024-04-23T16:46:57 IST" duration-ms="5919" status="PASS">
          <params>
            <param index="0">
              <value>
                <![CDATA[org.testng.TestRunner@2cc75074]]>
              </value>
            </param>
          </params>
          <reporter-output>
            <line>
              <![CDATA[ form Report  table loaded successfully]]>
            </line>
          </reporter-output>
        </test-method> <!-- loadFormReportTest -->
        <test-method is-config="true" signature="logout()[pri:0, instance:PingTest.FormTests@433defed]" started-at="2024-04-23T16:46:57 IST" name="logout" finished-at="2024-04-23T16:46:59 IST" duration-ms="1165" status="PASS">
          <reporter-output>
            <line>
              <![CDATA[Logout successful]]>
            </line>
          </reporter-output>
        </test-method> <!-- logout -->
        <test-method is-config="true" signature="login()[pri:0, instance:PingTest.FormTests@433defed]" started-at="2024-04-23T16:46:59 IST" name="login" finished-at="2024-04-23T16:46:59 IST" duration-ms="500" status="PASS">
          <reporter-output>
            <line>
              <![CDATA[login successful]]>
            </line>
          </reporter-output>
        </test-method> <!-- login -->
        <test-method signature="loadFormParameterTest(org.testng.ITestContext)[pri:2, instance:PingTest.FormTests@433defed]" started-at="2024-04-23T16:46:59 IST" name="loadFormParameterTest" finished-at="2024-04-23T16:47:02 IST" duration-ms="3361" status="PASS">
          <params>
            <param index="0">
              <value>
                <![CDATA[org.testng.TestRunner@2cc75074]]>
              </value>
            </param>
          </params>
          <reporter-output>
            <line>
              <![CDATA[Total item of form parameter table: 18]]>
            </line>
            <line>
              <![CDATA[form parameter table loaded successfully]]>
            </line>
          </reporter-output>
        </test-method> <!-- loadFormParameterTest -->
        <test-method is-config="true" signature="logout()[pri:0, instance:PingTest.FormTests@433defed]" started-at="2024-04-23T16:47:02 IST" name="logout" finished-at="2024-04-23T16:47:04 IST" duration-ms="1211" status="PASS">
          <reporter-output>
            <line>
              <![CDATA[Logout successful]]>
            </line>
          </reporter-output>
        </test-method> <!-- logout -->
        <test-method is-config="true" signature="login()[pri:0, instance:PingTest.FormTests@433defed]" started-at="2024-04-23T16:47:04 IST" name="login" finished-at="2024-04-23T16:47:04 IST" duration-ms="512" status="PASS">
          <reporter-output>
            <line>
              <![CDATA[login successful]]>
            </line>
          </reporter-output>
        </test-method> <!-- login -->
        <test-method signature="loadFormTypeTest(org.testng.ITestContext)[pri:3, instance:PingTest.FormTests@433defed]" started-at="2024-04-23T16:47:04 IST" name="loadFormTypeTest" finished-at="2024-04-23T16:47:07 IST" duration-ms="2961" status="PASS">
          <params>
            <param index="0">
              <value>
                <![CDATA[org.testng.TestRunner@2cc75074]]>
              </value>
            </param>
          </params>
          <reporter-output>
            <line>
              <![CDATA[Total item of formtype table: 4]]>
            </line>
            <line>
              <![CDATA[form type table loaded successfully]]>
            </line>
          </reporter-output>
        </test-method> <!-- loadFormTypeTest -->
        <test-method is-config="true" signature="logout()[pri:0, instance:PingTest.FormTests@433defed]" started-at="2024-04-23T16:47:07 IST" name="logout" finished-at="2024-04-23T16:47:08 IST" duration-ms="1156" status="PASS">
          <reporter-output>
            <line>
              <![CDATA[Logout successful]]>
            </line>
          </reporter-output>
        </test-method> <!-- logout -->
        <test-method is-config="true" signature="login()[pri:0, instance:PingTest.FormTests@433defed]" started-at="2024-04-23T16:47:08 IST" name="login" finished-at="2024-04-23T16:47:09 IST" duration-ms="474" status="PASS">
          <reporter-output>
            <line>
              <![CDATA[login successful]]>
            </line>
          </reporter-output>
        </test-method> <!-- login -->
        <test-method signature="loadFormuserPermissionTest(org.testng.ITestContext)[pri:4, instance:PingTest.FormTests@433defed]" started-at="2024-04-23T16:47:09 IST" name="loadFormuserPermissionTest" finished-at="2024-04-23T16:47:11 IST" duration-ms="1996" status="PASS">
          <params>
            <param index="0">
              <value>
                <![CDATA[org.testng.TestRunner@2cc75074]]>
              </value>
            </param>
          </params>
          <reporter-output>
            <line>
              <![CDATA[Total item of form user permission table: 5]]>
            </line>
            <line>
              <![CDATA[form user permission table loaded successfully]]>
            </line>
          </reporter-output>
        </test-method> <!-- loadFormuserPermissionTest -->
        <test-method is-config="true" signature="logout()[pri:0, instance:PingTest.FormTests@433defed]" started-at="2024-04-23T16:47:11 IST" name="logout" finished-at="2024-04-23T16:47:12 IST" duration-ms="1209" status="PASS">
          <reporter-output>
            <line>
              <![CDATA[Logout successful]]>
            </line>
          </reporter-output>
        </test-method> <!-- logout -->
        <test-method is-config="true" signature="login()[pri:0, instance:PingTest.FormTests@433defed]" started-at="2024-04-23T16:47:12 IST" name="login" finished-at="2024-04-23T16:47:12 IST" duration-ms="457" status="PASS">
          <reporter-output>
            <line>
              <![CDATA[login successful]]>
            </line>
          </reporter-output>
        </test-method> <!-- login -->
        <test-method signature="loadDepartmentTableTest(org.testng.ITestContext)[pri:5, instance:PingTest.FormTests@433defed]" started-at="2024-04-23T16:47:12 IST" name="loadDepartmentTableTest" finished-at="2024-04-23T16:47:17 IST" duration-ms="4485" status="PASS">
          <params>
            <param index="0">
              <value>
                <![CDATA[org.testng.TestRunner@2cc75074]]>
              </value>
            </param>
          </params>
          <reporter-output>
            <line>
              <![CDATA[Total item of department table: 3]]>
            </line>
            <line>
              <![CDATA[department table loaded successfully]]>
            </line>
          </reporter-output>
        </test-method> <!-- loadDepartmentTableTest -->
        <test-method is-config="true" signature="logout()[pri:0, instance:PingTest.FormTests@433defed]" started-at="2024-04-23T16:47:17 IST" name="logout" finished-at="2024-04-23T16:47:18 IST" duration-ms="1202" status="PASS">
          <reporter-output>
            <line>
              <![CDATA[Logout successful]]>
            </line>
          </reporter-output>
        </test-method> <!-- logout -->
        <test-method is-config="true" signature="login()[pri:0, instance:PingTest.FormTests@433defed]" started-at="2024-04-23T16:47:18 IST" name="login" finished-at="2024-04-23T16:47:19 IST" duration-ms="457" status="PASS">
          <reporter-output>
            <line>
              <![CDATA[login successful]]>
            </line>
          </reporter-output>
        </test-method> <!-- login -->
        <test-method signature="addSubDepartmentTest(org.testng.ITestContext)[pri:6, instance:PingTest.FormTests@433defed]" started-at="2024-04-23T16:47:19 IST" name="addSubDepartmentTest" finished-at="2024-04-23T16:47:22 IST" duration-ms="3660" status="PASS">
          <params>
            <param index="0">
              <value>
                <![CDATA[org.testng.TestRunner@2cc75074]]>
              </value>
            </param>
          </params>
          <reporter-output>
            <line>
              <![CDATA[Total item of sub department table: 3]]>
            </line>
            <line>
              <![CDATA[sub department table loaded successfully]]>
            </line>
          </reporter-output>
        </test-method> <!-- addSubDepartmentTest -->
        <test-method is-config="true" signature="logout()[pri:0, instance:PingTest.FormTests@433defed]" started-at="2024-04-23T16:47:22 IST" name="logout" finished-at="2024-04-23T16:47:23 IST" duration-ms="1155" status="PASS">
          <reporter-output>
            <line>
              <![CDATA[Logout successful]]>
            </line>
          </reporter-output>
        </test-method> <!-- logout -->
        <test-method is-config="true" signature="login()[pri:0, instance:PingTest.FormTests@433defed]" started-at="2024-04-23T16:47:23 IST" name="login" finished-at="2024-04-23T16:47:24 IST" duration-ms="545" status="PASS">
          <reporter-output>
            <line>
              <![CDATA[login successful]]>
            </line>
          </reporter-output>
        </test-method> <!-- login -->
        <test-method signature="loadRoleTableTest(org.testng.ITestContext)[pri:7, instance:PingTest.FormTests@433defed]" started-at="2024-04-23T16:47:24 IST" name="loadRoleTableTest" finished-at="2024-04-23T16:47:28 IST" duration-ms="3844" status="PASS">
          <params>
            <param index="0">
              <value>
                <![CDATA[org.testng.TestRunner@2cc75074]]>
              </value>
            </param>
          </params>
          <reporter-output>
            <line>
              <![CDATA[Total item of role table: 3]]>
            </line>
            <line>
              <![CDATA[role  table loaded successfully]]>
            </line>
          </reporter-output>
        </test-method> <!-- loadRoleTableTest -->
        <test-method is-config="true" signature="logout()[pri:0, instance:PingTest.FormTests@433defed]" started-at="2024-04-23T16:47:28 IST" name="logout" finished-at="2024-04-23T16:47:29 IST" duration-ms="1246" status="PASS">
          <reporter-output>
            <line>
              <![CDATA[Logout successful]]>
            </line>
          </reporter-output>
        </test-method> <!-- logout -->
        <test-method is-config="true" signature="login()[pri:0, instance:PingTest.FormTests@433defed]" started-at="2024-04-23T16:47:29 IST" name="login" finished-at="2024-04-23T16:47:30 IST" duration-ms="538" status="PASS">
          <reporter-output>
            <line>
              <![CDATA[login successful]]>
            </line>
          </reporter-output>
        </test-method> <!-- login -->
        <test-method signature="loadManufactureTableTest(org.testng.ITestContext)[pri:8, instance:PingTest.FormTests@433defed]" started-at="2024-04-23T16:47:30 IST" name="loadManufactureTableTest" finished-at="2024-04-23T16:47:33 IST" duration-ms="3402" status="PASS">
          <params>
            <param index="0">
              <value>
                <![CDATA[org.testng.TestRunner@2cc75074]]>
              </value>
            </param>
          </params>
          <reporter-output>
            <line>
              <![CDATA[Total item of manufacture table: 1]]>
            </line>
            <line>
              <![CDATA[manufacture table loaded successfully]]>
            </line>
          </reporter-output>
        </test-method> <!-- loadManufactureTableTest -->
        <test-method is-config="true" signature="logout()[pri:0, instance:PingTest.FormTests@433defed]" started-at="2024-04-23T16:47:33 IST" name="logout" finished-at="2024-04-23T16:47:34 IST" duration-ms="1186" status="PASS">
          <reporter-output>
            <line>
              <![CDATA[Logout successful]]>
            </line>
          </reporter-output>
        </test-method> <!-- logout -->
        <test-method is-config="true" signature="login()[pri:0, instance:PingTest.FormTests@433defed]" started-at="2024-04-23T16:47:34 IST" name="login" finished-at="2024-04-23T16:47:35 IST" duration-ms="508" status="PASS">
          <reporter-output>
            <line>
              <![CDATA[login successful]]>
            </line>
          </reporter-output>
        </test-method> <!-- login -->
        <test-method signature="loadModelTableTest(org.testng.ITestContext)[pri:9, instance:PingTest.FormTests@433defed]" started-at="2024-04-23T16:47:35 IST" name="loadModelTableTest" finished-at="2024-04-23T16:47:38 IST" duration-ms="3481" status="PASS">
          <params>
            <param index="0">
              <value>
                <![CDATA[org.testng.TestRunner@2cc75074]]>
              </value>
            </param>
          </params>
          <reporter-output>
            <line>
              <![CDATA[Total item of Model table: 1]]>
            </line>
            <line>
              <![CDATA[model table loaded successfully]]>
            </line>
          </reporter-output>
        </test-method> <!-- loadModelTableTest -->
        <test-method is-config="true" signature="logout()[pri:0, instance:PingTest.FormTests@433defed]" started-at="2024-04-23T16:47:38 IST" name="logout" finished-at="2024-04-23T16:47:39 IST" duration-ms="1149" status="PASS">
          <reporter-output>
            <line>
              <![CDATA[Logout successful]]>
            </line>
          </reporter-output>
        </test-method> <!-- logout -->
        <test-method is-config="true" signature="login()[pri:0, instance:PingTest.FormTests@433defed]" started-at="2024-04-23T16:47:39 IST" name="login" finished-at="2024-04-23T16:47:40 IST" duration-ms="459" status="PASS">
          <reporter-output>
            <line>
              <![CDATA[login successful]]>
            </line>
          </reporter-output>
        </test-method> <!-- login -->
        <test-method signature="loadMQTTTableTest(org.testng.ITestContext)[pri:10, instance:PingTest.FormTests@433defed]" started-at="2024-04-23T16:47:40 IST" name="loadMQTTTableTest" finished-at="2024-04-23T16:47:43 IST" duration-ms="2893" status="PASS">
          <params>
            <param index="0">
              <value>
                <![CDATA[org.testng.TestRunner@2cc75074]]>
              </value>
            </param>
          </params>
          <reporter-output>
            <line>
              <![CDATA[Total item of MQTT table: 1]]>
            </line>
            <line>
              <![CDATA[mqtt broker table loaded successfully]]>
            </line>
          </reporter-output>
        </test-method> <!-- loadMQTTTableTest -->
        <test-method is-config="true" signature="logout()[pri:0, instance:PingTest.FormTests@433defed]" started-at="2024-04-23T16:47:43 IST" name="logout" finished-at="2024-04-23T16:47:44 IST" duration-ms="1218" status="PASS">
          <reporter-output>
            <line>
              <![CDATA[Logout successful]]>
            </line>
          </reporter-output>
        </test-method> <!-- logout -->
        <test-method is-config="true" signature="login()[pri:0, instance:PingTest.FormTests@433defed]" started-at="2024-04-23T16:47:44 IST" name="login" finished-at="2024-04-23T16:47:44 IST" duration-ms="472" status="PASS">
          <reporter-output>
            <line>
              <![CDATA[login successful]]>
            </line>
          </reporter-output>
        </test-method> <!-- login -->
        <test-method signature="loadPriorityTableTest(org.testng.ITestContext)[pri:11, instance:PingTest.FormTests@433defed]" started-at="2024-04-23T16:47:44 IST" name="loadPriorityTableTest" finished-at="2024-04-23T16:47:48 IST" duration-ms="3489" status="PASS">
          <params>
            <param index="0">
              <value>
                <![CDATA[org.testng.TestRunner@2cc75074]]>
              </value>
            </param>
          </params>
          <reporter-output>
            <line>
              <![CDATA[Total item of Priority table: 1]]>
            </line>
            <line>
              <![CDATA[priority table loaded successfully]]>
            </line>
          </reporter-output>
        </test-method> <!-- loadPriorityTableTest -->
        <test-method is-config="true" signature="logout()[pri:0, instance:PingTest.FormTests@433defed]" started-at="2024-04-23T16:47:48 IST" name="logout" finished-at="2024-04-23T16:47:49 IST" duration-ms="1180" status="PASS">
          <reporter-output>
            <line>
              <![CDATA[Logout successful]]>
            </line>
          </reporter-output>
        </test-method> <!-- logout -->
        <test-method is-config="true" signature="login()[pri:0, instance:PingTest.FormTests@433defed]" started-at="2024-04-23T16:47:49 IST" name="login" finished-at="2024-04-23T16:47:50 IST" duration-ms="479" status="PASS">
          <reporter-output>
            <line>
              <![CDATA[login successful]]>
            </line>
          </reporter-output>
        </test-method> <!-- login -->
        <test-method signature="loadLocationTypeTableTest(org.testng.ITestContext)[pri:12, instance:PingTest.FormTests@433defed]" started-at="2024-04-23T16:47:50 IST" name="loadLocationTypeTableTest" finished-at="2024-04-23T16:47:54 IST" duration-ms="4718" status="PASS">
          <params>
            <param index="0">
              <value>
                <![CDATA[org.testng.TestRunner@2cc75074]]>
              </value>
            </param>
          </params>
          <reporter-output>
            <line>
              <![CDATA[Total item of Location Type table: 1]]>
            </line>
            <line>
              <![CDATA[location type   table loaded successfully]]>
            </line>
          </reporter-output>
        </test-method> <!-- loadLocationTypeTableTest -->
        <test-method is-config="true" signature="logout()[pri:0, instance:PingTest.FormTests@433defed]" started-at="2024-04-23T16:47:54 IST" name="logout" finished-at="2024-04-23T16:47:55 IST" duration-ms="1159" status="PASS">
          <reporter-output>
            <line>
              <![CDATA[Logout successful]]>
            </line>
          </reporter-output>
        </test-method> <!-- logout -->
        <test-method is-config="true" signature="login()[pri:0, instance:PingTest.FormTests@433defed]" started-at="2024-04-23T16:47:55 IST" name="login" finished-at="2024-04-23T16:47:56 IST" duration-ms="485" status="PASS">
          <reporter-output>
            <line>
              <![CDATA[login successful]]>
            </line>
          </reporter-output>
        </test-method> <!-- login -->
        <test-method signature="loadLocationTable(org.testng.ITestContext)[pri:13, instance:PingTest.FormTests@433defed]" started-at="2024-04-23T16:47:56 IST" name="loadLocationTable" finished-at="2024-04-23T16:48:00 IST" duration-ms="3625" status="PASS">
          <params>
            <param index="0">
              <value>
                <![CDATA[org.testng.TestRunner@2cc75074]]>
              </value>
            </param>
          </params>
          <reporter-output>
            <line>
              <![CDATA[Total item of LocationPage table: 1]]>
            </line>
            <line>
              <![CDATA[location  table loaded successfully]]>
            </line>
          </reporter-output>
        </test-method> <!-- loadLocationTable -->
        <test-method is-config="true" signature="logout()[pri:0, instance:PingTest.FormTests@433defed]" started-at="2024-04-23T16:48:00 IST" name="logout" finished-at="2024-04-23T16:48:01 IST" duration-ms="1170" status="PASS">
          <reporter-output>
            <line>
              <![CDATA[Logout successful]]>
            </line>
          </reporter-output>
        </test-method> <!-- logout -->
        <test-method is-config="true" signature="login()[pri:0, instance:PingTest.FormTests@433defed]" started-at="2024-04-23T16:48:01 IST" name="login" finished-at="2024-04-23T16:48:01 IST" duration-ms="462" status="PASS">
          <reporter-output>
            <line>
              <![CDATA[login successful]]>
            </line>
          </reporter-output>
        </test-method> <!-- login -->
        <test-method signature="loadProblemTableTest(org.testng.ITestContext)[pri:14, instance:PingTest.FormTests@433defed]" started-at="2024-04-23T16:48:01 IST" name="loadProblemTableTest" finished-at="2024-04-23T16:48:05 IST" duration-ms="3486" status="PASS">
          <params>
            <param index="0">
              <value>
                <![CDATA[org.testng.TestRunner@2cc75074]]>
              </value>
            </param>
          </params>
          <reporter-output>
            <line>
              <![CDATA[Total item of Problem table: 4]]>
            </line>
            <line>
              <![CDATA[location  table loaded successfully]]>
            </line>
            <line>
              <![CDATA[problem table loaded successfully]]>
            </line>
          </reporter-output>
        </test-method> <!-- loadProblemTableTest -->
        <test-method is-config="true" signature="logout()[pri:0, instance:PingTest.FormTests@433defed]" started-at="2024-04-23T16:48:05 IST" name="logout" finished-at="2024-04-23T16:48:06 IST" duration-ms="1153" status="PASS">
          <reporter-output>
            <line>
              <![CDATA[Logout successful]]>
            </line>
          </reporter-output>
        </test-method> <!-- logout -->
        <test-method is-config="true" signature="login()[pri:0, instance:PingTest.FormTests@433defed]" started-at="2024-04-23T16:48:06 IST" name="login" finished-at="2024-04-23T16:48:06 IST" duration-ms="532" status="PASS">
          <reporter-output>
            <line>
              <![CDATA[login successful]]>
            </line>
          </reporter-output>
        </test-method> <!-- login -->
        <test-method signature="loadAssetMapTableTest(org.testng.ITestContext)[pri:15, instance:PingTest.FormTests@433defed]" started-at="2024-04-23T16:48:06 IST" name="loadAssetMapTableTest" finished-at="2024-04-23T16:48:10 IST" duration-ms="3710" status="PASS">
          <params>
            <param index="0">
              <value>
                <![CDATA[org.testng.TestRunner@2cc75074]]>
              </value>
            </param>
          </params>
          <reporter-output>
            <line>
              <![CDATA[Total item of Asset Map table: 4]]>
            </line>
            <line>
              <![CDATA[asset map table loaded successfully]]>
            </line>
          </reporter-output>
        </test-method> <!-- loadAssetMapTableTest -->
        <test-method is-config="true" signature="logout()[pri:0, instance:PingTest.FormTests@433defed]" started-at="2024-04-23T16:48:10 IST" name="logout" finished-at="2024-04-23T16:48:11 IST" duration-ms="1169" status="PASS">
          <reporter-output>
            <line>
              <![CDATA[Logout successful]]>
            </line>
          </reporter-output>
        </test-method> <!-- logout -->
        <test-method is-config="true" signature="login()[pri:0, instance:PingTest.FormTests@433defed]" started-at="2024-04-23T16:48:11 IST" name="login" finished-at="2024-04-23T16:48:12 IST" duration-ms="530" status="PASS">
          <reporter-output>
            <line>
              <![CDATA[login successful]]>
            </line>
          </reporter-output>
        </test-method> <!-- login -->
        <test-method signature="loadUserTableTest(org.testng.ITestContext)[pri:16, instance:PingTest.FormTests@433defed]" started-at="2024-04-23T16:48:12 IST" name="loadUserTableTest" finished-at="2024-04-23T16:48:17 IST" duration-ms="4926" status="PASS">
          <params>
            <param index="0">
              <value>
                <![CDATA[org.testng.TestRunner@2cc75074]]>
              </value>
            </param>
          </params>
          <reporter-output>
            <line>
              <![CDATA[Total item of User table: 6]]>
            </line>
            <line>
              <![CDATA[  user table loaded successfully]]>
            </line>
          </reporter-output>
        </test-method> <!-- loadUserTableTest -->
        <test-method is-config="true" signature="logout()[pri:0, instance:PingTest.FormTests@433defed]" started-at="2024-04-23T16:48:17 IST" name="logout" finished-at="2024-04-23T16:48:18 IST" duration-ms="1212" status="PASS">
          <reporter-output>
            <line>
              <![CDATA[Logout successful]]>
            </line>
          </reporter-output>
        </test-method> <!-- logout -->
        <test-method is-config="true" signature="closeBrowser()[pri:0, instance:PingTest.FormTests@433defed]" started-at="2024-04-23T16:48:18 IST" name="closeBrowser" finished-at="2024-04-23T16:48:18 IST" duration-ms="331" status="PASS">
          <reporter-output>
            <line>
              <![CDATA[Closed browser successfully]]>
            </line>
          </reporter-output>
        </test-method> <!-- closeBrowser -->
        <test-method is-config="true" signature="sentemail()[pri:0, instance:PingTest.FormTests@433defed]" started-at="2024-04-23T16:48:18 IST" name="sentemail" finished-at="2024-04-23T16:48:18 IST" duration-ms="1" status="PASS">
          <reporter-output>
          </reporter-output>
        </test-method> <!-- sentemail -->
      </class> <!-- PingTest.FormTests -->
    </test> <!-- Default test -->
  </suite> <!-- Default suite -->
</testng-results>
